
Processing configuration file /home/italo/LSD/Work/model_jeec/Data_analysis/Base_scen/S2.lsd ...

Simulation 1 of 100 running...
Command sent to system was: Rscript /home/italo/LSD/Work/model_jeec/Data_analysis/Base_scen/init_cond/get_init.R S2 /home/italo/LSD/Work/model_jeec/Data_analysis/Base_scen/init_cond/# A tibble: 1 x 19
     gss    uT     A      S    INV     L      P     w     Df  etaf   nwB      B
   <dbl> <dbl> <dbl>  <dbl>  <dbl> <dbl>  <dbl> <dbl>  <dbl> <dbl> <dbl>  <dbl>
1 0.0302  0.80  6.12 5.33e5 1.07e5 30000 0.0697 0.294 28206. 0.286 3855. 18652.
# … with 7 more variables: Bh <dbl>, Bb <dbl>, Dh <dbl>, spread <dbl>,
#   tau1 <dbl>, V <dbl>, alpha2 <dbl>

R code successfully run...
Simulation 1 of 100 finished at t = 520 (36.12 sec.)
Saving results in file /home/italo/LSD/Work/model_jeec/Data_analysis/Base_scen/S2_101.res.gz... Done

Simulation 2 of 100 running...
Command sent to system was: Rscript /home/italo/LSD/Work/model_jeec/Data_analysis/Base_scen/init_cond/get_init.R S2 /home/italo/LSD/Work/model_jeec/Data_analysis/Base_scen/init_cond/# A tibble: 1 x 19
     gss    uT     A      S    INV     L      P     w     Df  etaf   nwB      B
   <dbl> <dbl> <dbl>  <dbl>  <dbl> <dbl>  <dbl> <dbl>  <dbl> <dbl> <dbl>  <dbl>
1 0.0302  0.80  6.12 5.33e5 1.07e5 30000 0.0697 0.294 28206. 0.286 3855. 18652.
# … with 7 more variables: Bh <dbl>, Bb <dbl>, Dh <dbl>, spread <dbl>,
#   tau1 <dbl>, V <dbl>, alpha2 <dbl>

R code successfully run...
Simulation 2 of 100 finished at t = 520 (36.62 sec.)
Saving results in file /home/italo/LSD/Work/model_jeec/Data_analysis/Base_scen/S2_102.res.gz... Done

Simulation 3 of 100 running...
Command sent to system was: Rscript /home/italo/LSD/Work/model_jeec/Data_analysis/Base_scen/init_cond/get_init.R S2 /home/italo/LSD/Work/model_jeec/Data_analysis/Base_scen/init_cond/# A tibble: 1 x 19
     gss    uT     A      S    INV     L      P     w     Df  etaf   nwB      B
   <dbl> <dbl> <dbl>  <dbl>  <dbl> <dbl>  <dbl> <dbl>  <dbl> <dbl> <dbl>  <dbl>
1 0.0302  0.80  6.12 5.33e5 1.07e5 30000 0.0697 0.294 28206. 0.286 3855. 18652.
# … with 7 more variables: Bh <dbl>, Bb <dbl>, Dh <dbl>, spread <dbl>,
#   tau1 <dbl>, V <dbl>, alpha2 <dbl>

R code successfully run...
Simulation 3 of 100 finished at t = 520 (37.23 sec.)
Saving results in file /home/italo/LSD/Work/model_jeec/Data_analysis/Base_scen/S2_103.res.gz... Done

Simulation 4 of 100 running...
Command sent to system was: Rscript /home/italo/LSD/Work/model_jeec/Data_analysis/Base_scen/init_cond/get_init.R S2 /home/italo/LSD/Work/model_jeec/Data_analysis/Base_scen/init_cond/# A tibble: 1 x 19
     gss    uT     A      S    INV     L      P     w     Df  etaf   nwB      B
   <dbl> <dbl> <dbl>  <dbl>  <dbl> <dbl>  <dbl> <dbl>  <dbl> <dbl> <dbl>  <dbl>
1 0.0302  0.80  6.12 5.33e5 1.07e5 30000 0.0697 0.294 28206. 0.286 3855. 18652.
# … with 7 more variables: Bh <dbl>, Bb <dbl>, Dh <dbl>, spread <dbl>,
#   tau1 <dbl>, V <dbl>, alpha2 <dbl>

R code successfully run...
Simulation 4 of 100 finished at t = 520 (37.60 sec.)
Saving results in file /home/italo/LSD/Work/model_jeec/Data_analysis/Base_scen/S2_104.res.gz... Done

Simulation 5 of 100 running...
Command sent to system was: Rscript /home/italo/LSD/Work/model_jeec/Data_analysis/Base_scen/init_cond/get_init.R S2 /home/italo/LSD/Work/model_jeec/Data_analysis/Base_scen/init_cond/# A tibble: 1 x 19
     gss    uT     A      S    INV     L      P     w     Df  etaf   nwB      B
   <dbl> <dbl> <dbl>  <dbl>  <dbl> <dbl>  <dbl> <dbl>  <dbl> <dbl> <dbl>  <dbl>
1 0.0302  0.80  6.12 5.33e5 1.07e5 30000 0.0697 0.294 28206. 0.286 3855. 18652.
# … with 7 more variables: Bh <dbl>, Bb <dbl>, Dh <dbl>, spread <dbl>,
#   tau1 <dbl>, V <dbl>, alpha2 <dbl>

R code successfully run...
Simulation 5 of 100 finished at t = 520 (38.28 sec.)
Saving results in file /home/italo/LSD/Work/model_jeec/Data_analysis/Base_scen/S2_105.res.gz... Done

Simulation 6 of 100 running...
Command sent to system was: Rscript /home/italo/LSD/Work/model_jeec/Data_analysis/Base_scen/init_cond/get_init.R S2 /home/italo/LSD/Work/model_jeec/Data_analysis/Base_scen/init_cond/# A tibble: 1 x 19
     gss    uT     A      S    INV     L      P     w     Df  etaf   nwB      B
   <dbl> <dbl> <dbl>  <dbl>  <dbl> <dbl>  <dbl> <dbl>  <dbl> <dbl> <dbl>  <dbl>
1 0.0302  0.80  6.12 5.33e5 1.07e5 30000 0.0697 0.294 28206. 0.286 3855. 18652.
# … with 7 more variables: Bh <dbl>, Bb <dbl>, Dh <dbl>, spread <dbl>,
#   tau1 <dbl>, V <dbl>, alpha2 <dbl>

R code successfully run...
Simulation 6 of 100 finished at t = 520 (38.29 sec.)
Saving results in file /home/italo/LSD/Work/model_jeec/Data_analysis/Base_scen/S2_106.res.gz... Done

Simulation 7 of 100 running...
Command sent to system was: Rscript /home/italo/LSD/Work/model_jeec/Data_analysis/Base_scen/init_cond/get_init.R S2 /home/italo/LSD/Work/model_jeec/Data_analysis/Base_scen/init_cond/# A tibble: 1 x 19
     gss    uT     A      S    INV     L      P     w     Df  etaf   nwB      B
   <dbl> <dbl> <dbl>  <dbl>  <dbl> <dbl>  <dbl> <dbl>  <dbl> <dbl> <dbl>  <dbl>
1 0.0302  0.80  6.12 5.33e5 1.07e5 30000 0.0697 0.294 28206. 0.286 3855. 18652.
# … with 7 more variables: Bh <dbl>, Bb <dbl>, Dh <dbl>, spread <dbl>,
#   tau1 <dbl>, V <dbl>, alpha2 <dbl>

R code successfully run...
Simulation 7 of 100 finished at t = 520 (39.00 sec.)
Saving results in file /home/italo/LSD/Work/model_jeec/Data_analysis/Base_scen/S2_107.res.gz... Done

Simulation 8 of 100 running...
Command sent to system was: Rscript /home/italo/LSD/Work/model_jeec/Data_analysis/Base_scen/init_cond/get_init.R S2 /home/italo/LSD/Work/model_jeec/Data_analysis/Base_scen/init_cond/# A tibble: 1 x 19
     gss    uT     A      S    INV     L      P     w     Df  etaf   nwB      B
   <dbl> <dbl> <dbl>  <dbl>  <dbl> <dbl>  <dbl> <dbl>  <dbl> <dbl> <dbl>  <dbl>
1 0.0302  0.80  6.12 5.33e5 1.07e5 30000 0.0697 0.294 28206. 0.286 3855. 18652.
# … with 7 more variables: Bh <dbl>, Bb <dbl>, Dh <dbl>, spread <dbl>,
#   tau1 <dbl>, V <dbl>, alpha2 <dbl>

R code successfully run...
Simulation 8 of 100 finished at t = 520 (38.32 sec.)
Saving results in file /home/italo/LSD/Work/model_jeec/Data_analysis/Base_scen/S2_108.res.gz... Done

Simulation 9 of 100 running...
Command sent to system was: Rscript /home/italo/LSD/Work/model_jeec/Data_analysis/Base_scen/init_cond/get_init.R S2 /home/italo/LSD/Work/model_jeec/Data_analysis/Base_scen/init_cond/# A tibble: 1 x 19
     gss    uT     A      S    INV     L      P     w     Df  etaf   nwB      B
   <dbl> <dbl> <dbl>  <dbl>  <dbl> <dbl>  <dbl> <dbl>  <dbl> <dbl> <dbl>  <dbl>
1 0.0302  0.80  6.12 5.33e5 1.07e5 30000 0.0697 0.294 28206. 0.286 3855. 18652.
# … with 7 more variables: Bh <dbl>, Bb <dbl>, Dh <dbl>, spread <dbl>,
#   tau1 <dbl>, V <dbl>, alpha2 <dbl>

R code successfully run...
Simulation 9 of 100 finished at t = 520 (39.12 sec.)
Saving results in file /home/italo/LSD/Work/model_jeec/Data_analysis/Base_scen/S2_109.res.gz... Done

Simulation 10 of 100 running...
Command sent to system was: Rscript /home/italo/LSD/Work/model_jeec/Data_analysis/Base_scen/init_cond/get_init.R S2 /home/italo/LSD/Work/model_jeec/Data_analysis/Base_scen/init_cond/# A tibble: 1 x 19
     gss    uT     A      S    INV     L      P     w     Df  etaf   nwB      B
   <dbl> <dbl> <dbl>  <dbl>  <dbl> <dbl>  <dbl> <dbl>  <dbl> <dbl> <dbl>  <dbl>
1 0.0302  0.80  6.12 5.33e5 1.07e5 30000 0.0697 0.294 28206. 0.286 3855. 18652.
# … with 7 more variables: Bh <dbl>, Bb <dbl>, Dh <dbl>, spread <dbl>,
#   tau1 <dbl>, V <dbl>, alpha2 <dbl>

R code successfully run...
Simulation 10 of 100 finished at t = 520 (39.28 sec.)
Saving results in file /home/italo/LSD/Work/model_jeec/Data_analysis/Base_scen/S2_110.res.gz... Done

Simulation 11 of 100 running...
Command sent to system was: Rscript /home/italo/LSD/Work/model_jeec/Data_analysis/Base_scen/init_cond/get_init.R S2 /home/italo/LSD/Work/model_jeec/Data_analysis/Base_scen/init_cond/# A tibble: 1 x 19
     gss    uT     A      S    INV     L      P     w     Df  etaf   nwB      B
   <dbl> <dbl> <dbl>  <dbl>  <dbl> <dbl>  <dbl> <dbl>  <dbl> <dbl> <dbl>  <dbl>
1 0.0302  0.80  6.12 5.33e5 1.07e5 30000 0.0697 0.294 28206. 0.286 3855. 18652.
# … with 7 more variables: Bh <dbl>, Bb <dbl>, Dh <dbl>, spread <dbl>,
#   tau1 <dbl>, V <dbl>, alpha2 <dbl>

R code successfully run...
Simulation 11 of 100 finished at t = 520 (40.28 sec.)
Saving results in file /home/italo/LSD/Work/model_jeec/Data_analysis/Base_scen/S2_111.res.gz... Done

Simulation 12 of 100 running...
Command sent to system was: Rscript /home/italo/LSD/Work/model_jeec/Data_analysis/Base_scen/init_cond/get_init.R S2 /home/italo/LSD/Work/model_jeec/Data_analysis/Base_scen/init_cond/# A tibble: 1 x 19
     gss    uT     A      S    INV     L      P     w     Df  etaf   nwB      B
   <dbl> <dbl> <dbl>  <dbl>  <dbl> <dbl>  <dbl> <dbl>  <dbl> <dbl> <dbl>  <dbl>
1 0.0302  0.80  6.12 5.33e5 1.07e5 30000 0.0697 0.294 28206. 0.286 3855. 18652.
# … with 7 more variables: Bh <dbl>, Bb <dbl>, Dh <dbl>, spread <dbl>,
#   tau1 <dbl>, V <dbl>, alpha2 <dbl>

R code successfully run...
Simulation 12 of 100 finished at t = 520 (39.76 sec.)
Saving results in file /home/italo/LSD/Work/model_jeec/Data_analysis/Base_scen/S2_112.res.gz... Done

Simulation 13 of 100 running...
Command sent to system was: Rscript /home/italo/LSD/Work/model_jeec/Data_analysis/Base_scen/init_cond/get_init.R S2 /home/italo/LSD/Work/model_jeec/Data_analysis/Base_scen/init_cond/# A tibble: 1 x 19
     gss    uT     A      S    INV     L      P     w     Df  etaf   nwB      B
   <dbl> <dbl> <dbl>  <dbl>  <dbl> <dbl>  <dbl> <dbl>  <dbl> <dbl> <dbl>  <dbl>
1 0.0302  0.80  6.12 5.33e5 1.07e5 30000 0.0697 0.294 28206. 0.286 3855. 18652.
# … with 7 more variables: Bh <dbl>, Bb <dbl>, Dh <dbl>, spread <dbl>,
#   tau1 <dbl>, V <dbl>, alpha2 <dbl>

R code successfully run...
Simulation 13 of 100 finished at t = 520 (39.16 sec.)
Saving results in file /home/italo/LSD/Work/model_jeec/Data_analysis/Base_scen/S2_113.res.gz... Done

Simulation 14 of 100 running...
Command sent to system was: Rscript /home/italo/LSD/Work/model_jeec/Data_analysis/Base_scen/init_cond/get_init.R S2 /home/italo/LSD/Work/model_jeec/Data_analysis/Base_scen/init_cond/# A tibble: 1 x 19
     gss    uT     A      S    INV     L      P     w     Df  etaf   nwB      B
   <dbl> <dbl> <dbl>  <dbl>  <dbl> <dbl>  <dbl> <dbl>  <dbl> <dbl> <dbl>  <dbl>
1 0.0302  0.80  6.12 5.33e5 1.07e5 30000 0.0697 0.294 28206. 0.286 3855. 18652.
# … with 7 more variables: Bh <dbl>, Bb <dbl>, Dh <dbl>, spread <dbl>,
#   tau1 <dbl>, V <dbl>, alpha2 <dbl>

R code successfully run...
Simulation 14 of 100 finished at t = 520 (39.31 sec.)
Saving results in file /home/italo/LSD/Work/model_jeec/Data_analysis/Base_scen/S2_114.res.gz... Done

Simulation 15 of 100 running...
Command sent to system was: Rscript /home/italo/LSD/Work/model_jeec/Data_analysis/Base_scen/init_cond/get_init.R S2 /home/italo/LSD/Work/model_jeec/Data_analysis/Base_scen/init_cond/# A tibble: 1 x 19
     gss    uT     A      S    INV     L      P     w     Df  etaf   nwB      B
   <dbl> <dbl> <dbl>  <dbl>  <dbl> <dbl>  <dbl> <dbl>  <dbl> <dbl> <dbl>  <dbl>
1 0.0302  0.80  6.12 5.33e5 1.07e5 30000 0.0697 0.294 28206. 0.286 3855. 18652.
# … with 7 more variables: Bh <dbl>, Bb <dbl>, Dh <dbl>, spread <dbl>,
#   tau1 <dbl>, V <dbl>, alpha2 <dbl>

R code successfully run...
Simulation 15 of 100 finished at t = 520 (41.03 sec.)
Saving results in file /home/italo/LSD/Work/model_jeec/Data_analysis/Base_scen/S2_115.res.gz... Done

Simulation 16 of 100 running...
Command sent to system was: Rscript /home/italo/LSD/Work/model_jeec/Data_analysis/Base_scen/init_cond/get_init.R S2 /home/italo/LSD/Work/model_jeec/Data_analysis/Base_scen/init_cond/# A tibble: 1 x 19
     gss    uT     A      S    INV     L      P     w     Df  etaf   nwB      B
   <dbl> <dbl> <dbl>  <dbl>  <dbl> <dbl>  <dbl> <dbl>  <dbl> <dbl> <dbl>  <dbl>
1 0.0302  0.80  6.12 5.33e5 1.07e5 30000 0.0697 0.294 28206. 0.286 3855. 18652.
# … with 7 more variables: Bh <dbl>, Bb <dbl>, Dh <dbl>, spread <dbl>,
#   tau1 <dbl>, V <dbl>, alpha2 <dbl>

R code successfully run...
Simulation 16 of 100 finished at t = 520 (41.79 sec.)
Saving results in file /home/italo/LSD/Work/model_jeec/Data_analysis/Base_scen/S2_116.res.gz... Done

Simulation 17 of 100 running...
Command sent to system was: Rscript /home/italo/LSD/Work/model_jeec/Data_analysis/Base_scen/init_cond/get_init.R S2 /home/italo/LSD/Work/model_jeec/Data_analysis/Base_scen/init_cond/# A tibble: 1 x 19
     gss    uT     A      S    INV     L      P     w     Df  etaf   nwB      B
   <dbl> <dbl> <dbl>  <dbl>  <dbl> <dbl>  <dbl> <dbl>  <dbl> <dbl> <dbl>  <dbl>
1 0.0302  0.80  6.12 5.33e5 1.07e5 30000 0.0697 0.294 28206. 0.286 3855. 18652.
# … with 7 more variables: Bh <dbl>, Bb <dbl>, Dh <dbl>, spread <dbl>,
#   tau1 <dbl>, V <dbl>, alpha2 <dbl>

R code successfully run...
Simulation 17 of 100 finished at t = 520 (41.68 sec.)
Saving results in file /home/italo/LSD/Work/model_jeec/Data_analysis/Base_scen/S2_117.res.gz... Done

Simulation 18 of 100 running...
Command sent to system was: Rscript /home/italo/LSD/Work/model_jeec/Data_analysis/Base_scen/init_cond/get_init.R S2 /home/italo/LSD/Work/model_jeec/Data_analysis/Base_scen/init_cond/# A tibble: 1 x 19
     gss    uT     A      S    INV     L      P     w     Df  etaf   nwB      B
   <dbl> <dbl> <dbl>  <dbl>  <dbl> <dbl>  <dbl> <dbl>  <dbl> <dbl> <dbl>  <dbl>
1 0.0302  0.80  6.12 5.33e5 1.07e5 30000 0.0697 0.294 28206. 0.286 3855. 18652.
# … with 7 more variables: Bh <dbl>, Bb <dbl>, Dh <dbl>, spread <dbl>,
#   tau1 <dbl>, V <dbl>, alpha2 <dbl>

R code successfully run...
Simulation 18 of 100 finished at t = 520 (41.10 sec.)
Saving results in file /home/italo/LSD/Work/model_jeec/Data_analysis/Base_scen/S2_118.res.gz... Done

Simulation 19 of 100 running...
Command sent to system was: Rscript /home/italo/LSD/Work/model_jeec/Data_analysis/Base_scen/init_cond/get_init.R S2 /home/italo/LSD/Work/model_jeec/Data_analysis/Base_scen/init_cond/# A tibble: 1 x 19
     gss    uT     A      S    INV     L      P     w     Df  etaf   nwB      B
   <dbl> <dbl> <dbl>  <dbl>  <dbl> <dbl>  <dbl> <dbl>  <dbl> <dbl> <dbl>  <dbl>
1 0.0302  0.80  6.12 5.33e5 1.07e5 30000 0.0697 0.294 28206. 0.286 3855. 18652.
# … with 7 more variables: Bh <dbl>, Bb <dbl>, Dh <dbl>, spread <dbl>,
#   tau1 <dbl>, V <dbl>, alpha2 <dbl>

R code successfully run...
Simulation 19 of 100 finished at t = 520 (41.70 sec.)
Saving results in file /home/italo/LSD/Work/model_jeec/Data_analysis/Base_scen/S2_119.res.gz... Done

Simulation 20 of 100 running...
Command sent to system was: Rscript /home/italo/LSD/Work/model_jeec/Data_analysis/Base_scen/init_cond/get_init.R S2 /home/italo/LSD/Work/model_jeec/Data_analysis/Base_scen/init_cond/# A tibble: 1 x 19
     gss    uT     A      S    INV     L      P     w     Df  etaf   nwB      B
   <dbl> <dbl> <dbl>  <dbl>  <dbl> <dbl>  <dbl> <dbl>  <dbl> <dbl> <dbl>  <dbl>
1 0.0302  0.80  6.12 5.33e5 1.07e5 30000 0.0697 0.294 28206. 0.286 3855. 18652.
# … with 7 more variables: Bh <dbl>, Bb <dbl>, Dh <dbl>, spread <dbl>,
#   tau1 <dbl>, V <dbl>, alpha2 <dbl>

R code successfully run...
Simulation 20 of 100 finished at t = 520 (41.15 sec.)
Saving results in file /home/italo/LSD/Work/model_jeec/Data_analysis/Base_scen/S2_120.res.gz... Done

Simulation 21 of 100 running...
Command sent to system was: Rscript /home/italo/LSD/Work/model_jeec/Data_analysis/Base_scen/init_cond/get_init.R S2 /home/italo/LSD/Work/model_jeec/Data_analysis/Base_scen/init_cond/# A tibble: 1 x 19
     gss    uT     A      S    INV     L      P     w     Df  etaf   nwB      B
   <dbl> <dbl> <dbl>  <dbl>  <dbl> <dbl>  <dbl> <dbl>  <dbl> <dbl> <dbl>  <dbl>
1 0.0302  0.80  6.12 5.33e5 1.07e5 30000 0.0697 0.294 28206. 0.286 3855. 18652.
# … with 7 more variables: Bh <dbl>, Bb <dbl>, Dh <dbl>, spread <dbl>,
#   tau1 <dbl>, V <dbl>, alpha2 <dbl>

R code successfully run...
Simulation 21 of 100 finished at t = 520 (42.01 sec.)
Saving results in file /home/italo/LSD/Work/model_jeec/Data_analysis/Base_scen/S2_121.res.gz... Done

Simulation 22 of 100 running...
Command sent to system was: Rscript /home/italo/LSD/Work/model_jeec/Data_analysis/Base_scen/init_cond/get_init.R S2 /home/italo/LSD/Work/model_jeec/Data_analysis/Base_scen/init_cond/# A tibble: 1 x 19
     gss    uT     A      S    INV     L      P     w     Df  etaf   nwB      B
   <dbl> <dbl> <dbl>  <dbl>  <dbl> <dbl>  <dbl> <dbl>  <dbl> <dbl> <dbl>  <dbl>
1 0.0302  0.80  6.12 5.33e5 1.07e5 30000 0.0697 0.294 28206. 0.286 3855. 18652.
# … with 7 more variables: Bh <dbl>, Bb <dbl>, Dh <dbl>, spread <dbl>,
#   tau1 <dbl>, V <dbl>, alpha2 <dbl>

R code successfully run...
Simulation 22 of 100 finished at t = 520 (42.55 sec.)
Saving results in file /home/italo/LSD/Work/model_jeec/Data_analysis/Base_scen/S2_122.res.gz... Done

Simulation 23 of 100 running...
Command sent to system was: Rscript /home/italo/LSD/Work/model_jeec/Data_analysis/Base_scen/init_cond/get_init.R S2 /home/italo/LSD/Work/model_jeec/Data_analysis/Base_scen/init_cond/# A tibble: 1 x 19
     gss    uT     A      S    INV     L      P     w     Df  etaf   nwB      B
   <dbl> <dbl> <dbl>  <dbl>  <dbl> <dbl>  <dbl> <dbl>  <dbl> <dbl> <dbl>  <dbl>
1 0.0302  0.80  6.12 5.33e5 1.07e5 30000 0.0697 0.294 28206. 0.286 3855. 18652.
# … with 7 more variables: Bh <dbl>, Bb <dbl>, Dh <dbl>, spread <dbl>,
#   tau1 <dbl>, V <dbl>, alpha2 <dbl>

R code successfully run...
Simulation 23 of 100 finished at t = 520 (42.04 sec.)
Saving results in file /home/italo/LSD/Work/model_jeec/Data_analysis/Base_scen/S2_123.res.gz... Done

Simulation 24 of 100 running...
Command sent to system was: Rscript /home/italo/LSD/Work/model_jeec/Data_analysis/Base_scen/init_cond/get_init.R S2 /home/italo/LSD/Work/model_jeec/Data_analysis/Base_scen/init_cond/# A tibble: 1 x 19
     gss    uT     A      S    INV     L      P     w     Df  etaf   nwB      B
   <dbl> <dbl> <dbl>  <dbl>  <dbl> <dbl>  <dbl> <dbl>  <dbl> <dbl> <dbl>  <dbl>
1 0.0302  0.80  6.12 5.33e5 1.07e5 30000 0.0697 0.294 28206. 0.286 3855. 18652.
# … with 7 more variables: Bh <dbl>, Bb <dbl>, Dh <dbl>, spread <dbl>,
#   tau1 <dbl>, V <dbl>, alpha2 <dbl>

R code successfully run...
Simulation 24 of 100 finished at t = 520 (42.34 sec.)
Saving results in file /home/italo/LSD/Work/model_jeec/Data_analysis/Base_scen/S2_124.res.gz... Done

Simulation 25 of 100 running...
Command sent to system was: Rscript /home/italo/LSD/Work/model_jeec/Data_analysis/Base_scen/init_cond/get_init.R S2 /home/italo/LSD/Work/model_jeec/Data_analysis/Base_scen/init_cond/# A tibble: 1 x 19
     gss    uT     A      S    INV     L      P     w     Df  etaf   nwB      B
   <dbl> <dbl> <dbl>  <dbl>  <dbl> <dbl>  <dbl> <dbl>  <dbl> <dbl> <dbl>  <dbl>
1 0.0302  0.80  6.12 5.33e5 1.07e5 30000 0.0697 0.294 28206. 0.286 3855. 18652.
# … with 7 more variables: Bh <dbl>, Bb <dbl>, Dh <dbl>, spread <dbl>,
#   tau1 <dbl>, V <dbl>, alpha2 <dbl>

R code successfully run...
Simulation 25 of 100 finished at t = 520 (43.26 sec.)
Saving results in file /home/italo/LSD/Work/model_jeec/Data_analysis/Base_scen/S2_125.res.gz... Done

Simulation 26 of 100 running...
Command sent to system was: Rscript /home/italo/LSD/Work/model_jeec/Data_analysis/Base_scen/init_cond/get_init.R S2 /home/italo/LSD/Work/model_jeec/Data_analysis/Base_scen/init_cond/# A tibble: 1 x 19
     gss    uT     A      S    INV     L      P     w     Df  etaf   nwB      B
   <dbl> <dbl> <dbl>  <dbl>  <dbl> <dbl>  <dbl> <dbl>  <dbl> <dbl> <dbl>  <dbl>
1 0.0302  0.80  6.12 5.33e5 1.07e5 30000 0.0697 0.294 28206. 0.286 3855. 18652.
# … with 7 more variables: Bh <dbl>, Bb <dbl>, Dh <dbl>, spread <dbl>,
#   tau1 <dbl>, V <dbl>, alpha2 <dbl>

R code successfully run...
Simulation 26 of 100 finished at t = 520 (43.10 sec.)
Saving results in file /home/italo/LSD/Work/model_jeec/Data_analysis/Base_scen/S2_126.res.gz... Done

Simulation 27 of 100 running...
Command sent to system was: Rscript /home/italo/LSD/Work/model_jeec/Data_analysis/Base_scen/init_cond/get_init.R S2 /home/italo/LSD/Work/model_jeec/Data_analysis/Base_scen/init_cond/# A tibble: 1 x 19
     gss    uT     A      S    INV     L      P     w     Df  etaf   nwB      B
   <dbl> <dbl> <dbl>  <dbl>  <dbl> <dbl>  <dbl> <dbl>  <dbl> <dbl> <dbl>  <dbl>
1 0.0302  0.80  6.12 5.33e5 1.07e5 30000 0.0697 0.294 28206. 0.286 3855. 18652.
# … with 7 more variables: Bh <dbl>, Bb <dbl>, Dh <dbl>, spread <dbl>,
#   tau1 <dbl>, V <dbl>, alpha2 <dbl>

R code successfully run...
Simulation 27 of 100 finished at t = 520 (43.70 sec.)
Saving results in file /home/italo/LSD/Work/model_jeec/Data_analysis/Base_scen/S2_127.res.gz... Done

Simulation 28 of 100 running...
Command sent to system was: Rscript /home/italo/LSD/Work/model_jeec/Data_analysis/Base_scen/init_cond/get_init.R S2 /home/italo/LSD/Work/model_jeec/Data_analysis/Base_scen/init_cond/# A tibble: 1 x 19
     gss    uT     A      S    INV     L      P     w     Df  etaf   nwB      B
   <dbl> <dbl> <dbl>  <dbl>  <dbl> <dbl>  <dbl> <dbl>  <dbl> <dbl> <dbl>  <dbl>
1 0.0302  0.80  6.12 5.33e5 1.07e5 30000 0.0697 0.294 28206. 0.286 3855. 18652.
# … with 7 more variables: Bh <dbl>, Bb <dbl>, Dh <dbl>, spread <dbl>,
#   tau1 <dbl>, V <dbl>, alpha2 <dbl>

R code successfully run...
Simulation 28 of 100 finished at t = 520 (44.28 sec.)
Saving results in file /home/italo/LSD/Work/model_jeec/Data_analysis/Base_scen/S2_128.res.gz... Done

Simulation 29 of 100 running...
Command sent to system was: Rscript /home/italo/LSD/Work/model_jeec/Data_analysis/Base_scen/init_cond/get_init.R S2 /home/italo/LSD/Work/model_jeec/Data_analysis/Base_scen/init_cond/# A tibble: 1 x 19
     gss    uT     A      S    INV     L      P     w     Df  etaf   nwB      B
   <dbl> <dbl> <dbl>  <dbl>  <dbl> <dbl>  <dbl> <dbl>  <dbl> <dbl> <dbl>  <dbl>
1 0.0302  0.80  6.12 5.33e5 1.07e5 30000 0.0697 0.294 28206. 0.286 3855. 18652.
# … with 7 more variables: Bh <dbl>, Bb <dbl>, Dh <dbl>, spread <dbl>,
#   tau1 <dbl>, V <dbl>, alpha2 <dbl>

R code successfully run...
Simulation 29 of 100 finished at t = 520 (44.70 sec.)
Saving results in file /home/italo/LSD/Work/model_jeec/Data_analysis/Base_scen/S2_129.res.gz... Done

Simulation 30 of 100 running...
Command sent to system was: Rscript /home/italo/LSD/Work/model_jeec/Data_analysis/Base_scen/init_cond/get_init.R S2 /home/italo/LSD/Work/model_jeec/Data_analysis/Base_scen/init_cond/# A tibble: 1 x 19
     gss    uT     A      S    INV     L      P     w     Df  etaf   nwB      B
   <dbl> <dbl> <dbl>  <dbl>  <dbl> <dbl>  <dbl> <dbl>  <dbl> <dbl> <dbl>  <dbl>
1 0.0302  0.80  6.12 5.33e5 1.07e5 30000 0.0697 0.294 28206. 0.286 3855. 18652.
# … with 7 more variables: Bh <dbl>, Bb <dbl>, Dh <dbl>, spread <dbl>,
#   tau1 <dbl>, V <dbl>, alpha2 <dbl>

R code successfully run...
Simulation 30 of 100 finished at t = 520 (43.52 sec.)
Saving results in file /home/italo/LSD/Work/model_jeec/Data_analysis/Base_scen/S2_130.res.gz... Done

Simulation 31 of 100 running...
Command sent to system was: Rscript /home/italo/LSD/Work/model_jeec/Data_analysis/Base_scen/init_cond/get_init.R S2 /home/italo/LSD/Work/model_jeec/Data_analysis/Base_scen/init_cond/# A tibble: 1 x 19
     gss    uT     A      S    INV     L      P     w     Df  etaf   nwB      B
   <dbl> <dbl> <dbl>  <dbl>  <dbl> <dbl>  <dbl> <dbl>  <dbl> <dbl> <dbl>  <dbl>
1 0.0302  0.80  6.12 5.33e5 1.07e5 30000 0.0697 0.294 28206. 0.286 3855. 18652.
# … with 7 more variables: Bh <dbl>, Bb <dbl>, Dh <dbl>, spread <dbl>,
#   tau1 <dbl>, V <dbl>, alpha2 <dbl>

R code successfully run...
Simulation 31 of 100 finished at t = 520 (44.24 sec.)
Saving results in file /home/italo/LSD/Work/model_jeec/Data_analysis/Base_scen/S2_131.res.gz... Done

Simulation 32 of 100 running...
Command sent to system was: Rscript /home/italo/LSD/Work/model_jeec/Data_analysis/Base_scen/init_cond/get_init.R S2 /home/italo/LSD/Work/model_jeec/Data_analysis/Base_scen/init_cond/# A tibble: 1 x 19
     gss    uT     A      S    INV     L      P     w     Df  etaf   nwB      B
   <dbl> <dbl> <dbl>  <dbl>  <dbl> <dbl>  <dbl> <dbl>  <dbl> <dbl> <dbl>  <dbl>
1 0.0302  0.80  6.12 5.33e5 1.07e5 30000 0.0697 0.294 28206. 0.286 3855. 18652.
# … with 7 more variables: Bh <dbl>, Bb <dbl>, Dh <dbl>, spread <dbl>,
#   tau1 <dbl>, V <dbl>, alpha2 <dbl>

R code successfully run...
Simulation 32 of 100 finished at t = 520 (44.03 sec.)
Saving results in file /home/italo/LSD/Work/model_jeec/Data_analysis/Base_scen/S2_132.res.gz... Done

Simulation 33 of 100 running...
Command sent to system was: Rscript /home/italo/LSD/Work/model_jeec/Data_analysis/Base_scen/init_cond/get_init.R S2 /home/italo/LSD/Work/model_jeec/Data_analysis/Base_scen/init_cond/# A tibble: 1 x 19
     gss    uT     A      S    INV     L      P     w     Df  etaf   nwB      B
   <dbl> <dbl> <dbl>  <dbl>  <dbl> <dbl>  <dbl> <dbl>  <dbl> <dbl> <dbl>  <dbl>
1 0.0302  0.80  6.12 5.33e5 1.07e5 30000 0.0697 0.294 28206. 0.286 3855. 18652.
# … with 7 more variables: Bh <dbl>, Bb <dbl>, Dh <dbl>, spread <dbl>,
#   tau1 <dbl>, V <dbl>, alpha2 <dbl>

R code successfully run...
Simulation 33 of 100 finished at t = 520 (44.06 sec.)
Saving results in file /home/italo/LSD/Work/model_jeec/Data_analysis/Base_scen/S2_133.res.gz... Done

Simulation 34 of 100 running...
Command sent to system was: Rscript /home/italo/LSD/Work/model_jeec/Data_analysis/Base_scen/init_cond/get_init.R S2 /home/italo/LSD/Work/model_jeec/Data_analysis/Base_scen/init_cond/# A tibble: 1 x 19
     gss    uT     A      S    INV     L      P     w     Df  etaf   nwB      B
   <dbl> <dbl> <dbl>  <dbl>  <dbl> <dbl>  <dbl> <dbl>  <dbl> <dbl> <dbl>  <dbl>
1 0.0302  0.80  6.12 5.33e5 1.07e5 30000 0.0697 0.294 28206. 0.286 3855. 18652.
# … with 7 more variables: Bh <dbl>, Bb <dbl>, Dh <dbl>, spread <dbl>,
#   tau1 <dbl>, V <dbl>, alpha2 <dbl>

R code successfully run...
Simulation 34 of 100 finished at t = 520 (44.46 sec.)
Saving results in file /home/italo/LSD/Work/model_jeec/Data_analysis/Base_scen/S2_134.res.gz... Done

Simulation 35 of 100 running...
Command sent to system was: Rscript /home/italo/LSD/Work/model_jeec/Data_analysis/Base_scen/init_cond/get_init.R S2 /home/italo/LSD/Work/model_jeec/Data_analysis/Base_scen/init_cond/# A tibble: 1 x 19
     gss    uT     A      S    INV     L      P     w     Df  etaf   nwB      B
   <dbl> <dbl> <dbl>  <dbl>  <dbl> <dbl>  <dbl> <dbl>  <dbl> <dbl> <dbl>  <dbl>
1 0.0302  0.80  6.12 5.33e5 1.07e5 30000 0.0697 0.294 28206. 0.286 3855. 18652.
# … with 7 more variables: Bh <dbl>, Bb <dbl>, Dh <dbl>, spread <dbl>,
#   tau1 <dbl>, V <dbl>, alpha2 <dbl>

R code successfully run...
Simulation 35 of 100 finished at t = 520 (46.17 sec.)
Saving results in file /home/italo/LSD/Work/model_jeec/Data_analysis/Base_scen/S2_135.res.gz... Done

Simulation 36 of 100 running...
Command sent to system was: Rscript /home/italo/LSD/Work/model_jeec/Data_analysis/Base_scen/init_cond/get_init.R S2 /home/italo/LSD/Work/model_jeec/Data_analysis/Base_scen/init_cond/# A tibble: 1 x 19
     gss    uT     A      S    INV     L      P     w     Df  etaf   nwB      B
   <dbl> <dbl> <dbl>  <dbl>  <dbl> <dbl>  <dbl> <dbl>  <dbl> <dbl> <dbl>  <dbl>
1 0.0302  0.80  6.12 5.33e5 1.07e5 30000 0.0697 0.294 28206. 0.286 3855. 18652.
# … with 7 more variables: Bh <dbl>, Bb <dbl>, Dh <dbl>, spread <dbl>,
#   tau1 <dbl>, V <dbl>, alpha2 <dbl>

R code successfully run...
Simulation 36 of 100 finished at t = 520 (49.45 sec.)
Saving results in file /home/italo/LSD/Work/model_jeec/Data_analysis/Base_scen/S2_136.res.gz... Done

Simulation 37 of 100 running...
Command sent to system was: Rscript /home/italo/LSD/Work/model_jeec/Data_analysis/Base_scen/init_cond/get_init.R S2 /home/italo/LSD/Work/model_jeec/Data_analysis/Base_scen/init_cond/# A tibble: 1 x 19
     gss    uT     A      S    INV     L      P     w     Df  etaf   nwB      B
   <dbl> <dbl> <dbl>  <dbl>  <dbl> <dbl>  <dbl> <dbl>  <dbl> <dbl> <dbl>  <dbl>
1 0.0302  0.80  6.12 5.33e5 1.07e5 30000 0.0697 0.294 28206. 0.286 3855. 18652.
# … with 7 more variables: Bh <dbl>, Bb <dbl>, Dh <dbl>, spread <dbl>,
#   tau1 <dbl>, V <dbl>, alpha2 <dbl>

R code successfully run...
Simulation 37 of 100 finished at t = 520 (46.73 sec.)
Saving results in file /home/italo/LSD/Work/model_jeec/Data_analysis/Base_scen/S2_137.res.gz... Done

Simulation 38 of 100 running...
Command sent to system was: Rscript /home/italo/LSD/Work/model_jeec/Data_analysis/Base_scen/init_cond/get_init.R S2 /home/italo/LSD/Work/model_jeec/Data_analysis/Base_scen/init_cond/# A tibble: 1 x 19
     gss    uT     A      S    INV     L      P     w     Df  etaf   nwB      B
   <dbl> <dbl> <dbl>  <dbl>  <dbl> <dbl>  <dbl> <dbl>  <dbl> <dbl> <dbl>  <dbl>
1 0.0302  0.80  6.12 5.33e5 1.07e5 30000 0.0697 0.294 28206. 0.286 3855. 18652.
# … with 7 more variables: Bh <dbl>, Bb <dbl>, Dh <dbl>, spread <dbl>,
#   tau1 <dbl>, V <dbl>, alpha2 <dbl>

R code successfully run...
Simulation 38 of 100 finished at t = 520 (45.20 sec.)
Saving results in file /home/italo/LSD/Work/model_jeec/Data_analysis/Base_scen/S2_138.res.gz... Done

Simulation 39 of 100 running...
Command sent to system was: Rscript /home/italo/LSD/Work/model_jeec/Data_analysis/Base_scen/init_cond/get_init.R S2 /home/italo/LSD/Work/model_jeec/Data_analysis/Base_scen/init_cond/# A tibble: 1 x 19
     gss    uT     A      S    INV     L      P     w     Df  etaf   nwB      B
   <dbl> <dbl> <dbl>  <dbl>  <dbl> <dbl>  <dbl> <dbl>  <dbl> <dbl> <dbl>  <dbl>
1 0.0302  0.80  6.12 5.33e5 1.07e5 30000 0.0697 0.294 28206. 0.286 3855. 18652.
# … with 7 more variables: Bh <dbl>, Bb <dbl>, Dh <dbl>, spread <dbl>,
#   tau1 <dbl>, V <dbl>, alpha2 <dbl>

R code successfully run...
Simulation 39 of 100 finished at t = 520 (46.38 sec.)
Saving results in file /home/italo/LSD/Work/model_jeec/Data_analysis/Base_scen/S2_139.res.gz... Done

Simulation 40 of 100 running...
Command sent to system was: Rscript /home/italo/LSD/Work/model_jeec/Data_analysis/Base_scen/init_cond/get_init.R S2 /home/italo/LSD/Work/model_jeec/Data_analysis/Base_scen/init_cond/# A tibble: 1 x 19
     gss    uT     A      S    INV     L      P     w     Df  etaf   nwB      B
   <dbl> <dbl> <dbl>  <dbl>  <dbl> <dbl>  <dbl> <dbl>  <dbl> <dbl> <dbl>  <dbl>
1 0.0302  0.80  6.12 5.33e5 1.07e5 30000 0.0697 0.294 28206. 0.286 3855. 18652.
# … with 7 more variables: Bh <dbl>, Bb <dbl>, Dh <dbl>, spread <dbl>,
#   tau1 <dbl>, V <dbl>, alpha2 <dbl>

R code successfully run...
Simulation 40 of 100 finished at t = 520 (46.04 sec.)
Saving results in file /home/italo/LSD/Work/model_jeec/Data_analysis/Base_scen/S2_140.res.gz... Done

Simulation 41 of 100 running...
Command sent to system was: Rscript /home/italo/LSD/Work/model_jeec/Data_analysis/Base_scen/init_cond/get_init.R S2 /home/italo/LSD/Work/model_jeec/Data_analysis/Base_scen/init_cond/# A tibble: 1 x 19
     gss    uT     A      S    INV     L      P     w     Df  etaf   nwB      B
   <dbl> <dbl> <dbl>  <dbl>  <dbl> <dbl>  <dbl> <dbl>  <dbl> <dbl> <dbl>  <dbl>
1 0.0302  0.80  6.12 5.33e5 1.07e5 30000 0.0697 0.294 28206. 0.286 3855. 18652.
# … with 7 more variables: Bh <dbl>, Bb <dbl>, Dh <dbl>, spread <dbl>,
#   tau1 <dbl>, V <dbl>, alpha2 <dbl>

R code successfully run...
Simulation 41 of 100 finished at t = 520 (48.52 sec.)
Saving results in file /home/italo/LSD/Work/model_jeec/Data_analysis/Base_scen/S2_141.res.gz... Done

Simulation 42 of 100 running...
Command sent to system was: Rscript /home/italo/LSD/Work/model_jeec/Data_analysis/Base_scen/init_cond/get_init.R S2 /home/italo/LSD/Work/model_jeec/Data_analysis/Base_scen/init_cond/# A tibble: 1 x 19
     gss    uT     A      S    INV     L      P     w     Df  etaf   nwB      B
   <dbl> <dbl> <dbl>  <dbl>  <dbl> <dbl>  <dbl> <dbl>  <dbl> <dbl> <dbl>  <dbl>
1 0.0302  0.80  6.12 5.33e5 1.07e5 30000 0.0697 0.294 28206. 0.286 3855. 18652.
# … with 7 more variables: Bh <dbl>, Bb <dbl>, Dh <dbl>, spread <dbl>,
#   tau1 <dbl>, V <dbl>, alpha2 <dbl>

R code successfully run...
Simulation 42 of 100 finished at t = 520 (47.72 sec.)
Saving results in file /home/italo/LSD/Work/model_jeec/Data_analysis/Base_scen/S2_142.res.gz... Done

Simulation 43 of 100 running...
Command sent to system was: Rscript /home/italo/LSD/Work/model_jeec/Data_analysis/Base_scen/init_cond/get_init.R S2 /home/italo/LSD/Work/model_jeec/Data_analysis/Base_scen/init_cond/# A tibble: 1 x 19
     gss    uT     A      S    INV     L      P     w     Df  etaf   nwB      B
   <dbl> <dbl> <dbl>  <dbl>  <dbl> <dbl>  <dbl> <dbl>  <dbl> <dbl> <dbl>  <dbl>
1 0.0302  0.80  6.12 5.33e5 1.07e5 30000 0.0697 0.294 28206. 0.286 3855. 18652.
# … with 7 more variables: Bh <dbl>, Bb <dbl>, Dh <dbl>, spread <dbl>,
#   tau1 <dbl>, V <dbl>, alpha2 <dbl>

R code successfully run...
Simulation 43 of 100 finished at t = 520 (47.12 sec.)
Saving results in file /home/italo/LSD/Work/model_jeec/Data_analysis/Base_scen/S2_143.res.gz... Done

Simulation 44 of 100 running...
Command sent to system was: Rscript /home/italo/LSD/Work/model_jeec/Data_analysis/Base_scen/init_cond/get_init.R S2 /home/italo/LSD/Work/model_jeec/Data_analysis/Base_scen/init_cond/# A tibble: 1 x 19
     gss    uT     A      S    INV     L      P     w     Df  etaf   nwB      B
   <dbl> <dbl> <dbl>  <dbl>  <dbl> <dbl>  <dbl> <dbl>  <dbl> <dbl> <dbl>  <dbl>
1 0.0302  0.80  6.12 5.33e5 1.07e5 30000 0.0697 0.294 28206. 0.286 3855. 18652.
# … with 7 more variables: Bh <dbl>, Bb <dbl>, Dh <dbl>, spread <dbl>,
#   tau1 <dbl>, V <dbl>, alpha2 <dbl>

R code successfully run...
Simulation 44 of 100 finished at t = 520 (49.24 sec.)
Saving results in file /home/italo/LSD/Work/model_jeec/Data_analysis/Base_scen/S2_144.res.gz... Done

Simulation 45 of 100 running...
Command sent to system was: Rscript /home/italo/LSD/Work/model_jeec/Data_analysis/Base_scen/init_cond/get_init.R S2 /home/italo/LSD/Work/model_jeec/Data_analysis/Base_scen/init_cond/# A tibble: 1 x 19
     gss    uT     A      S    INV     L      P     w     Df  etaf   nwB      B
   <dbl> <dbl> <dbl>  <dbl>  <dbl> <dbl>  <dbl> <dbl>  <dbl> <dbl> <dbl>  <dbl>
1 0.0302  0.80  6.12 5.33e5 1.07e5 30000 0.0697 0.294 28206. 0.286 3855. 18652.
# … with 7 more variables: Bh <dbl>, Bb <dbl>, Dh <dbl>, spread <dbl>,
#   tau1 <dbl>, V <dbl>, alpha2 <dbl>

R code successfully run...
Simulation 45 of 100 finished at t = 520 (50.09 sec.)
Saving results in file /home/italo/LSD/Work/model_jeec/Data_analysis/Base_scen/S2_145.res.gz... Done

Simulation 46 of 100 running...
Command sent to system was: Rscript /home/italo/LSD/Work/model_jeec/Data_analysis/Base_scen/init_cond/get_init.R S2 /home/italo/LSD/Work/model_jeec/Data_analysis/Base_scen/init_cond/# A tibble: 1 x 19
     gss    uT     A      S    INV     L      P     w     Df  etaf   nwB      B
   <dbl> <dbl> <dbl>  <dbl>  <dbl> <dbl>  <dbl> <dbl>  <dbl> <dbl> <dbl>  <dbl>
1 0.0302  0.80  6.12 5.33e5 1.07e5 30000 0.0697 0.294 28206. 0.286 3855. 18652.
# … with 7 more variables: Bh <dbl>, Bb <dbl>, Dh <dbl>, spread <dbl>,
#   tau1 <dbl>, V <dbl>, alpha2 <dbl>

R code successfully run...
Simulation 46 of 100 finished at t = 520 (52.79 sec.)
Saving results in file /home/italo/LSD/Work/model_jeec/Data_analysis/Base_scen/S2_146.res.gz... Done

Simulation 47 of 100 running...
Command sent to system was: Rscript /home/italo/LSD/Work/model_jeec/Data_analysis/Base_scen/init_cond/get_init.R S2 /home/italo/LSD/Work/model_jeec/Data_analysis/Base_scen/init_cond/# A tibble: 1 x 19
     gss    uT     A      S    INV     L      P     w     Df  etaf   nwB      B
   <dbl> <dbl> <dbl>  <dbl>  <dbl> <dbl>  <dbl> <dbl>  <dbl> <dbl> <dbl>  <dbl>
1 0.0302  0.80  6.12 5.33e5 1.07e5 30000 0.0697 0.294 28206. 0.286 3855. 18652.
# … with 7 more variables: Bh <dbl>, Bb <dbl>, Dh <dbl>, spread <dbl>,
#   tau1 <dbl>, V <dbl>, alpha2 <dbl>

R code successfully run...
Simulation 47 of 100 finished at t = 520 (56.29 sec.)
Saving results in file /home/italo/LSD/Work/model_jeec/Data_analysis/Base_scen/S2_147.res.gz... Done

Simulation 48 of 100 running...
Command sent to system was: Rscript /home/italo/LSD/Work/model_jeec/Data_analysis/Base_scen/init_cond/get_init.R S2 /home/italo/LSD/Work/model_jeec/Data_analysis/Base_scen/init_cond/# A tibble: 1 x 19
     gss    uT     A      S    INV     L      P     w     Df  etaf   nwB      B
   <dbl> <dbl> <dbl>  <dbl>  <dbl> <dbl>  <dbl> <dbl>  <dbl> <dbl> <dbl>  <dbl>
1 0.0302  0.80  6.12 5.33e5 1.07e5 30000 0.0697 0.294 28206. 0.286 3855. 18652.
# … with 7 more variables: Bh <dbl>, Bb <dbl>, Dh <dbl>, spread <dbl>,
#   tau1 <dbl>, V <dbl>, alpha2 <dbl>

R code successfully run...
Simulation 48 of 100 finished at t = 520 (55.23 sec.)
Saving results in file /home/italo/LSD/Work/model_jeec/Data_analysis/Base_scen/S2_148.res.gz... Done

Simulation 49 of 100 running...
Command sent to system was: Rscript /home/italo/LSD/Work/model_jeec/Data_analysis/Base_scen/init_cond/get_init.R S2 /home/italo/LSD/Work/model_jeec/Data_analysis/Base_scen/init_cond/# A tibble: 1 x 19
     gss    uT     A      S    INV     L      P     w     Df  etaf   nwB      B
   <dbl> <dbl> <dbl>  <dbl>  <dbl> <dbl>  <dbl> <dbl>  <dbl> <dbl> <dbl>  <dbl>
1 0.0302  0.80  6.12 5.33e5 1.07e5 30000 0.0697 0.294 28206. 0.286 3855. 18652.
# … with 7 more variables: Bh <dbl>, Bb <dbl>, Dh <dbl>, spread <dbl>,
#   tau1 <dbl>, V <dbl>, alpha2 <dbl>

R code successfully run...
Simulation 49 of 100 finished at t = 520 (63.32 sec.)
Saving results in file /home/italo/LSD/Work/model_jeec/Data_analysis/Base_scen/S2_149.res.gz... Done

Simulation 50 of 100 running...
Command sent to system was: Rscript /home/italo/LSD/Work/model_jeec/Data_analysis/Base_scen/init_cond/get_init.R S2 /home/italo/LSD/Work/model_jeec/Data_analysis/Base_scen/init_cond/# A tibble: 1 x 19
     gss    uT     A      S    INV     L      P     w     Df  etaf   nwB      B
   <dbl> <dbl> <dbl>  <dbl>  <dbl> <dbl>  <dbl> <dbl>  <dbl> <dbl> <dbl>  <dbl>
1 0.0302  0.80  6.12 5.33e5 1.07e5 30000 0.0697 0.294 28206. 0.286 3855. 18652.
# … with 7 more variables: Bh <dbl>, Bb <dbl>, Dh <dbl>, spread <dbl>,
#   tau1 <dbl>, V <dbl>, alpha2 <dbl>

R code successfully run...
Simulation 50 of 100 finished at t = 520 (52.79 sec.)
Saving results in file /home/italo/LSD/Work/model_jeec/Data_analysis/Base_scen/S2_150.res.gz... Done

Simulation 51 of 100 running...
Command sent to system was: Rscript /home/italo/LSD/Work/model_jeec/Data_analysis/Base_scen/init_cond/get_init.R S2 /home/italo/LSD/Work/model_jeec/Data_analysis/Base_scen/init_cond/# A tibble: 1 x 19
     gss    uT     A      S    INV     L      P     w     Df  etaf   nwB      B
   <dbl> <dbl> <dbl>  <dbl>  <dbl> <dbl>  <dbl> <dbl>  <dbl> <dbl> <dbl>  <dbl>
1 0.0302  0.80  6.12 5.33e5 1.07e5 30000 0.0697 0.294 28206. 0.286 3855. 18652.
# … with 7 more variables: Bh <dbl>, Bb <dbl>, Dh <dbl>, spread <dbl>,
#   tau1 <dbl>, V <dbl>, alpha2 <dbl>

R code successfully run...
Simulation 51 of 100 finished at t = 520 (57.28 sec.)
Saving results in file /home/italo/LSD/Work/model_jeec/Data_analysis/Base_scen/S2_151.res.gz... Done

Simulation 52 of 100 running...
Command sent to system was: Rscript /home/italo/LSD/Work/model_jeec/Data_analysis/Base_scen/init_cond/get_init.R S2 /home/italo/LSD/Work/model_jeec/Data_analysis/Base_scen/init_cond/# A tibble: 1 x 19
     gss    uT     A      S    INV     L      P     w     Df  etaf   nwB      B
   <dbl> <dbl> <dbl>  <dbl>  <dbl> <dbl>  <dbl> <dbl>  <dbl> <dbl> <dbl>  <dbl>
1 0.0302  0.80  6.12 5.33e5 1.07e5 30000 0.0697 0.294 28206. 0.286 3855. 18652.
# … with 7 more variables: Bh <dbl>, Bb <dbl>, Dh <dbl>, spread <dbl>,
#   tau1 <dbl>, V <dbl>, alpha2 <dbl>

R code successfully run...
Simulation 52 of 100 finished at t = 520 (50.52 sec.)
Saving results in file /home/italo/LSD/Work/model_jeec/Data_analysis/Base_scen/S2_152.res.gz... Done

Simulation 53 of 100 running...
Command sent to system was: Rscript /home/italo/LSD/Work/model_jeec/Data_analysis/Base_scen/init_cond/get_init.R S2 /home/italo/LSD/Work/model_jeec/Data_analysis/Base_scen/init_cond/# A tibble: 1 x 19
     gss    uT     A      S    INV     L      P     w     Df  etaf   nwB      B
   <dbl> <dbl> <dbl>  <dbl>  <dbl> <dbl>  <dbl> <dbl>  <dbl> <dbl> <dbl>  <dbl>
1 0.0302  0.80  6.12 5.33e5 1.07e5 30000 0.0697 0.294 28206. 0.286 3855. 18652.
# … with 7 more variables: Bh <dbl>, Bb <dbl>, Dh <dbl>, spread <dbl>,
#   tau1 <dbl>, V <dbl>, alpha2 <dbl>

R code successfully run...
Simulation 53 of 100 finished at t = 520 (62.08 sec.)
Saving results in file /home/italo/LSD/Work/model_jeec/Data_analysis/Base_scen/S2_153.res.gz... Done

Simulation 54 of 100 running...
Command sent to system was: Rscript /home/italo/LSD/Work/model_jeec/Data_analysis/Base_scen/init_cond/get_init.R S2 /home/italo/LSD/Work/model_jeec/Data_analysis/Base_scen/init_cond/# A tibble: 1 x 19
     gss    uT     A      S    INV     L      P     w     Df  etaf   nwB      B
   <dbl> <dbl> <dbl>  <dbl>  <dbl> <dbl>  <dbl> <dbl>  <dbl> <dbl> <dbl>  <dbl>
1 0.0302  0.80  6.12 5.33e5 1.07e5 30000 0.0697 0.294 28206. 0.286 3855. 18652.
# … with 7 more variables: Bh <dbl>, Bb <dbl>, Dh <dbl>, spread <dbl>,
#   tau1 <dbl>, V <dbl>, alpha2 <dbl>

R code successfully run...
Simulation 54 of 100 finished at t = 520 (58.60 sec.)
Saving results in file /home/italo/LSD/Work/model_jeec/Data_analysis/Base_scen/S2_154.res.gz... Done

Simulation 55 of 100 running...
Command sent to system was: Rscript /home/italo/LSD/Work/model_jeec/Data_analysis/Base_scen/init_cond/get_init.R S2 /home/italo/LSD/Work/model_jeec/Data_analysis/Base_scen/init_cond/# A tibble: 1 x 19
     gss    uT     A      S    INV     L      P     w     Df  etaf   nwB      B
   <dbl> <dbl> <dbl>  <dbl>  <dbl> <dbl>  <dbl> <dbl>  <dbl> <dbl> <dbl>  <dbl>
1 0.0302  0.80  6.12 5.33e5 1.07e5 30000 0.0697 0.294 28206. 0.286 3855. 18652.
# … with 7 more variables: Bh <dbl>, Bb <dbl>, Dh <dbl>, spread <dbl>,
#   tau1 <dbl>, V <dbl>, alpha2 <dbl>

R code successfully run...
Simulation 55 of 100 finished at t = 520 (59.52 sec.)
Saving results in file /home/italo/LSD/Work/model_jeec/Data_analysis/Base_scen/S2_155.res.gz... Done

Simulation 56 of 100 running...
Command sent to system was: Rscript /home/italo/LSD/Work/model_jeec/Data_analysis/Base_scen/init_cond/get_init.R S2 /home/italo/LSD/Work/model_jeec/Data_analysis/Base_scen/init_cond/# A tibble: 1 x 19
     gss    uT     A      S    INV     L      P     w     Df  etaf   nwB      B
   <dbl> <dbl> <dbl>  <dbl>  <dbl> <dbl>  <dbl> <dbl>  <dbl> <dbl> <dbl>  <dbl>
1 0.0302  0.80  6.12 5.33e5 1.07e5 30000 0.0697 0.294 28206. 0.286 3855. 18652.
# … with 7 more variables: Bh <dbl>, Bb <dbl>, Dh <dbl>, spread <dbl>,
#   tau1 <dbl>, V <dbl>, alpha2 <dbl>

R code successfully run...
Simulation 56 of 100 finished at t = 520 (54.18 sec.)
Saving results in file /home/italo/LSD/Work/model_jeec/Data_analysis/Base_scen/S2_156.res.gz... Done

Simulation 57 of 100 running...
Command sent to system was: Rscript /home/italo/LSD/Work/model_jeec/Data_analysis/Base_scen/init_cond/get_init.R S2 /home/italo/LSD/Work/model_jeec/Data_analysis/Base_scen/init_cond/# A tibble: 1 x 19
     gss    uT     A      S    INV     L      P     w     Df  etaf   nwB      B
   <dbl> <dbl> <dbl>  <dbl>  <dbl> <dbl>  <dbl> <dbl>  <dbl> <dbl> <dbl>  <dbl>
1 0.0302  0.80  6.12 5.33e5 1.07e5 30000 0.0697 0.294 28206. 0.286 3855. 18652.
# … with 7 more variables: Bh <dbl>, Bb <dbl>, Dh <dbl>, spread <dbl>,
#   tau1 <dbl>, V <dbl>, alpha2 <dbl>

R code successfully run...
Simulation 57 of 100 finished at t = 520 (55.19 sec.)
Saving results in file /home/italo/LSD/Work/model_jeec/Data_analysis/Base_scen/S2_157.res.gz... Done

Simulation 58 of 100 running...
Command sent to system was: Rscript /home/italo/LSD/Work/model_jeec/Data_analysis/Base_scen/init_cond/get_init.R S2 /home/italo/LSD/Work/model_jeec/Data_analysis/Base_scen/init_cond/# A tibble: 1 x 19
     gss    uT     A      S    INV     L      P     w     Df  etaf   nwB      B
   <dbl> <dbl> <dbl>  <dbl>  <dbl> <dbl>  <dbl> <dbl>  <dbl> <dbl> <dbl>  <dbl>
1 0.0302  0.80  6.12 5.33e5 1.07e5 30000 0.0697 0.294 28206. 0.286 3855. 18652.
# … with 7 more variables: Bh <dbl>, Bb <dbl>, Dh <dbl>, spread <dbl>,
#   tau1 <dbl>, V <dbl>, alpha2 <dbl>

R code successfully run...
Simulation 58 of 100 finished at t = 520 (58.97 sec.)
Saving results in file /home/italo/LSD/Work/model_jeec/Data_analysis/Base_scen/S2_158.res.gz... Done

Simulation 59 of 100 running...
Command sent to system was: Rscript /home/italo/LSD/Work/model_jeec/Data_analysis/Base_scen/init_cond/get_init.R S2 /home/italo/LSD/Work/model_jeec/Data_analysis/Base_scen/init_cond/# A tibble: 1 x 19
     gss    uT     A      S    INV     L      P     w     Df  etaf   nwB      B
   <dbl> <dbl> <dbl>  <dbl>  <dbl> <dbl>  <dbl> <dbl>  <dbl> <dbl> <dbl>  <dbl>
1 0.0302  0.80  6.12 5.33e5 1.07e5 30000 0.0697 0.294 28206. 0.286 3855. 18652.
# … with 7 more variables: Bh <dbl>, Bb <dbl>, Dh <dbl>, spread <dbl>,
#   tau1 <dbl>, V <dbl>, alpha2 <dbl>

R code successfully run...
Simulation 59 of 100 finished at t = 520 (68.11 sec.)
Saving results in file /home/italo/LSD/Work/model_jeec/Data_analysis/Base_scen/S2_159.res.gz... Done

Simulation 60 of 100 running...
Command sent to system was: Rscript /home/italo/LSD/Work/model_jeec/Data_analysis/Base_scen/init_cond/get_init.R S2 /home/italo/LSD/Work/model_jeec/Data_analysis/Base_scen/init_cond/# A tibble: 1 x 19
     gss    uT     A      S    INV     L      P     w     Df  etaf   nwB      B
   <dbl> <dbl> <dbl>  <dbl>  <dbl> <dbl>  <dbl> <dbl>  <dbl> <dbl> <dbl>  <dbl>
1 0.0302  0.80  6.12 5.33e5 1.07e5 30000 0.0697 0.294 28206. 0.286 3855. 18652.
# … with 7 more variables: Bh <dbl>, Bb <dbl>, Dh <dbl>, spread <dbl>,
#   tau1 <dbl>, V <dbl>, alpha2 <dbl>

R code successfully run...
Simulation 60 of 100 finished at t = 520 (55.56 sec.)
Saving results in file /home/italo/LSD/Work/model_jeec/Data_analysis/Base_scen/S2_160.res.gz... Done

Simulation 61 of 100 running...
Command sent to system was: Rscript /home/italo/LSD/Work/model_jeec/Data_analysis/Base_scen/init_cond/get_init.R S2 /home/italo/LSD/Work/model_jeec/Data_analysis/Base_scen/init_cond/# A tibble: 1 x 19
     gss    uT     A      S    INV     L      P     w     Df  etaf   nwB      B
   <dbl> <dbl> <dbl>  <dbl>  <dbl> <dbl>  <dbl> <dbl>  <dbl> <dbl> <dbl>  <dbl>
1 0.0302  0.80  6.12 5.33e5 1.07e5 30000 0.0697 0.294 28206. 0.286 3855. 18652.
# … with 7 more variables: Bh <dbl>, Bb <dbl>, Dh <dbl>, spread <dbl>,
#   tau1 <dbl>, V <dbl>, alpha2 <dbl>

R code successfully run...
Simulation 61 of 100 finished at t = 520 (65.87 sec.)
Saving results in file /home/italo/LSD/Work/model_jeec/Data_analysis/Base_scen/S2_161.res.gz... Done

Simulation 62 of 100 running...
Command sent to system was: Rscript /home/italo/LSD/Work/model_jeec/Data_analysis/Base_scen/init_cond/get_init.R S2 /home/italo/LSD/Work/model_jeec/Data_analysis/Base_scen/init_cond/# A tibble: 1 x 19
     gss    uT     A      S    INV     L      P     w     Df  etaf   nwB      B
   <dbl> <dbl> <dbl>  <dbl>  <dbl> <dbl>  <dbl> <dbl>  <dbl> <dbl> <dbl>  <dbl>
1 0.0302  0.80  6.12 5.33e5 1.07e5 30000 0.0697 0.294 28206. 0.286 3855. 18652.
# … with 7 more variables: Bh <dbl>, Bb <dbl>, Dh <dbl>, spread <dbl>,
#   tau1 <dbl>, V <dbl>, alpha2 <dbl>

R code successfully run...
Simulation 62 of 100 finished at t = 520 (64.17 sec.)
Saving results in file /home/italo/LSD/Work/model_jeec/Data_analysis/Base_scen/S2_162.res.gz... Done

Simulation 63 of 100 running...
Command sent to system was: Rscript /home/italo/LSD/Work/model_jeec/Data_analysis/Base_scen/init_cond/get_init.R S2 /home/italo/LSD/Work/model_jeec/Data_analysis/Base_scen/init_cond/# A tibble: 1 x 19
     gss    uT     A      S    INV     L      P     w     Df  etaf   nwB      B
   <dbl> <dbl> <dbl>  <dbl>  <dbl> <dbl>  <dbl> <dbl>  <dbl> <dbl> <dbl>  <dbl>
1 0.0302  0.80  6.12 5.33e5 1.07e5 30000 0.0697 0.294 28206. 0.286 3855. 18652.
# … with 7 more variables: Bh <dbl>, Bb <dbl>, Dh <dbl>, spread <dbl>,
#   tau1 <dbl>, V <dbl>, alpha2 <dbl>

R code successfully run...
Simulation 63 of 100 finished at t = 520 (62.67 sec.)
Saving results in file /home/italo/LSD/Work/model_jeec/Data_analysis/Base_scen/S2_163.res.gz... Done

Simulation 64 of 100 running...
Command sent to system was: Rscript /home/italo/LSD/Work/model_jeec/Data_analysis/Base_scen/init_cond/get_init.R S2 /home/italo/LSD/Work/model_jeec/Data_analysis/Base_scen/init_cond/# A tibble: 1 x 19
     gss    uT     A      S    INV     L      P     w     Df  etaf   nwB      B
   <dbl> <dbl> <dbl>  <dbl>  <dbl> <dbl>  <dbl> <dbl>  <dbl> <dbl> <dbl>  <dbl>
1 0.0302  0.80  6.12 5.33e5 1.07e5 30000 0.0697 0.294 28206. 0.286 3855. 18652.
# … with 7 more variables: Bh <dbl>, Bb <dbl>, Dh <dbl>, spread <dbl>,
#   tau1 <dbl>, V <dbl>, alpha2 <dbl>

R code successfully run...
Simulation 64 of 100 finished at t = 520 (51.28 sec.)
Saving results in file /home/italo/LSD/Work/model_jeec/Data_analysis/Base_scen/S2_164.res.gz... Done

Simulation 65 of 100 running...
Command sent to system was: Rscript /home/italo/LSD/Work/model_jeec/Data_analysis/Base_scen/init_cond/get_init.R S2 /home/italo/LSD/Work/model_jeec/Data_analysis/Base_scen/init_cond/# A tibble: 1 x 19
     gss    uT     A      S    INV     L      P     w     Df  etaf   nwB      B
   <dbl> <dbl> <dbl>  <dbl>  <dbl> <dbl>  <dbl> <dbl>  <dbl> <dbl> <dbl>  <dbl>
1 0.0302  0.80  6.12 5.33e5 1.07e5 30000 0.0697 0.294 28206. 0.286 3855. 18652.
# … with 7 more variables: Bh <dbl>, Bb <dbl>, Dh <dbl>, spread <dbl>,
#   tau1 <dbl>, V <dbl>, alpha2 <dbl>

R code successfully run...
Simulation 65 of 100 finished at t = 520 (56.31 sec.)
Saving results in file /home/italo/LSD/Work/model_jeec/Data_analysis/Base_scen/S2_165.res.gz... Done

Simulation 66 of 100 running...
Command sent to system was: Rscript /home/italo/LSD/Work/model_jeec/Data_analysis/Base_scen/init_cond/get_init.R S2 /home/italo/LSD/Work/model_jeec/Data_analysis/Base_scen/init_cond/# A tibble: 1 x 19
     gss    uT     A      S    INV     L      P     w     Df  etaf   nwB      B
   <dbl> <dbl> <dbl>  <dbl>  <dbl> <dbl>  <dbl> <dbl>  <dbl> <dbl> <dbl>  <dbl>
1 0.0302  0.80  6.12 5.33e5 1.07e5 30000 0.0697 0.294 28206. 0.286 3855. 18652.
# … with 7 more variables: Bh <dbl>, Bb <dbl>, Dh <dbl>, spread <dbl>,
#   tau1 <dbl>, V <dbl>, alpha2 <dbl>

R code successfully run...
Simulation 66 of 100 finished at t = 520 (61.70 sec.)
Saving results in file /home/italo/LSD/Work/model_jeec/Data_analysis/Base_scen/S2_166.res.gz... Done

Simulation 67 of 100 running...
Command sent to system was: Rscript /home/italo/LSD/Work/model_jeec/Data_analysis/Base_scen/init_cond/get_init.R S2 /home/italo/LSD/Work/model_jeec/Data_analysis/Base_scen/init_cond/# A tibble: 1 x 19
     gss    uT     A      S    INV     L      P     w     Df  etaf   nwB      B
   <dbl> <dbl> <dbl>  <dbl>  <dbl> <dbl>  <dbl> <dbl>  <dbl> <dbl> <dbl>  <dbl>
1 0.0302  0.80  6.12 5.33e5 1.07e5 30000 0.0697 0.294 28206. 0.286 3855. 18652.
# … with 7 more variables: Bh <dbl>, Bb <dbl>, Dh <dbl>, spread <dbl>,
#   tau1 <dbl>, V <dbl>, alpha2 <dbl>

R code successfully run...
Simulation 67 of 100 finished at t = 520 (50.71 sec.)
Saving results in file /home/italo/LSD/Work/model_jeec/Data_analysis/Base_scen/S2_167.res.gz... Done

Simulation 68 of 100 running...
Command sent to system was: Rscript /home/italo/LSD/Work/model_jeec/Data_analysis/Base_scen/init_cond/get_init.R S2 /home/italo/LSD/Work/model_jeec/Data_analysis/Base_scen/init_cond/# A tibble: 1 x 19
     gss    uT     A      S    INV     L      P     w     Df  etaf   nwB      B
   <dbl> <dbl> <dbl>  <dbl>  <dbl> <dbl>  <dbl> <dbl>  <dbl> <dbl> <dbl>  <dbl>
1 0.0302  0.80  6.12 5.33e5 1.07e5 30000 0.0697 0.294 28206. 0.286 3855. 18652.
# … with 7 more variables: Bh <dbl>, Bb <dbl>, Dh <dbl>, spread <dbl>,
#   tau1 <dbl>, V <dbl>, alpha2 <dbl>

R code successfully run...
Simulation 68 of 100 finished at t = 520 (51.16 sec.)
Saving results in file /home/italo/LSD/Work/model_jeec/Data_analysis/Base_scen/S2_168.res.gz... Done

Simulation 69 of 100 running...
Command sent to system was: Rscript /home/italo/LSD/Work/model_jeec/Data_analysis/Base_scen/init_cond/get_init.R S2 /home/italo/LSD/Work/model_jeec/Data_analysis/Base_scen/init_cond/# A tibble: 1 x 19
     gss    uT     A      S    INV     L      P     w     Df  etaf   nwB      B
   <dbl> <dbl> <dbl>  <dbl>  <dbl> <dbl>  <dbl> <dbl>  <dbl> <dbl> <dbl>  <dbl>
1 0.0302  0.80  6.12 5.33e5 1.07e5 30000 0.0697 0.294 28206. 0.286 3855. 18652.
# … with 7 more variables: Bh <dbl>, Bb <dbl>, Dh <dbl>, spread <dbl>,
#   tau1 <dbl>, V <dbl>, alpha2 <dbl>

R code successfully run...
Simulation 69 of 100 finished at t = 520 (51.61 sec.)
Saving results in file /home/italo/LSD/Work/model_jeec/Data_analysis/Base_scen/S2_169.res.gz... Done

Simulation 70 of 100 running...
Command sent to system was: Rscript /home/italo/LSD/Work/model_jeec/Data_analysis/Base_scen/init_cond/get_init.R S2 /home/italo/LSD/Work/model_jeec/Data_analysis/Base_scen/init_cond/# A tibble: 1 x 19
     gss    uT     A      S    INV     L      P     w     Df  etaf   nwB      B
   <dbl> <dbl> <dbl>  <dbl>  <dbl> <dbl>  <dbl> <dbl>  <dbl> <dbl> <dbl>  <dbl>
1 0.0302  0.80  6.12 5.33e5 1.07e5 30000 0.0697 0.294 28206. 0.286 3855. 18652.
# … with 7 more variables: Bh <dbl>, Bb <dbl>, Dh <dbl>, spread <dbl>,
#   tau1 <dbl>, V <dbl>, alpha2 <dbl>

R code successfully run...
Simulation 70 of 100 finished at t = 520 (53.91 sec.)
Saving results in file /home/italo/LSD/Work/model_jeec/Data_analysis/Base_scen/S2_170.res.gz... Done

Simulation 71 of 100 running...
Command sent to system was: Rscript /home/italo/LSD/Work/model_jeec/Data_analysis/Base_scen/init_cond/get_init.R S2 /home/italo/LSD/Work/model_jeec/Data_analysis/Base_scen/init_cond/# A tibble: 1 x 19
     gss    uT     A      S    INV     L      P     w     Df  etaf   nwB      B
   <dbl> <dbl> <dbl>  <dbl>  <dbl> <dbl>  <dbl> <dbl>  <dbl> <dbl> <dbl>  <dbl>
1 0.0302  0.80  6.12 5.33e5 1.07e5 30000 0.0697 0.294 28206. 0.286 3855. 18652.
# … with 7 more variables: Bh <dbl>, Bb <dbl>, Dh <dbl>, spread <dbl>,
#   tau1 <dbl>, V <dbl>, alpha2 <dbl>

R code successfully run...
Simulation 71 of 100 finished at t = 520 (52.28 sec.)
Saving results in file /home/italo/LSD/Work/model_jeec/Data_analysis/Base_scen/S2_171.res.gz... Done

Simulation 72 of 100 running...
Command sent to system was: Rscript /home/italo/LSD/Work/model_jeec/Data_analysis/Base_scen/init_cond/get_init.R S2 /home/italo/LSD/Work/model_jeec/Data_analysis/Base_scen/init_cond/# A tibble: 1 x 19
     gss    uT     A      S    INV     L      P     w     Df  etaf   nwB      B
   <dbl> <dbl> <dbl>  <dbl>  <dbl> <dbl>  <dbl> <dbl>  <dbl> <dbl> <dbl>  <dbl>
1 0.0302  0.80  6.12 5.33e5 1.07e5 30000 0.0697 0.294 28206. 0.286 3855. 18652.
# … with 7 more variables: Bh <dbl>, Bb <dbl>, Dh <dbl>, spread <dbl>,
#   tau1 <dbl>, V <dbl>, alpha2 <dbl>

R code successfully run...
Simulation 72 of 100 finished at t = 520 (60.15 sec.)
Saving results in file /home/italo/LSD/Work/model_jeec/Data_analysis/Base_scen/S2_172.res.gz... Done

Simulation 73 of 100 running...
Command sent to system was: Rscript /home/italo/LSD/Work/model_jeec/Data_analysis/Base_scen/init_cond/get_init.R S2 /home/italo/LSD/Work/model_jeec/Data_analysis/Base_scen/init_cond/# A tibble: 1 x 19
     gss    uT     A      S    INV     L      P     w     Df  etaf   nwB      B
   <dbl> <dbl> <dbl>  <dbl>  <dbl> <dbl>  <dbl> <dbl>  <dbl> <dbl> <dbl>  <dbl>
1 0.0302  0.80  6.12 5.33e5 1.07e5 30000 0.0697 0.294 28206. 0.286 3855. 18652.
# … with 7 more variables: Bh <dbl>, Bb <dbl>, Dh <dbl>, spread <dbl>,
#   tau1 <dbl>, V <dbl>, alpha2 <dbl>

R code successfully run...
Simulation 73 of 100 finished at t = 520 (58.90 sec.)
Saving results in file /home/italo/LSD/Work/model_jeec/Data_analysis/Base_scen/S2_173.res.gz... Done

Simulation 74 of 100 running...
Command sent to system was: Rscript /home/italo/LSD/Work/model_jeec/Data_analysis/Base_scen/init_cond/get_init.R S2 /home/italo/LSD/Work/model_jeec/Data_analysis/Base_scen/init_cond/# A tibble: 1 x 19
     gss    uT     A      S    INV     L      P     w     Df  etaf   nwB      B
   <dbl> <dbl> <dbl>  <dbl>  <dbl> <dbl>  <dbl> <dbl>  <dbl> <dbl> <dbl>  <dbl>
1 0.0302  0.80  6.12 5.33e5 1.07e5 30000 0.0697 0.294 28206. 0.286 3855. 18652.
# … with 7 more variables: Bh <dbl>, Bb <dbl>, Dh <dbl>, spread <dbl>,
#   tau1 <dbl>, V <dbl>, alpha2 <dbl>

R code successfully run...
Simulation 74 of 100 finished at t = 520 (56.90 sec.)
Saving results in file /home/italo/LSD/Work/model_jeec/Data_analysis/Base_scen/S2_174.res.gz... Done

Simulation 75 of 100 running...
Command sent to system was: Rscript /home/italo/LSD/Work/model_jeec/Data_analysis/Base_scen/init_cond/get_init.R S2 /home/italo/LSD/Work/model_jeec/Data_analysis/Base_scen/init_cond/# A tibble: 1 x 19
     gss    uT     A      S    INV     L      P     w     Df  etaf   nwB      B
   <dbl> <dbl> <dbl>  <dbl>  <dbl> <dbl>  <dbl> <dbl>  <dbl> <dbl> <dbl>  <dbl>
1 0.0302  0.80  6.12 5.33e5 1.07e5 30000 0.0697 0.294 28206. 0.286 3855. 18652.
# … with 7 more variables: Bh <dbl>, Bb <dbl>, Dh <dbl>, spread <dbl>,
#   tau1 <dbl>, V <dbl>, alpha2 <dbl>

R code successfully run...
Simulation 75 of 100 finished at t = 520 (54.18 sec.)
Saving results in file /home/italo/LSD/Work/model_jeec/Data_analysis/Base_scen/S2_175.res.gz... Done

Simulation 76 of 100 running...
Command sent to system was: Rscript /home/italo/LSD/Work/model_jeec/Data_analysis/Base_scen/init_cond/get_init.R S2 /home/italo/LSD/Work/model_jeec/Data_analysis/Base_scen/init_cond/# A tibble: 1 x 19
     gss    uT     A      S    INV     L      P     w     Df  etaf   nwB      B
   <dbl> <dbl> <dbl>  <dbl>  <dbl> <dbl>  <dbl> <dbl>  <dbl> <dbl> <dbl>  <dbl>
1 0.0302  0.80  6.12 5.33e5 1.07e5 30000 0.0697 0.294 28206. 0.286 3855. 18652.
# … with 7 more variables: Bh <dbl>, Bb <dbl>, Dh <dbl>, spread <dbl>,
#   tau1 <dbl>, V <dbl>, alpha2 <dbl>

R code successfully run...
Simulation 76 of 100 finished at t = 520 (59.25 sec.)
Saving results in file /home/italo/LSD/Work/model_jeec/Data_analysis/Base_scen/S2_176.res.gz... Done

Simulation 77 of 100 running...
Command sent to system was: Rscript /home/italo/LSD/Work/model_jeec/Data_analysis/Base_scen/init_cond/get_init.R S2 /home/italo/LSD/Work/model_jeec/Data_analysis/Base_scen/init_cond/# A tibble: 1 x 19
     gss    uT     A      S    INV     L      P     w     Df  etaf   nwB      B
   <dbl> <dbl> <dbl>  <dbl>  <dbl> <dbl>  <dbl> <dbl>  <dbl> <dbl> <dbl>  <dbl>
1 0.0302  0.80  6.12 5.33e5 1.07e5 30000 0.0697 0.294 28206. 0.286 3855. 18652.
# … with 7 more variables: Bh <dbl>, Bb <dbl>, Dh <dbl>, spread <dbl>,
#   tau1 <dbl>, V <dbl>, alpha2 <dbl>

R code successfully run...
Simulation 77 of 100 finished at t = 520 (64.76 sec.)
Saving results in file /home/italo/LSD/Work/model_jeec/Data_analysis/Base_scen/S2_177.res.gz... Done

Simulation 78 of 100 running...
Command sent to system was: Rscript /home/italo/LSD/Work/model_jeec/Data_analysis/Base_scen/init_cond/get_init.R S2 /home/italo/LSD/Work/model_jeec/Data_analysis/Base_scen/init_cond/# A tibble: 1 x 19
     gss    uT     A      S    INV     L      P     w     Df  etaf   nwB      B
   <dbl> <dbl> <dbl>  <dbl>  <dbl> <dbl>  <dbl> <dbl>  <dbl> <dbl> <dbl>  <dbl>
1 0.0302  0.80  6.12 5.33e5 1.07e5 30000 0.0697 0.294 28206. 0.286 3855. 18652.
# … with 7 more variables: Bh <dbl>, Bb <dbl>, Dh <dbl>, spread <dbl>,
#   tau1 <dbl>, V <dbl>, alpha2 <dbl>

R code successfully run...
Simulation 78 of 100 finished at t = 520 (54.64 sec.)
Saving results in file /home/italo/LSD/Work/model_jeec/Data_analysis/Base_scen/S2_178.res.gz... Done

Simulation 79 of 100 running...
Command sent to system was: Rscript /home/italo/LSD/Work/model_jeec/Data_analysis/Base_scen/init_cond/get_init.R S2 /home/italo/LSD/Work/model_jeec/Data_analysis/Base_scen/init_cond/# A tibble: 1 x 19
     gss    uT     A      S    INV     L      P     w     Df  etaf   nwB      B
   <dbl> <dbl> <dbl>  <dbl>  <dbl> <dbl>  <dbl> <dbl>  <dbl> <dbl> <dbl>  <dbl>
1 0.0302  0.80  6.12 5.33e5 1.07e5 30000 0.0697 0.294 28206. 0.286 3855. 18652.
# … with 7 more variables: Bh <dbl>, Bb <dbl>, Dh <dbl>, spread <dbl>,
#   tau1 <dbl>, V <dbl>, alpha2 <dbl>

R code successfully run...
Simulation 79 of 100 finished at t = 520 (54.32 sec.)
Saving results in file /home/italo/LSD/Work/model_jeec/Data_analysis/Base_scen/S2_179.res.gz... Done

Simulation 80 of 100 running...
Command sent to system was: Rscript /home/italo/LSD/Work/model_jeec/Data_analysis/Base_scen/init_cond/get_init.R S2 /home/italo/LSD/Work/model_jeec/Data_analysis/Base_scen/init_cond/# A tibble: 1 x 19
     gss    uT     A      S    INV     L      P     w     Df  etaf   nwB      B
   <dbl> <dbl> <dbl>  <dbl>  <dbl> <dbl>  <dbl> <dbl>  <dbl> <dbl> <dbl>  <dbl>
1 0.0302  0.80  6.12 5.33e5 1.07e5 30000 0.0697 0.294 28206. 0.286 3855. 18652.
# … with 7 more variables: Bh <dbl>, Bb <dbl>, Dh <dbl>, spread <dbl>,
#   tau1 <dbl>, V <dbl>, alpha2 <dbl>

R code successfully run...
Simulation 80 of 100 finished at t = 520 (54.12 sec.)
Saving results in file /home/italo/LSD/Work/model_jeec/Data_analysis/Base_scen/S2_180.res.gz... Done

Simulation 81 of 100 running...
Command sent to system was: Rscript /home/italo/LSD/Work/model_jeec/Data_analysis/Base_scen/init_cond/get_init.R S2 /home/italo/LSD/Work/model_jeec/Data_analysis/Base_scen/init_cond/# A tibble: 1 x 19
     gss    uT     A      S    INV     L      P     w     Df  etaf   nwB      B
   <dbl> <dbl> <dbl>  <dbl>  <dbl> <dbl>  <dbl> <dbl>  <dbl> <dbl> <dbl>  <dbl>
1 0.0302  0.80  6.12 5.33e5 1.07e5 30000 0.0697 0.294 28206. 0.286 3855. 18652.
# … with 7 more variables: Bh <dbl>, Bb <dbl>, Dh <dbl>, spread <dbl>,
#   tau1 <dbl>, V <dbl>, alpha2 <dbl>

R code successfully run...
Simulation 81 of 100 finished at t = 520 (57.25 sec.)
Saving results in file /home/italo/LSD/Work/model_jeec/Data_analysis/Base_scen/S2_181.res.gz... Done

Simulation 82 of 100 running...
Command sent to system was: Rscript /home/italo/LSD/Work/model_jeec/Data_analysis/Base_scen/init_cond/get_init.R S2 /home/italo/LSD/Work/model_jeec/Data_analysis/Base_scen/init_cond/# A tibble: 1 x 19
     gss    uT     A      S    INV     L      P     w     Df  etaf   nwB      B
   <dbl> <dbl> <dbl>  <dbl>  <dbl> <dbl>  <dbl> <dbl>  <dbl> <dbl> <dbl>  <dbl>
1 0.0302  0.80  6.12 5.33e5 1.07e5 30000 0.0697 0.294 28206. 0.286 3855. 18652.
# … with 7 more variables: Bh <dbl>, Bb <dbl>, Dh <dbl>, spread <dbl>,
#   tau1 <dbl>, V <dbl>, alpha2 <dbl>

R code successfully run...
Simulation 82 of 100 finished at t = 520 (60.32 sec.)
Saving results in file /home/italo/LSD/Work/model_jeec/Data_analysis/Base_scen/S2_182.res.gz... Done

Simulation 83 of 100 running...
Command sent to system was: Rscript /home/italo/LSD/Work/model_jeec/Data_analysis/Base_scen/init_cond/get_init.R S2 /home/italo/LSD/Work/model_jeec/Data_analysis/Base_scen/init_cond/# A tibble: 1 x 19
     gss    uT     A      S    INV     L      P     w     Df  etaf   nwB      B
   <dbl> <dbl> <dbl>  <dbl>  <dbl> <dbl>  <dbl> <dbl>  <dbl> <dbl> <dbl>  <dbl>
1 0.0302  0.80  6.12 5.33e5 1.07e5 30000 0.0697 0.294 28206. 0.286 3855. 18652.
# … with 7 more variables: Bh <dbl>, Bb <dbl>, Dh <dbl>, spread <dbl>,
#   tau1 <dbl>, V <dbl>, alpha2 <dbl>

R code successfully run...
Simulation 83 of 100 finished at t = 520 (56.79 sec.)
Saving results in file /home/italo/LSD/Work/model_jeec/Data_analysis/Base_scen/S2_183.res.gz... Done

Simulation 84 of 100 running...
Command sent to system was: Rscript /home/italo/LSD/Work/model_jeec/Data_analysis/Base_scen/init_cond/get_init.R S2 /home/italo/LSD/Work/model_jeec/Data_analysis/Base_scen/init_cond/# A tibble: 1 x 19
     gss    uT     A      S    INV     L      P     w     Df  etaf   nwB      B
   <dbl> <dbl> <dbl>  <dbl>  <dbl> <dbl>  <dbl> <dbl>  <dbl> <dbl> <dbl>  <dbl>
1 0.0302  0.80  6.12 5.33e5 1.07e5 30000 0.0697 0.294 28206. 0.286 3855. 18652.
# … with 7 more variables: Bh <dbl>, Bb <dbl>, Dh <dbl>, spread <dbl>,
#   tau1 <dbl>, V <dbl>, alpha2 <dbl>

R code successfully run...
Simulation 84 of 100 finished at t = 520 (54.33 sec.)
Saving results in file /home/italo/LSD/Work/model_jeec/Data_analysis/Base_scen/S2_184.res.gz... Done

Simulation 85 of 100 running...
Command sent to system was: Rscript /home/italo/LSD/Work/model_jeec/Data_analysis/Base_scen/init_cond/get_init.R S2 /home/italo/LSD/Work/model_jeec/Data_analysis/Base_scen/init_cond/# A tibble: 1 x 19
     gss    uT     A      S    INV     L      P     w     Df  etaf   nwB      B
   <dbl> <dbl> <dbl>  <dbl>  <dbl> <dbl>  <dbl> <dbl>  <dbl> <dbl> <dbl>  <dbl>
1 0.0302  0.80  6.12 5.33e5 1.07e5 30000 0.0697 0.294 28206. 0.286 3855. 18652.
# … with 7 more variables: Bh <dbl>, Bb <dbl>, Dh <dbl>, spread <dbl>,
#   tau1 <dbl>, V <dbl>, alpha2 <dbl>

R code successfully run...
Simulation 85 of 100 finished at t = 520 (56.34 sec.)
Saving results in file /home/italo/LSD/Work/model_jeec/Data_analysis/Base_scen/S2_185.res.gz... Done

Simulation 86 of 100 running...
Command sent to system was: Rscript /home/italo/LSD/Work/model_jeec/Data_analysis/Base_scen/init_cond/get_init.R S2 /home/italo/LSD/Work/model_jeec/Data_analysis/Base_scen/init_cond/# A tibble: 1 x 19
     gss    uT     A      S    INV     L      P     w     Df  etaf   nwB      B
   <dbl> <dbl> <dbl>  <dbl>  <dbl> <dbl>  <dbl> <dbl>  <dbl> <dbl> <dbl>  <dbl>
1 0.0302  0.80  6.12 5.33e5 1.07e5 30000 0.0697 0.294 28206. 0.286 3855. 18652.
# … with 7 more variables: Bh <dbl>, Bb <dbl>, Dh <dbl>, spread <dbl>,
#   tau1 <dbl>, V <dbl>, alpha2 <dbl>

R code successfully run...
Simulation 86 of 100 finished at t = 520 (57.47 sec.)
Saving results in file /home/italo/LSD/Work/model_jeec/Data_analysis/Base_scen/S2_186.res.gz... Done

Simulation 87 of 100 running...
Command sent to system was: Rscript /home/italo/LSD/Work/model_jeec/Data_analysis/Base_scen/init_cond/get_init.R S2 /home/italo/LSD/Work/model_jeec/Data_analysis/Base_scen/init_cond/# A tibble: 1 x 19
     gss    uT     A      S    INV     L      P     w     Df  etaf   nwB      B
   <dbl> <dbl> <dbl>  <dbl>  <dbl> <dbl>  <dbl> <dbl>  <dbl> <dbl> <dbl>  <dbl>
1 0.0302  0.80  6.12 5.33e5 1.07e5 30000 0.0697 0.294 28206. 0.286 3855. 18652.
# … with 7 more variables: Bh <dbl>, Bb <dbl>, Dh <dbl>, spread <dbl>,
#   tau1 <dbl>, V <dbl>, alpha2 <dbl>

R code successfully run...
Simulation 87 of 100 finished at t = 520 (58.20 sec.)
Saving results in file /home/italo/LSD/Work/model_jeec/Data_analysis/Base_scen/S2_187.res.gz... Done

Simulation 88 of 100 running...
Command sent to system was: Rscript /home/italo/LSD/Work/model_jeec/Data_analysis/Base_scen/init_cond/get_init.R S2 /home/italo/LSD/Work/model_jeec/Data_analysis/Base_scen/init_cond/# A tibble: 1 x 19
     gss    uT     A      S    INV     L      P     w     Df  etaf   nwB      B
   <dbl> <dbl> <dbl>  <dbl>  <dbl> <dbl>  <dbl> <dbl>  <dbl> <dbl> <dbl>  <dbl>
1 0.0302  0.80  6.12 5.33e5 1.07e5 30000 0.0697 0.294 28206. 0.286 3855. 18652.
# … with 7 more variables: Bh <dbl>, Bb <dbl>, Dh <dbl>, spread <dbl>,
#   tau1 <dbl>, V <dbl>, alpha2 <dbl>

R code successfully run...
Simulation 88 of 100 finished at t = 520 (57.87 sec.)
Saving results in file /home/italo/LSD/Work/model_jeec/Data_analysis/Base_scen/S2_188.res.gz... Done

Simulation 89 of 100 running...
Command sent to system was: Rscript /home/italo/LSD/Work/model_jeec/Data_analysis/Base_scen/init_cond/get_init.R S2 /home/italo/LSD/Work/model_jeec/Data_analysis/Base_scen/init_cond/# A tibble: 1 x 19
     gss    uT     A      S    INV     L      P     w     Df  etaf   nwB      B
   <dbl> <dbl> <dbl>  <dbl>  <dbl> <dbl>  <dbl> <dbl>  <dbl> <dbl> <dbl>  <dbl>
1 0.0302  0.80  6.12 5.33e5 1.07e5 30000 0.0697 0.294 28206. 0.286 3855. 18652.
# … with 7 more variables: Bh <dbl>, Bb <dbl>, Dh <dbl>, spread <dbl>,
#   tau1 <dbl>, V <dbl>, alpha2 <dbl>

R code successfully run...
Simulation 89 of 100 finished at t = 520 (52.84 sec.)
Saving results in file /home/italo/LSD/Work/model_jeec/Data_analysis/Base_scen/S2_189.res.gz... Done

Simulation 90 of 100 running...
Command sent to system was: Rscript /home/italo/LSD/Work/model_jeec/Data_analysis/Base_scen/init_cond/get_init.R S2 /home/italo/LSD/Work/model_jeec/Data_analysis/Base_scen/init_cond/# A tibble: 1 x 19
     gss    uT     A      S    INV     L      P     w     Df  etaf   nwB      B
   <dbl> <dbl> <dbl>  <dbl>  <dbl> <dbl>  <dbl> <dbl>  <dbl> <dbl> <dbl>  <dbl>
1 0.0302  0.80  6.12 5.33e5 1.07e5 30000 0.0697 0.294 28206. 0.286 3855. 18652.
# … with 7 more variables: Bh <dbl>, Bb <dbl>, Dh <dbl>, spread <dbl>,
#   tau1 <dbl>, V <dbl>, alpha2 <dbl>

R code successfully run...
Simulation 90 of 100 finished at t = 520 (54.64 sec.)
Saving results in file /home/italo/LSD/Work/model_jeec/Data_analysis/Base_scen/S2_190.res.gz... Done

Simulation 91 of 100 running...
Command sent to system was: Rscript /home/italo/LSD/Work/model_jeec/Data_analysis/Base_scen/init_cond/get_init.R S2 /home/italo/LSD/Work/model_jeec/Data_analysis/Base_scen/init_cond/# A tibble: 1 x 19
     gss    uT     A      S    INV     L      P     w     Df  etaf   nwB      B
   <dbl> <dbl> <dbl>  <dbl>  <dbl> <dbl>  <dbl> <dbl>  <dbl> <dbl> <dbl>  <dbl>
1 0.0302  0.80  6.12 5.33e5 1.07e5 30000 0.0697 0.294 28206. 0.286 3855. 18652.
# … with 7 more variables: Bh <dbl>, Bb <dbl>, Dh <dbl>, spread <dbl>,
#   tau1 <dbl>, V <dbl>, alpha2 <dbl>

R code successfully run...
Simulation 91 of 100 finished at t = 520 (58.62 sec.)
Saving results in file /home/italo/LSD/Work/model_jeec/Data_analysis/Base_scen/S2_191.res.gz... Done

Simulation 92 of 100 running...
Command sent to system was: Rscript /home/italo/LSD/Work/model_jeec/Data_analysis/Base_scen/init_cond/get_init.R S2 /home/italo/LSD/Work/model_jeec/Data_analysis/Base_scen/init_cond/# A tibble: 1 x 19
     gss    uT     A      S    INV     L      P     w     Df  etaf   nwB      B
   <dbl> <dbl> <dbl>  <dbl>  <dbl> <dbl>  <dbl> <dbl>  <dbl> <dbl> <dbl>  <dbl>
1 0.0302  0.80  6.12 5.33e5 1.07e5 30000 0.0697 0.294 28206. 0.286 3855. 18652.
# … with 7 more variables: Bh <dbl>, Bb <dbl>, Dh <dbl>, spread <dbl>,
#   tau1 <dbl>, V <dbl>, alpha2 <dbl>

R code successfully run...
Simulation 92 of 100 finished at t = 520 (53.91 sec.)
Saving results in file /home/italo/LSD/Work/model_jeec/Data_analysis/Base_scen/S2_192.res.gz... Done

Simulation 93 of 100 running...
Command sent to system was: Rscript /home/italo/LSD/Work/model_jeec/Data_analysis/Base_scen/init_cond/get_init.R S2 /home/italo/LSD/Work/model_jeec/Data_analysis/Base_scen/init_cond/# A tibble: 1 x 19
     gss    uT     A      S    INV     L      P     w     Df  etaf   nwB      B
   <dbl> <dbl> <dbl>  <dbl>  <dbl> <dbl>  <dbl> <dbl>  <dbl> <dbl> <dbl>  <dbl>
1 0.0302  0.80  6.12 5.33e5 1.07e5 30000 0.0697 0.294 28206. 0.286 3855. 18652.
# … with 7 more variables: Bh <dbl>, Bb <dbl>, Dh <dbl>, spread <dbl>,
#   tau1 <dbl>, V <dbl>, alpha2 <dbl>

R code successfully run...
Simulation 93 of 100 finished at t = 520 (53.73 sec.)
Saving results in file /home/italo/LSD/Work/model_jeec/Data_analysis/Base_scen/S2_193.res.gz... Done

Simulation 94 of 100 running...
Command sent to system was: Rscript /home/italo/LSD/Work/model_jeec/Data_analysis/Base_scen/init_cond/get_init.R S2 /home/italo/LSD/Work/model_jeec/Data_analysis/Base_scen/init_cond/# A tibble: 1 x 19
     gss    uT     A      S    INV     L      P     w     Df  etaf   nwB      B
   <dbl> <dbl> <dbl>  <dbl>  <dbl> <dbl>  <dbl> <dbl>  <dbl> <dbl> <dbl>  <dbl>
1 0.0302  0.80  6.12 5.33e5 1.07e5 30000 0.0697 0.294 28206. 0.286 3855. 18652.
# … with 7 more variables: Bh <dbl>, Bb <dbl>, Dh <dbl>, spread <dbl>,
#   tau1 <dbl>, V <dbl>, alpha2 <dbl>

R code successfully run...
Simulation 94 of 100 finished at t = 520 (53.96 sec.)
Saving results in file /home/italo/LSD/Work/model_jeec/Data_analysis/Base_scen/S2_194.res.gz... Done

Simulation 95 of 100 running...
Command sent to system was: Rscript /home/italo/LSD/Work/model_jeec/Data_analysis/Base_scen/init_cond/get_init.R S2 /home/italo/LSD/Work/model_jeec/Data_analysis/Base_scen/init_cond/# A tibble: 1 x 19
     gss    uT     A      S    INV     L      P     w     Df  etaf   nwB      B
   <dbl> <dbl> <dbl>  <dbl>  <dbl> <dbl>  <dbl> <dbl>  <dbl> <dbl> <dbl>  <dbl>
1 0.0302  0.80  6.12 5.33e5 1.07e5 30000 0.0697 0.294 28206. 0.286 3855. 18652.
# … with 7 more variables: Bh <dbl>, Bb <dbl>, Dh <dbl>, spread <dbl>,
#   tau1 <dbl>, V <dbl>, alpha2 <dbl>

R code successfully run...
Simulation 95 of 100 finished at t = 520 (53.05 sec.)
Saving results in file /home/italo/LSD/Work/model_jeec/Data_analysis/Base_scen/S2_195.res.gz... Done

Simulation 96 of 100 running...
Command sent to system was: Rscript /home/italo/LSD/Work/model_jeec/Data_analysis/Base_scen/init_cond/get_init.R S2 /home/italo/LSD/Work/model_jeec/Data_analysis/Base_scen/init_cond/# A tibble: 1 x 19
     gss    uT     A      S    INV     L      P     w     Df  etaf   nwB      B
   <dbl> <dbl> <dbl>  <dbl>  <dbl> <dbl>  <dbl> <dbl>  <dbl> <dbl> <dbl>  <dbl>
1 0.0302  0.80  6.12 5.33e5 1.07e5 30000 0.0697 0.294 28206. 0.286 3855. 18652.
# … with 7 more variables: Bh <dbl>, Bb <dbl>, Dh <dbl>, spread <dbl>,
#   tau1 <dbl>, V <dbl>, alpha2 <dbl>

R code successfully run...
Simulation 96 of 100 finished at t = 520 (52.87 sec.)
Saving results in file /home/italo/LSD/Work/model_jeec/Data_analysis/Base_scen/S2_196.res.gz... Done

Simulation 97 of 100 running...
Command sent to system was: Rscript /home/italo/LSD/Work/model_jeec/Data_analysis/Base_scen/init_cond/get_init.R S2 /home/italo/LSD/Work/model_jeec/Data_analysis/Base_scen/init_cond/# A tibble: 1 x 19
     gss    uT     A      S    INV     L      P     w     Df  etaf   nwB      B
   <dbl> <dbl> <dbl>  <dbl>  <dbl> <dbl>  <dbl> <dbl>  <dbl> <dbl> <dbl>  <dbl>
1 0.0302  0.80  6.12 5.33e5 1.07e5 30000 0.0697 0.294 28206. 0.286 3855. 18652.
# … with 7 more variables: Bh <dbl>, Bb <dbl>, Dh <dbl>, spread <dbl>,
#   tau1 <dbl>, V <dbl>, alpha2 <dbl>

R code successfully run...
Simulation 97 of 100 finished at t = 520 (52.99 sec.)
Saving results in file /home/italo/LSD/Work/model_jeec/Data_analysis/Base_scen/S2_197.res.gz... Done

Simulation 98 of 100 running...
Command sent to system was: Rscript /home/italo/LSD/Work/model_jeec/Data_analysis/Base_scen/init_cond/get_init.R S2 /home/italo/LSD/Work/model_jeec/Data_analysis/Base_scen/init_cond/# A tibble: 1 x 19
     gss    uT     A      S    INV     L      P     w     Df  etaf   nwB      B
   <dbl> <dbl> <dbl>  <dbl>  <dbl> <dbl>  <dbl> <dbl>  <dbl> <dbl> <dbl>  <dbl>
1 0.0302  0.80  6.12 5.33e5 1.07e5 30000 0.0697 0.294 28206. 0.286 3855. 18652.
# … with 7 more variables: Bh <dbl>, Bb <dbl>, Dh <dbl>, spread <dbl>,
#   tau1 <dbl>, V <dbl>, alpha2 <dbl>

R code successfully run...
Simulation 98 of 100 finished at t = 520 (53.25 sec.)
Saving results in file /home/italo/LSD/Work/model_jeec/Data_analysis/Base_scen/S2_198.res.gz... Done

Simulation 99 of 100 running...
Command sent to system was: Rscript /home/italo/LSD/Work/model_jeec/Data_analysis/Base_scen/init_cond/get_init.R S2 /home/italo/LSD/Work/model_jeec/Data_analysis/Base_scen/init_cond/# A tibble: 1 x 19
     gss    uT     A      S    INV     L      P     w     Df  etaf   nwB      B
   <dbl> <dbl> <dbl>  <dbl>  <dbl> <dbl>  <dbl> <dbl>  <dbl> <dbl> <dbl>  <dbl>
1 0.0302  0.80  6.12 5.33e5 1.07e5 30000 0.0697 0.294 28206. 0.286 3855. 18652.
# … with 7 more variables: Bh <dbl>, Bb <dbl>, Dh <dbl>, spread <dbl>,
#   tau1 <dbl>, V <dbl>, alpha2 <dbl>

R code successfully run...
Simulation 99 of 100 finished at t = 520 (53.52 sec.)
Saving results in file /home/italo/LSD/Work/model_jeec/Data_analysis/Base_scen/S2_199.res.gz... Done

Simulation 100 of 100 running...
Command sent to system was: Rscript /home/italo/LSD/Work/model_jeec/Data_analysis/Base_scen/init_cond/get_init.R S2 /home/italo/LSD/Work/model_jeec/Data_analysis/Base_scen/init_cond/# A tibble: 1 x 19
     gss    uT     A      S    INV     L      P     w     Df  etaf   nwB      B
   <dbl> <dbl> <dbl>  <dbl>  <dbl> <dbl>  <dbl> <dbl>  <dbl> <dbl> <dbl>  <dbl>
1 0.0302  0.80  6.12 5.33e5 1.07e5 30000 0.0697 0.294 28206. 0.286 3855. 18652.
# … with 7 more variables: Bh <dbl>, Bb <dbl>, Dh <dbl>, spread <dbl>,
#   tau1 <dbl>, V <dbl>, alpha2 <dbl>

R code successfully run...
Simulation 100 of 100 finished at t = 520 (55.74 sec.)
Saving results in file /home/italo/LSD/Work/model_jeec/Data_analysis/Base_scen/S2_200.res.gz... Done

Saving totals in file /home/italo/LSD/Work/model_jeec/Data_analysis/Base_scen/S2_101_200.tot.gz... Done
