
Processing configuration file /home/italo/LSD/Work/model_jeec/Data_analysis/Base_scen/S3.lsd ...

Simulation 1 of 100 running...
Command sent to system was: Rscript /home/italo/LSD/Work/model_jeec/Data_analysis/Base_scen/init_cond/get_init.R S3 /home/italo/LSD/Work/model_jeec/Data_analysis/Base_scen/init_cond/# A tibble: 1 x 19
     gss    uT     A      S    INV     L      P     w     Df  etaf   nwB      B
   <dbl> <dbl> <dbl>  <dbl>  <dbl> <dbl>  <dbl> <dbl>  <dbl> <dbl> <dbl>  <dbl>
1 0.0302  0.80  6.12 5.33e5 1.07e5 30000 0.0697 0.294 28206. 0.286 3855. 18652.
# … with 7 more variables: Bh <dbl>, Bb <dbl>, Dh <dbl>, spread <dbl>,
#   tau1 <dbl>, V <dbl>, alpha2 <dbl>

R code successfully run...
Simulation 1 of 100 finished at t = 520 (36.30 sec.)
Saving results in file /home/italo/LSD/Work/model_jeec/Data_analysis/Base_scen/S3_201.res.gz... Done

Simulation 2 of 100 running...
Command sent to system was: Rscript /home/italo/LSD/Work/model_jeec/Data_analysis/Base_scen/init_cond/get_init.R S3 /home/italo/LSD/Work/model_jeec/Data_analysis/Base_scen/init_cond/# A tibble: 1 x 19
     gss    uT     A      S    INV     L      P     w     Df  etaf   nwB      B
   <dbl> <dbl> <dbl>  <dbl>  <dbl> <dbl>  <dbl> <dbl>  <dbl> <dbl> <dbl>  <dbl>
1 0.0302  0.80  6.12 5.33e5 1.07e5 30000 0.0697 0.294 28206. 0.286 3855. 18652.
# … with 7 more variables: Bh <dbl>, Bb <dbl>, Dh <dbl>, spread <dbl>,
#   tau1 <dbl>, V <dbl>, alpha2 <dbl>

R code successfully run...
Simulation 2 of 100 finished at t = 520 (36.90 sec.)
Saving results in file /home/italo/LSD/Work/model_jeec/Data_analysis/Base_scen/S3_202.res.gz... Done

Simulation 3 of 100 running...
Command sent to system was: Rscript /home/italo/LSD/Work/model_jeec/Data_analysis/Base_scen/init_cond/get_init.R S3 /home/italo/LSD/Work/model_jeec/Data_analysis/Base_scen/init_cond/# A tibble: 1 x 19
     gss    uT     A      S    INV     L      P     w     Df  etaf   nwB      B
   <dbl> <dbl> <dbl>  <dbl>  <dbl> <dbl>  <dbl> <dbl>  <dbl> <dbl> <dbl>  <dbl>
1 0.0302  0.80  6.12 5.33e5 1.07e5 30000 0.0697 0.294 28206. 0.286 3855. 18652.
# … with 7 more variables: Bh <dbl>, Bb <dbl>, Dh <dbl>, spread <dbl>,
#   tau1 <dbl>, V <dbl>, alpha2 <dbl>

R code successfully run...
Simulation 3 of 100 finished at t = 520 (37.30 sec.)
Saving results in file /home/italo/LSD/Work/model_jeec/Data_analysis/Base_scen/S3_203.res.gz... Done

Simulation 4 of 100 running...
Command sent to system was: Rscript /home/italo/LSD/Work/model_jeec/Data_analysis/Base_scen/init_cond/get_init.R S3 /home/italo/LSD/Work/model_jeec/Data_analysis/Base_scen/init_cond/# A tibble: 1 x 19
     gss    uT     A      S    INV     L      P     w     Df  etaf   nwB      B
   <dbl> <dbl> <dbl>  <dbl>  <dbl> <dbl>  <dbl> <dbl>  <dbl> <dbl> <dbl>  <dbl>
1 0.0302  0.80  6.12 5.33e5 1.07e5 30000 0.0697 0.294 28206. 0.286 3855. 18652.
# … with 7 more variables: Bh <dbl>, Bb <dbl>, Dh <dbl>, spread <dbl>,
#   tau1 <dbl>, V <dbl>, alpha2 <dbl>

R code successfully run...
Simulation 4 of 100 finished at t = 520 (37.48 sec.)
Saving results in file /home/italo/LSD/Work/model_jeec/Data_analysis/Base_scen/S3_204.res.gz... Done

Simulation 5 of 100 running...
Command sent to system was: Rscript /home/italo/LSD/Work/model_jeec/Data_analysis/Base_scen/init_cond/get_init.R S3 /home/italo/LSD/Work/model_jeec/Data_analysis/Base_scen/init_cond/# A tibble: 1 x 19
     gss    uT     A      S    INV     L      P     w     Df  etaf   nwB      B
   <dbl> <dbl> <dbl>  <dbl>  <dbl> <dbl>  <dbl> <dbl>  <dbl> <dbl> <dbl>  <dbl>
1 0.0302  0.80  6.12 5.33e5 1.07e5 30000 0.0697 0.294 28206. 0.286 3855. 18652.
# … with 7 more variables: Bh <dbl>, Bb <dbl>, Dh <dbl>, spread <dbl>,
#   tau1 <dbl>, V <dbl>, alpha2 <dbl>

R code successfully run...
Simulation 5 of 100 finished at t = 520 (38.01 sec.)
Saving results in file /home/italo/LSD/Work/model_jeec/Data_analysis/Base_scen/S3_205.res.gz... Done

Simulation 6 of 100 running...
Command sent to system was: Rscript /home/italo/LSD/Work/model_jeec/Data_analysis/Base_scen/init_cond/get_init.R S3 /home/italo/LSD/Work/model_jeec/Data_analysis/Base_scen/init_cond/# A tibble: 1 x 19
     gss    uT     A      S    INV     L      P     w     Df  etaf   nwB      B
   <dbl> <dbl> <dbl>  <dbl>  <dbl> <dbl>  <dbl> <dbl>  <dbl> <dbl> <dbl>  <dbl>
1 0.0302  0.80  6.12 5.33e5 1.07e5 30000 0.0697 0.294 28206. 0.286 3855. 18652.
# … with 7 more variables: Bh <dbl>, Bb <dbl>, Dh <dbl>, spread <dbl>,
#   tau1 <dbl>, V <dbl>, alpha2 <dbl>

R code successfully run...
Simulation 6 of 100 finished at t = 520 (38.73 sec.)
Saving results in file /home/italo/LSD/Work/model_jeec/Data_analysis/Base_scen/S3_206.res.gz... Done

Simulation 7 of 100 running...
Command sent to system was: Rscript /home/italo/LSD/Work/model_jeec/Data_analysis/Base_scen/init_cond/get_init.R S3 /home/italo/LSD/Work/model_jeec/Data_analysis/Base_scen/init_cond/# A tibble: 1 x 19
     gss    uT     A      S    INV     L      P     w     Df  etaf   nwB      B
   <dbl> <dbl> <dbl>  <dbl>  <dbl> <dbl>  <dbl> <dbl>  <dbl> <dbl> <dbl>  <dbl>
1 0.0302  0.80  6.12 5.33e5 1.07e5 30000 0.0697 0.294 28206. 0.286 3855. 18652.
# … with 7 more variables: Bh <dbl>, Bb <dbl>, Dh <dbl>, spread <dbl>,
#   tau1 <dbl>, V <dbl>, alpha2 <dbl>

R code successfully run...
Simulation 7 of 100 finished at t = 520 (38.83 sec.)
Saving results in file /home/italo/LSD/Work/model_jeec/Data_analysis/Base_scen/S3_207.res.gz... Done

Simulation 8 of 100 running...
Command sent to system was: Rscript /home/italo/LSD/Work/model_jeec/Data_analysis/Base_scen/init_cond/get_init.R S3 /home/italo/LSD/Work/model_jeec/Data_analysis/Base_scen/init_cond/# A tibble: 1 x 19
     gss    uT     A      S    INV     L      P     w     Df  etaf   nwB      B
   <dbl> <dbl> <dbl>  <dbl>  <dbl> <dbl>  <dbl> <dbl>  <dbl> <dbl> <dbl>  <dbl>
1 0.0302  0.80  6.12 5.33e5 1.07e5 30000 0.0697 0.294 28206. 0.286 3855. 18652.
# … with 7 more variables: Bh <dbl>, Bb <dbl>, Dh <dbl>, spread <dbl>,
#   tau1 <dbl>, V <dbl>, alpha2 <dbl>

R code successfully run...
Simulation 8 of 100 finished at t = 520 (37.92 sec.)
Saving results in file /home/italo/LSD/Work/model_jeec/Data_analysis/Base_scen/S3_208.res.gz... Done

Simulation 9 of 100 running...
Command sent to system was: Rscript /home/italo/LSD/Work/model_jeec/Data_analysis/Base_scen/init_cond/get_init.R S3 /home/italo/LSD/Work/model_jeec/Data_analysis/Base_scen/init_cond/# A tibble: 1 x 19
     gss    uT     A      S    INV     L      P     w     Df  etaf   nwB      B
   <dbl> <dbl> <dbl>  <dbl>  <dbl> <dbl>  <dbl> <dbl>  <dbl> <dbl> <dbl>  <dbl>
1 0.0302  0.80  6.12 5.33e5 1.07e5 30000 0.0697 0.294 28206. 0.286 3855. 18652.
# … with 7 more variables: Bh <dbl>, Bb <dbl>, Dh <dbl>, spread <dbl>,
#   tau1 <dbl>, V <dbl>, alpha2 <dbl>

R code successfully run...
Simulation 9 of 100 finished at t = 520 (40.17 sec.)
Saving results in file /home/italo/LSD/Work/model_jeec/Data_analysis/Base_scen/S3_209.res.gz... Done

Simulation 10 of 100 running...
Command sent to system was: Rscript /home/italo/LSD/Work/model_jeec/Data_analysis/Base_scen/init_cond/get_init.R S3 /home/italo/LSD/Work/model_jeec/Data_analysis/Base_scen/init_cond/# A tibble: 1 x 19
     gss    uT     A      S    INV     L      P     w     Df  etaf   nwB      B
   <dbl> <dbl> <dbl>  <dbl>  <dbl> <dbl>  <dbl> <dbl>  <dbl> <dbl> <dbl>  <dbl>
1 0.0302  0.80  6.12 5.33e5 1.07e5 30000 0.0697 0.294 28206. 0.286 3855. 18652.
# … with 7 more variables: Bh <dbl>, Bb <dbl>, Dh <dbl>, spread <dbl>,
#   tau1 <dbl>, V <dbl>, alpha2 <dbl>

R code successfully run...
Simulation 10 of 100 finished at t = 520 (39.82 sec.)
Saving results in file /home/italo/LSD/Work/model_jeec/Data_analysis/Base_scen/S3_210.res.gz... Done

Simulation 11 of 100 running...
Command sent to system was: Rscript /home/italo/LSD/Work/model_jeec/Data_analysis/Base_scen/init_cond/get_init.R S3 /home/italo/LSD/Work/model_jeec/Data_analysis/Base_scen/init_cond/# A tibble: 1 x 19
     gss    uT     A      S    INV     L      P     w     Df  etaf   nwB      B
   <dbl> <dbl> <dbl>  <dbl>  <dbl> <dbl>  <dbl> <dbl>  <dbl> <dbl> <dbl>  <dbl>
1 0.0302  0.80  6.12 5.33e5 1.07e5 30000 0.0697 0.294 28206. 0.286 3855. 18652.
# … with 7 more variables: Bh <dbl>, Bb <dbl>, Dh <dbl>, spread <dbl>,
#   tau1 <dbl>, V <dbl>, alpha2 <dbl>

R code successfully run...
Simulation 11 of 100 finished at t = 520 (41.17 sec.)
Saving results in file /home/italo/LSD/Work/model_jeec/Data_analysis/Base_scen/S3_211.res.gz... Done

Simulation 12 of 100 running...
Command sent to system was: Rscript /home/italo/LSD/Work/model_jeec/Data_analysis/Base_scen/init_cond/get_init.R S3 /home/italo/LSD/Work/model_jeec/Data_analysis/Base_scen/init_cond/# A tibble: 1 x 19
     gss    uT     A      S    INV     L      P     w     Df  etaf   nwB      B
   <dbl> <dbl> <dbl>  <dbl>  <dbl> <dbl>  <dbl> <dbl>  <dbl> <dbl> <dbl>  <dbl>
1 0.0302  0.80  6.12 5.33e5 1.07e5 30000 0.0697 0.294 28206. 0.286 3855. 18652.
# … with 7 more variables: Bh <dbl>, Bb <dbl>, Dh <dbl>, spread <dbl>,
#   tau1 <dbl>, V <dbl>, alpha2 <dbl>

R code successfully run...
Simulation 12 of 100 finished at t = 520 (40.29 sec.)
Saving results in file /home/italo/LSD/Work/model_jeec/Data_analysis/Base_scen/S3_212.res.gz... Done

Simulation 13 of 100 running...
Command sent to system was: Rscript /home/italo/LSD/Work/model_jeec/Data_analysis/Base_scen/init_cond/get_init.R S3 /home/italo/LSD/Work/model_jeec/Data_analysis/Base_scen/init_cond/# A tibble: 1 x 19
     gss    uT     A      S    INV     L      P     w     Df  etaf   nwB      B
   <dbl> <dbl> <dbl>  <dbl>  <dbl> <dbl>  <dbl> <dbl>  <dbl> <dbl> <dbl>  <dbl>
1 0.0302  0.80  6.12 5.33e5 1.07e5 30000 0.0697 0.294 28206. 0.286 3855. 18652.
# … with 7 more variables: Bh <dbl>, Bb <dbl>, Dh <dbl>, spread <dbl>,
#   tau1 <dbl>, V <dbl>, alpha2 <dbl>

R code successfully run...
Simulation 13 of 100 finished at t = 520 (39.90 sec.)
Saving results in file /home/italo/LSD/Work/model_jeec/Data_analysis/Base_scen/S3_213.res.gz... Done

Simulation 14 of 100 running...
Command sent to system was: Rscript /home/italo/LSD/Work/model_jeec/Data_analysis/Base_scen/init_cond/get_init.R S3 /home/italo/LSD/Work/model_jeec/Data_analysis/Base_scen/init_cond/# A tibble: 1 x 19
     gss    uT     A      S    INV     L      P     w     Df  etaf   nwB      B
   <dbl> <dbl> <dbl>  <dbl>  <dbl> <dbl>  <dbl> <dbl>  <dbl> <dbl> <dbl>  <dbl>
1 0.0302  0.80  6.12 5.33e5 1.07e5 30000 0.0697 0.294 28206. 0.286 3855. 18652.
# … with 7 more variables: Bh <dbl>, Bb <dbl>, Dh <dbl>, spread <dbl>,
#   tau1 <dbl>, V <dbl>, alpha2 <dbl>

R code successfully run...
Simulation 14 of 100 finished at t = 520 (41.74 sec.)
Saving results in file /home/italo/LSD/Work/model_jeec/Data_analysis/Base_scen/S3_214.res.gz... Done

Simulation 15 of 100 running...
Command sent to system was: Rscript /home/italo/LSD/Work/model_jeec/Data_analysis/Base_scen/init_cond/get_init.R S3 /home/italo/LSD/Work/model_jeec/Data_analysis/Base_scen/init_cond/# A tibble: 1 x 19
     gss    uT     A      S    INV     L      P     w     Df  etaf   nwB      B
   <dbl> <dbl> <dbl>  <dbl>  <dbl> <dbl>  <dbl> <dbl>  <dbl> <dbl> <dbl>  <dbl>
1 0.0302  0.80  6.12 5.33e5 1.07e5 30000 0.0697 0.294 28206. 0.286 3855. 18652.
# … with 7 more variables: Bh <dbl>, Bb <dbl>, Dh <dbl>, spread <dbl>,
#   tau1 <dbl>, V <dbl>, alpha2 <dbl>

R code successfully run...
Simulation 15 of 100 finished at t = 520 (41.68 sec.)
Saving results in file /home/italo/LSD/Work/model_jeec/Data_analysis/Base_scen/S3_215.res.gz... Done

Simulation 16 of 100 running...
Command sent to system was: Rscript /home/italo/LSD/Work/model_jeec/Data_analysis/Base_scen/init_cond/get_init.R S3 /home/italo/LSD/Work/model_jeec/Data_analysis/Base_scen/init_cond/# A tibble: 1 x 19
     gss    uT     A      S    INV     L      P     w     Df  etaf   nwB      B
   <dbl> <dbl> <dbl>  <dbl>  <dbl> <dbl>  <dbl> <dbl>  <dbl> <dbl> <dbl>  <dbl>
1 0.0302  0.80  6.12 5.33e5 1.07e5 30000 0.0697 0.294 28206. 0.286 3855. 18652.
# … with 7 more variables: Bh <dbl>, Bb <dbl>, Dh <dbl>, spread <dbl>,
#   tau1 <dbl>, V <dbl>, alpha2 <dbl>

R code successfully run...
Simulation 16 of 100 finished at t = 520 (42.43 sec.)
Saving results in file /home/italo/LSD/Work/model_jeec/Data_analysis/Base_scen/S3_216.res.gz... Done

Simulation 17 of 100 running...
Command sent to system was: Rscript /home/italo/LSD/Work/model_jeec/Data_analysis/Base_scen/init_cond/get_init.R S3 /home/italo/LSD/Work/model_jeec/Data_analysis/Base_scen/init_cond/# A tibble: 1 x 19
     gss    uT     A      S    INV     L      P     w     Df  etaf   nwB      B
   <dbl> <dbl> <dbl>  <dbl>  <dbl> <dbl>  <dbl> <dbl>  <dbl> <dbl> <dbl>  <dbl>
1 0.0302  0.80  6.12 5.33e5 1.07e5 30000 0.0697 0.294 28206. 0.286 3855. 18652.
# … with 7 more variables: Bh <dbl>, Bb <dbl>, Dh <dbl>, spread <dbl>,
#   tau1 <dbl>, V <dbl>, alpha2 <dbl>

R code successfully run...
Simulation 17 of 100 finished at t = 520 (42.21 sec.)
Saving results in file /home/italo/LSD/Work/model_jeec/Data_analysis/Base_scen/S3_217.res.gz... Done

Simulation 18 of 100 running...
Command sent to system was: Rscript /home/italo/LSD/Work/model_jeec/Data_analysis/Base_scen/init_cond/get_init.R S3 /home/italo/LSD/Work/model_jeec/Data_analysis/Base_scen/init_cond/# A tibble: 1 x 19
     gss    uT     A      S    INV     L      P     w     Df  etaf   nwB      B
   <dbl> <dbl> <dbl>  <dbl>  <dbl> <dbl>  <dbl> <dbl>  <dbl> <dbl> <dbl>  <dbl>
1 0.0302  0.80  6.12 5.33e5 1.07e5 30000 0.0697 0.294 28206. 0.286 3855. 18652.
# … with 7 more variables: Bh <dbl>, Bb <dbl>, Dh <dbl>, spread <dbl>,
#   tau1 <dbl>, V <dbl>, alpha2 <dbl>

R code successfully run...
Simulation 18 of 100 finished at t = 520 (41.75 sec.)
Saving results in file /home/italo/LSD/Work/model_jeec/Data_analysis/Base_scen/S3_218.res.gz... Done

Simulation 19 of 100 running...
Command sent to system was: Rscript /home/italo/LSD/Work/model_jeec/Data_analysis/Base_scen/init_cond/get_init.R S3 /home/italo/LSD/Work/model_jeec/Data_analysis/Base_scen/init_cond/# A tibble: 1 x 19
     gss    uT     A      S    INV     L      P     w     Df  etaf   nwB      B
   <dbl> <dbl> <dbl>  <dbl>  <dbl> <dbl>  <dbl> <dbl>  <dbl> <dbl> <dbl>  <dbl>
1 0.0302  0.80  6.12 5.33e5 1.07e5 30000 0.0697 0.294 28206. 0.286 3855. 18652.
# … with 7 more variables: Bh <dbl>, Bb <dbl>, Dh <dbl>, spread <dbl>,
#   tau1 <dbl>, V <dbl>, alpha2 <dbl>

R code successfully run...
Simulation 19 of 100 finished at t = 520 (41.36 sec.)
Saving results in file /home/italo/LSD/Work/model_jeec/Data_analysis/Base_scen/S3_219.res.gz... Done

Simulation 20 of 100 running...
Command sent to system was: Rscript /home/italo/LSD/Work/model_jeec/Data_analysis/Base_scen/init_cond/get_init.R S3 /home/italo/LSD/Work/model_jeec/Data_analysis/Base_scen/init_cond/# A tibble: 1 x 19
     gss    uT     A      S    INV     L      P     w     Df  etaf   nwB      B
   <dbl> <dbl> <dbl>  <dbl>  <dbl> <dbl>  <dbl> <dbl>  <dbl> <dbl> <dbl>  <dbl>
1 0.0302  0.80  6.12 5.33e5 1.07e5 30000 0.0697 0.294 28206. 0.286 3855. 18652.
# … with 7 more variables: Bh <dbl>, Bb <dbl>, Dh <dbl>, spread <dbl>,
#   tau1 <dbl>, V <dbl>, alpha2 <dbl>

R code successfully run...
Simulation 20 of 100 finished at t = 520 (42.52 sec.)
Saving results in file /home/italo/LSD/Work/model_jeec/Data_analysis/Base_scen/S3_220.res.gz... Done

Simulation 21 of 100 running...
Command sent to system was: Rscript /home/italo/LSD/Work/model_jeec/Data_analysis/Base_scen/init_cond/get_init.R S3 /home/italo/LSD/Work/model_jeec/Data_analysis/Base_scen/init_cond/# A tibble: 1 x 19
     gss    uT     A      S    INV     L      P     w     Df  etaf   nwB      B
   <dbl> <dbl> <dbl>  <dbl>  <dbl> <dbl>  <dbl> <dbl>  <dbl> <dbl> <dbl>  <dbl>
1 0.0302  0.80  6.12 5.33e5 1.07e5 30000 0.0697 0.294 28206. 0.286 3855. 18652.
# … with 7 more variables: Bh <dbl>, Bb <dbl>, Dh <dbl>, spread <dbl>,
#   tau1 <dbl>, V <dbl>, alpha2 <dbl>

R code successfully run...
Simulation 21 of 100 finished at t = 520 (43.54 sec.)
Saving results in file /home/italo/LSD/Work/model_jeec/Data_analysis/Base_scen/S3_221.res.gz... Done

Simulation 22 of 100 running...
Command sent to system was: Rscript /home/italo/LSD/Work/model_jeec/Data_analysis/Base_scen/init_cond/get_init.R S3 /home/italo/LSD/Work/model_jeec/Data_analysis/Base_scen/init_cond/# A tibble: 1 x 19
     gss    uT     A      S    INV     L      P     w     Df  etaf   nwB      B
   <dbl> <dbl> <dbl>  <dbl>  <dbl> <dbl>  <dbl> <dbl>  <dbl> <dbl> <dbl>  <dbl>
1 0.0302  0.80  6.12 5.33e5 1.07e5 30000 0.0697 0.294 28206. 0.286 3855. 18652.
# … with 7 more variables: Bh <dbl>, Bb <dbl>, Dh <dbl>, spread <dbl>,
#   tau1 <dbl>, V <dbl>, alpha2 <dbl>

R code successfully run...
Simulation 22 of 100 finished at t = 520 (42.91 sec.)
Saving results in file /home/italo/LSD/Work/model_jeec/Data_analysis/Base_scen/S3_222.res.gz... Done

Simulation 23 of 100 running...
Command sent to system was: Rscript /home/italo/LSD/Work/model_jeec/Data_analysis/Base_scen/init_cond/get_init.R S3 /home/italo/LSD/Work/model_jeec/Data_analysis/Base_scen/init_cond/# A tibble: 1 x 19
     gss    uT     A      S    INV     L      P     w     Df  etaf   nwB      B
   <dbl> <dbl> <dbl>  <dbl>  <dbl> <dbl>  <dbl> <dbl>  <dbl> <dbl> <dbl>  <dbl>
1 0.0302  0.80  6.12 5.33e5 1.07e5 30000 0.0697 0.294 28206. 0.286 3855. 18652.
# … with 7 more variables: Bh <dbl>, Bb <dbl>, Dh <dbl>, spread <dbl>,
#   tau1 <dbl>, V <dbl>, alpha2 <dbl>

R code successfully run...
Simulation 23 of 100 finished at t = 520 (42.96 sec.)
Saving results in file /home/italo/LSD/Work/model_jeec/Data_analysis/Base_scen/S3_223.res.gz... Done

Simulation 24 of 100 running...
Command sent to system was: Rscript /home/italo/LSD/Work/model_jeec/Data_analysis/Base_scen/init_cond/get_init.R S3 /home/italo/LSD/Work/model_jeec/Data_analysis/Base_scen/init_cond/# A tibble: 1 x 19
     gss    uT     A      S    INV     L      P     w     Df  etaf   nwB      B
   <dbl> <dbl> <dbl>  <dbl>  <dbl> <dbl>  <dbl> <dbl>  <dbl> <dbl> <dbl>  <dbl>
1 0.0302  0.80  6.12 5.33e5 1.07e5 30000 0.0697 0.294 28206. 0.286 3855. 18652.
# … with 7 more variables: Bh <dbl>, Bb <dbl>, Dh <dbl>, spread <dbl>,
#   tau1 <dbl>, V <dbl>, alpha2 <dbl>

R code successfully run...
Simulation 24 of 100 finished at t = 520 (44.76 sec.)
Saving results in file /home/italo/LSD/Work/model_jeec/Data_analysis/Base_scen/S3_224.res.gz... Done

Simulation 25 of 100 running...
Command sent to system was: Rscript /home/italo/LSD/Work/model_jeec/Data_analysis/Base_scen/init_cond/get_init.R S3 /home/italo/LSD/Work/model_jeec/Data_analysis/Base_scen/init_cond/# A tibble: 1 x 19
     gss    uT     A      S    INV     L      P     w     Df  etaf   nwB      B
   <dbl> <dbl> <dbl>  <dbl>  <dbl> <dbl>  <dbl> <dbl>  <dbl> <dbl> <dbl>  <dbl>
1 0.0302  0.80  6.12 5.33e5 1.07e5 30000 0.0697 0.294 28206. 0.286 3855. 18652.
# … with 7 more variables: Bh <dbl>, Bb <dbl>, Dh <dbl>, spread <dbl>,
#   tau1 <dbl>, V <dbl>, alpha2 <dbl>

R code successfully run...
Simulation 25 of 100 finished at t = 520 (43.62 sec.)
Saving results in file /home/italo/LSD/Work/model_jeec/Data_analysis/Base_scen/S3_225.res.gz... Done

Simulation 26 of 100 running...
Command sent to system was: Rscript /home/italo/LSD/Work/model_jeec/Data_analysis/Base_scen/init_cond/get_init.R S3 /home/italo/LSD/Work/model_jeec/Data_analysis/Base_scen/init_cond/# A tibble: 1 x 19
     gss    uT     A      S    INV     L      P     w     Df  etaf   nwB      B
   <dbl> <dbl> <dbl>  <dbl>  <dbl> <dbl>  <dbl> <dbl>  <dbl> <dbl> <dbl>  <dbl>
1 0.0302  0.80  6.12 5.33e5 1.07e5 30000 0.0697 0.294 28206. 0.286 3855. 18652.
# … with 7 more variables: Bh <dbl>, Bb <dbl>, Dh <dbl>, spread <dbl>,
#   tau1 <dbl>, V <dbl>, alpha2 <dbl>

R code successfully run...
Simulation 26 of 100 finished at t = 520 (43.98 sec.)
Saving results in file /home/italo/LSD/Work/model_jeec/Data_analysis/Base_scen/S3_226.res.gz... Done

Simulation 27 of 100 running...
Command sent to system was: Rscript /home/italo/LSD/Work/model_jeec/Data_analysis/Base_scen/init_cond/get_init.R S3 /home/italo/LSD/Work/model_jeec/Data_analysis/Base_scen/init_cond/# A tibble: 1 x 19
     gss    uT     A      S    INV     L      P     w     Df  etaf   nwB      B
   <dbl> <dbl> <dbl>  <dbl>  <dbl> <dbl>  <dbl> <dbl>  <dbl> <dbl> <dbl>  <dbl>
1 0.0302  0.80  6.12 5.33e5 1.07e5 30000 0.0697 0.294 28206. 0.286 3855. 18652.
# … with 7 more variables: Bh <dbl>, Bb <dbl>, Dh <dbl>, spread <dbl>,
#   tau1 <dbl>, V <dbl>, alpha2 <dbl>

R code successfully run...
Simulation 27 of 100 finished at t = 520 (44.12 sec.)
Saving results in file /home/italo/LSD/Work/model_jeec/Data_analysis/Base_scen/S3_227.res.gz... Done

Simulation 28 of 100 running...
Command sent to system was: Rscript /home/italo/LSD/Work/model_jeec/Data_analysis/Base_scen/init_cond/get_init.R S3 /home/italo/LSD/Work/model_jeec/Data_analysis/Base_scen/init_cond/# A tibble: 1 x 19
     gss    uT     A      S    INV     L      P     w     Df  etaf   nwB      B
   <dbl> <dbl> <dbl>  <dbl>  <dbl> <dbl>  <dbl> <dbl>  <dbl> <dbl> <dbl>  <dbl>
1 0.0302  0.80  6.12 5.33e5 1.07e5 30000 0.0697 0.294 28206. 0.286 3855. 18652.
# … with 7 more variables: Bh <dbl>, Bb <dbl>, Dh <dbl>, spread <dbl>,
#   tau1 <dbl>, V <dbl>, alpha2 <dbl>

R code successfully run...
Simulation 28 of 100 finished at t = 520 (42.91 sec.)
Saving results in file /home/italo/LSD/Work/model_jeec/Data_analysis/Base_scen/S3_228.res.gz... Done

Simulation 29 of 100 running...
Command sent to system was: Rscript /home/italo/LSD/Work/model_jeec/Data_analysis/Base_scen/init_cond/get_init.R S3 /home/italo/LSD/Work/model_jeec/Data_analysis/Base_scen/init_cond/# A tibble: 1 x 19
     gss    uT     A      S    INV     L      P     w     Df  etaf   nwB      B
   <dbl> <dbl> <dbl>  <dbl>  <dbl> <dbl>  <dbl> <dbl>  <dbl> <dbl> <dbl>  <dbl>
1 0.0302  0.80  6.12 5.33e5 1.07e5 30000 0.0697 0.294 28206. 0.286 3855. 18652.
# … with 7 more variables: Bh <dbl>, Bb <dbl>, Dh <dbl>, spread <dbl>,
#   tau1 <dbl>, V <dbl>, alpha2 <dbl>

R code successfully run...
Simulation 29 of 100 finished at t = 520 (44.93 sec.)
Saving results in file /home/italo/LSD/Work/model_jeec/Data_analysis/Base_scen/S3_229.res.gz... Done

Simulation 30 of 100 running...
Command sent to system was: Rscript /home/italo/LSD/Work/model_jeec/Data_analysis/Base_scen/init_cond/get_init.R S3 /home/italo/LSD/Work/model_jeec/Data_analysis/Base_scen/init_cond/# A tibble: 1 x 19
     gss    uT     A      S    INV     L      P     w     Df  etaf   nwB      B
   <dbl> <dbl> <dbl>  <dbl>  <dbl> <dbl>  <dbl> <dbl>  <dbl> <dbl> <dbl>  <dbl>
1 0.0302  0.80  6.12 5.33e5 1.07e5 30000 0.0697 0.294 28206. 0.286 3855. 18652.
# … with 7 more variables: Bh <dbl>, Bb <dbl>, Dh <dbl>, spread <dbl>,
#   tau1 <dbl>, V <dbl>, alpha2 <dbl>

R code successfully run...
Simulation 30 of 100 finished at t = 520 (44.79 sec.)
Saving results in file /home/italo/LSD/Work/model_jeec/Data_analysis/Base_scen/S3_230.res.gz... Done

Simulation 31 of 100 running...
Command sent to system was: Rscript /home/italo/LSD/Work/model_jeec/Data_analysis/Base_scen/init_cond/get_init.R S3 /home/italo/LSD/Work/model_jeec/Data_analysis/Base_scen/init_cond/# A tibble: 1 x 19
     gss    uT     A      S    INV     L      P     w     Df  etaf   nwB      B
   <dbl> <dbl> <dbl>  <dbl>  <dbl> <dbl>  <dbl> <dbl>  <dbl> <dbl> <dbl>  <dbl>
1 0.0302  0.80  6.12 5.33e5 1.07e5 30000 0.0697 0.294 28206. 0.286 3855. 18652.
# … with 7 more variables: Bh <dbl>, Bb <dbl>, Dh <dbl>, spread <dbl>,
#   tau1 <dbl>, V <dbl>, alpha2 <dbl>

R code successfully run...
Simulation 31 of 100 finished at t = 520 (44.97 sec.)
Saving results in file /home/italo/LSD/Work/model_jeec/Data_analysis/Base_scen/S3_231.res.gz... Done

Simulation 32 of 100 running...
Command sent to system was: Rscript /home/italo/LSD/Work/model_jeec/Data_analysis/Base_scen/init_cond/get_init.R S3 /home/italo/LSD/Work/model_jeec/Data_analysis/Base_scen/init_cond/# A tibble: 1 x 19
     gss    uT     A      S    INV     L      P     w     Df  etaf   nwB      B
   <dbl> <dbl> <dbl>  <dbl>  <dbl> <dbl>  <dbl> <dbl>  <dbl> <dbl> <dbl>  <dbl>
1 0.0302  0.80  6.12 5.33e5 1.07e5 30000 0.0697 0.294 28206. 0.286 3855. 18652.
# … with 7 more variables: Bh <dbl>, Bb <dbl>, Dh <dbl>, spread <dbl>,
#   tau1 <dbl>, V <dbl>, alpha2 <dbl>

R code successfully run...
Simulation 32 of 100 finished at t = 520 (45.73 sec.)
Saving results in file /home/italo/LSD/Work/model_jeec/Data_analysis/Base_scen/S3_232.res.gz... Done

Simulation 33 of 100 running...
Command sent to system was: Rscript /home/italo/LSD/Work/model_jeec/Data_analysis/Base_scen/init_cond/get_init.R S3 /home/italo/LSD/Work/model_jeec/Data_analysis/Base_scen/init_cond/# A tibble: 1 x 19
     gss    uT     A      S    INV     L      P     w     Df  etaf   nwB      B
   <dbl> <dbl> <dbl>  <dbl>  <dbl> <dbl>  <dbl> <dbl>  <dbl> <dbl> <dbl>  <dbl>
1 0.0302  0.80  6.12 5.33e5 1.07e5 30000 0.0697 0.294 28206. 0.286 3855. 18652.
# … with 7 more variables: Bh <dbl>, Bb <dbl>, Dh <dbl>, spread <dbl>,
#   tau1 <dbl>, V <dbl>, alpha2 <dbl>

R code successfully run...
Simulation 33 of 100 finished at t = 520 (44.41 sec.)
Saving results in file /home/italo/LSD/Work/model_jeec/Data_analysis/Base_scen/S3_233.res.gz... Done

Simulation 34 of 100 running...
Command sent to system was: Rscript /home/italo/LSD/Work/model_jeec/Data_analysis/Base_scen/init_cond/get_init.R S3 /home/italo/LSD/Work/model_jeec/Data_analysis/Base_scen/init_cond/# A tibble: 1 x 19
     gss    uT     A      S    INV     L      P     w     Df  etaf   nwB      B
   <dbl> <dbl> <dbl>  <dbl>  <dbl> <dbl>  <dbl> <dbl>  <dbl> <dbl> <dbl>  <dbl>
1 0.0302  0.80  6.12 5.33e5 1.07e5 30000 0.0697 0.294 28206. 0.286 3855. 18652.
# … with 7 more variables: Bh <dbl>, Bb <dbl>, Dh <dbl>, spread <dbl>,
#   tau1 <dbl>, V <dbl>, alpha2 <dbl>

R code successfully run...
Simulation 34 of 100 finished at t = 520 (47.13 sec.)
Saving results in file /home/italo/LSD/Work/model_jeec/Data_analysis/Base_scen/S3_234.res.gz... Done

Simulation 35 of 100 running...
Command sent to system was: Rscript /home/italo/LSD/Work/model_jeec/Data_analysis/Base_scen/init_cond/get_init.R S3 /home/italo/LSD/Work/model_jeec/Data_analysis/Base_scen/init_cond/# A tibble: 1 x 19
     gss    uT     A      S    INV     L      P     w     Df  etaf   nwB      B
   <dbl> <dbl> <dbl>  <dbl>  <dbl> <dbl>  <dbl> <dbl>  <dbl> <dbl> <dbl>  <dbl>
1 0.0302  0.80  6.12 5.33e5 1.07e5 30000 0.0697 0.294 28206. 0.286 3855. 18652.
# … with 7 more variables: Bh <dbl>, Bb <dbl>, Dh <dbl>, spread <dbl>,
#   tau1 <dbl>, V <dbl>, alpha2 <dbl>

R code successfully run...
Simulation 35 of 100 finished at t = 520 (45.95 sec.)
Saving results in file /home/italo/LSD/Work/model_jeec/Data_analysis/Base_scen/S3_235.res.gz... Done

Simulation 36 of 100 running...
Command sent to system was: Rscript /home/italo/LSD/Work/model_jeec/Data_analysis/Base_scen/init_cond/get_init.R S3 /home/italo/LSD/Work/model_jeec/Data_analysis/Base_scen/init_cond/# A tibble: 1 x 19
     gss    uT     A      S    INV     L      P     w     Df  etaf   nwB      B
   <dbl> <dbl> <dbl>  <dbl>  <dbl> <dbl>  <dbl> <dbl>  <dbl> <dbl> <dbl>  <dbl>
1 0.0302  0.80  6.12 5.33e5 1.07e5 30000 0.0697 0.294 28206. 0.286 3855. 18652.
# … with 7 more variables: Bh <dbl>, Bb <dbl>, Dh <dbl>, spread <dbl>,
#   tau1 <dbl>, V <dbl>, alpha2 <dbl>

R code successfully run...
Simulation 36 of 100 finished at t = 520 (49.23 sec.)
Saving results in file /home/italo/LSD/Work/model_jeec/Data_analysis/Base_scen/S3_236.res.gz... Done

Simulation 37 of 100 running...
Command sent to system was: Rscript /home/italo/LSD/Work/model_jeec/Data_analysis/Base_scen/init_cond/get_init.R S3 /home/italo/LSD/Work/model_jeec/Data_analysis/Base_scen/init_cond/# A tibble: 1 x 19
     gss    uT     A      S    INV     L      P     w     Df  etaf   nwB      B
   <dbl> <dbl> <dbl>  <dbl>  <dbl> <dbl>  <dbl> <dbl>  <dbl> <dbl> <dbl>  <dbl>
1 0.0302  0.80  6.12 5.33e5 1.07e5 30000 0.0697 0.294 28206. 0.286 3855. 18652.
# … with 7 more variables: Bh <dbl>, Bb <dbl>, Dh <dbl>, spread <dbl>,
#   tau1 <dbl>, V <dbl>, alpha2 <dbl>

R code successfully run...
Simulation 37 of 100 finished at t = 520 (46.83 sec.)
Saving results in file /home/italo/LSD/Work/model_jeec/Data_analysis/Base_scen/S3_237.res.gz... Done

Simulation 38 of 100 running...
Command sent to system was: Rscript /home/italo/LSD/Work/model_jeec/Data_analysis/Base_scen/init_cond/get_init.R S3 /home/italo/LSD/Work/model_jeec/Data_analysis/Base_scen/init_cond/# A tibble: 1 x 19
     gss    uT     A      S    INV     L      P     w     Df  etaf   nwB      B
   <dbl> <dbl> <dbl>  <dbl>  <dbl> <dbl>  <dbl> <dbl>  <dbl> <dbl> <dbl>  <dbl>
1 0.0302  0.80  6.12 5.33e5 1.07e5 30000 0.0697 0.294 28206. 0.286 3855. 18652.
# … with 7 more variables: Bh <dbl>, Bb <dbl>, Dh <dbl>, spread <dbl>,
#   tau1 <dbl>, V <dbl>, alpha2 <dbl>

R code successfully run...
Simulation 38 of 100 finished at t = 520 (48.08 sec.)
Saving results in file /home/italo/LSD/Work/model_jeec/Data_analysis/Base_scen/S3_238.res.gz... Done

Simulation 39 of 100 running...
Command sent to system was: Rscript /home/italo/LSD/Work/model_jeec/Data_analysis/Base_scen/init_cond/get_init.R S3 /home/italo/LSD/Work/model_jeec/Data_analysis/Base_scen/init_cond/# A tibble: 1 x 19
     gss    uT     A      S    INV     L      P     w     Df  etaf   nwB      B
   <dbl> <dbl> <dbl>  <dbl>  <dbl> <dbl>  <dbl> <dbl>  <dbl> <dbl> <dbl>  <dbl>
1 0.0302  0.80  6.12 5.33e5 1.07e5 30000 0.0697 0.294 28206. 0.286 3855. 18652.
# … with 7 more variables: Bh <dbl>, Bb <dbl>, Dh <dbl>, spread <dbl>,
#   tau1 <dbl>, V <dbl>, alpha2 <dbl>

R code successfully run...
Simulation 39 of 100 finished at t = 520 (45.86 sec.)
Saving results in file /home/italo/LSD/Work/model_jeec/Data_analysis/Base_scen/S3_239.res.gz... Done

Simulation 40 of 100 running...
Command sent to system was: Rscript /home/italo/LSD/Work/model_jeec/Data_analysis/Base_scen/init_cond/get_init.R S3 /home/italo/LSD/Work/model_jeec/Data_analysis/Base_scen/init_cond/# A tibble: 1 x 19
     gss    uT     A      S    INV     L      P     w     Df  etaf   nwB      B
   <dbl> <dbl> <dbl>  <dbl>  <dbl> <dbl>  <dbl> <dbl>  <dbl> <dbl> <dbl>  <dbl>
1 0.0302  0.80  6.12 5.33e5 1.07e5 30000 0.0697 0.294 28206. 0.286 3855. 18652.
# … with 7 more variables: Bh <dbl>, Bb <dbl>, Dh <dbl>, spread <dbl>,
#   tau1 <dbl>, V <dbl>, alpha2 <dbl>

R code successfully run...
Simulation 40 of 100 finished at t = 520 (46.82 sec.)
Saving results in file /home/italo/LSD/Work/model_jeec/Data_analysis/Base_scen/S3_240.res.gz... Done

Simulation 41 of 100 running...
Command sent to system was: Rscript /home/italo/LSD/Work/model_jeec/Data_analysis/Base_scen/init_cond/get_init.R S3 /home/italo/LSD/Work/model_jeec/Data_analysis/Base_scen/init_cond/# A tibble: 1 x 19
     gss    uT     A      S    INV     L      P     w     Df  etaf   nwB      B
   <dbl> <dbl> <dbl>  <dbl>  <dbl> <dbl>  <dbl> <dbl>  <dbl> <dbl> <dbl>  <dbl>
1 0.0302  0.80  6.12 5.33e5 1.07e5 30000 0.0697 0.294 28206. 0.286 3855. 18652.
# … with 7 more variables: Bh <dbl>, Bb <dbl>, Dh <dbl>, spread <dbl>,
#   tau1 <dbl>, V <dbl>, alpha2 <dbl>

R code successfully run...
Simulation 41 of 100 finished at t = 520 (49.08 sec.)
Saving results in file /home/italo/LSD/Work/model_jeec/Data_analysis/Base_scen/S3_241.res.gz... Done

Simulation 42 of 100 running...
Command sent to system was: Rscript /home/italo/LSD/Work/model_jeec/Data_analysis/Base_scen/init_cond/get_init.R S3 /home/italo/LSD/Work/model_jeec/Data_analysis/Base_scen/init_cond/# A tibble: 1 x 19
     gss    uT     A      S    INV     L      P     w     Df  etaf   nwB      B
   <dbl> <dbl> <dbl>  <dbl>  <dbl> <dbl>  <dbl> <dbl>  <dbl> <dbl> <dbl>  <dbl>
1 0.0302  0.80  6.12 5.33e5 1.07e5 30000 0.0697 0.294 28206. 0.286 3855. 18652.
# … with 7 more variables: Bh <dbl>, Bb <dbl>, Dh <dbl>, spread <dbl>,
#   tau1 <dbl>, V <dbl>, alpha2 <dbl>

R code successfully run...
Simulation 42 of 100 finished at t = 520 (47.24 sec.)
Saving results in file /home/italo/LSD/Work/model_jeec/Data_analysis/Base_scen/S3_242.res.gz... Done

Simulation 43 of 100 running...
Command sent to system was: Rscript /home/italo/LSD/Work/model_jeec/Data_analysis/Base_scen/init_cond/get_init.R S3 /home/italo/LSD/Work/model_jeec/Data_analysis/Base_scen/init_cond/# A tibble: 1 x 19
     gss    uT     A      S    INV     L      P     w     Df  etaf   nwB      B
   <dbl> <dbl> <dbl>  <dbl>  <dbl> <dbl>  <dbl> <dbl>  <dbl> <dbl> <dbl>  <dbl>
1 0.0302  0.80  6.12 5.33e5 1.07e5 30000 0.0697 0.294 28206. 0.286 3855. 18652.
# … with 7 more variables: Bh <dbl>, Bb <dbl>, Dh <dbl>, spread <dbl>,
#   tau1 <dbl>, V <dbl>, alpha2 <dbl>

R code successfully run...
Simulation 43 of 100 finished at t = 520 (48.22 sec.)
Saving results in file /home/italo/LSD/Work/model_jeec/Data_analysis/Base_scen/S3_243.res.gz... Done

Simulation 44 of 100 running...
Command sent to system was: Rscript /home/italo/LSD/Work/model_jeec/Data_analysis/Base_scen/init_cond/get_init.R S3 /home/italo/LSD/Work/model_jeec/Data_analysis/Base_scen/init_cond/# A tibble: 1 x 19
     gss    uT     A      S    INV     L      P     w     Df  etaf   nwB      B
   <dbl> <dbl> <dbl>  <dbl>  <dbl> <dbl>  <dbl> <dbl>  <dbl> <dbl> <dbl>  <dbl>
1 0.0302  0.80  6.12 5.33e5 1.07e5 30000 0.0697 0.294 28206. 0.286 3855. 18652.
# … with 7 more variables: Bh <dbl>, Bb <dbl>, Dh <dbl>, spread <dbl>,
#   tau1 <dbl>, V <dbl>, alpha2 <dbl>

R code successfully run...
Simulation 44 of 100 finished at t = 520 (47.46 sec.)
Saving results in file /home/italo/LSD/Work/model_jeec/Data_analysis/Base_scen/S3_244.res.gz... Done

Simulation 45 of 100 running...
Command sent to system was: Rscript /home/italo/LSD/Work/model_jeec/Data_analysis/Base_scen/init_cond/get_init.R S3 /home/italo/LSD/Work/model_jeec/Data_analysis/Base_scen/init_cond/# A tibble: 1 x 19
     gss    uT     A      S    INV     L      P     w     Df  etaf   nwB      B
   <dbl> <dbl> <dbl>  <dbl>  <dbl> <dbl>  <dbl> <dbl>  <dbl> <dbl> <dbl>  <dbl>
1 0.0302  0.80  6.12 5.33e5 1.07e5 30000 0.0697 0.294 28206. 0.286 3855. 18652.
# … with 7 more variables: Bh <dbl>, Bb <dbl>, Dh <dbl>, spread <dbl>,
#   tau1 <dbl>, V <dbl>, alpha2 <dbl>

R code successfully run...
Simulation 45 of 100 finished at t = 520 (47.95 sec.)
Saving results in file /home/italo/LSD/Work/model_jeec/Data_analysis/Base_scen/S3_245.res.gz... Done

Simulation 46 of 100 running...
Command sent to system was: Rscript /home/italo/LSD/Work/model_jeec/Data_analysis/Base_scen/init_cond/get_init.R S3 /home/italo/LSD/Work/model_jeec/Data_analysis/Base_scen/init_cond/# A tibble: 1 x 19
     gss    uT     A      S    INV     L      P     w     Df  etaf   nwB      B
   <dbl> <dbl> <dbl>  <dbl>  <dbl> <dbl>  <dbl> <dbl>  <dbl> <dbl> <dbl>  <dbl>
1 0.0302  0.80  6.12 5.33e5 1.07e5 30000 0.0697 0.294 28206. 0.286 3855. 18652.
# … with 7 more variables: Bh <dbl>, Bb <dbl>, Dh <dbl>, spread <dbl>,
#   tau1 <dbl>, V <dbl>, alpha2 <dbl>

R code successfully run...
Simulation 46 of 100 finished at t = 520 (57.25 sec.)
Saving results in file /home/italo/LSD/Work/model_jeec/Data_analysis/Base_scen/S3_246.res.gz... Done

Simulation 47 of 100 running...
Command sent to system was: Rscript /home/italo/LSD/Work/model_jeec/Data_analysis/Base_scen/init_cond/get_init.R S3 /home/italo/LSD/Work/model_jeec/Data_analysis/Base_scen/init_cond/# A tibble: 1 x 19
     gss    uT     A      S    INV     L      P     w     Df  etaf   nwB      B
   <dbl> <dbl> <dbl>  <dbl>  <dbl> <dbl>  <dbl> <dbl>  <dbl> <dbl> <dbl>  <dbl>
1 0.0302  0.80  6.12 5.33e5 1.07e5 30000 0.0697 0.294 28206. 0.286 3855. 18652.
# … with 7 more variables: Bh <dbl>, Bb <dbl>, Dh <dbl>, spread <dbl>,
#   tau1 <dbl>, V <dbl>, alpha2 <dbl>

R code successfully run...
Simulation 47 of 100 finished at t = 520 (55.45 sec.)
Saving results in file /home/italo/LSD/Work/model_jeec/Data_analysis/Base_scen/S3_247.res.gz... Done

Simulation 48 of 100 running...
Command sent to system was: Rscript /home/italo/LSD/Work/model_jeec/Data_analysis/Base_scen/init_cond/get_init.R S3 /home/italo/LSD/Work/model_jeec/Data_analysis/Base_scen/init_cond/# A tibble: 1 x 19
     gss    uT     A      S    INV     L      P     w     Df  etaf   nwB      B
   <dbl> <dbl> <dbl>  <dbl>  <dbl> <dbl>  <dbl> <dbl>  <dbl> <dbl> <dbl>  <dbl>
1 0.0302  0.80  6.12 5.33e5 1.07e5 30000 0.0697 0.294 28206. 0.286 3855. 18652.
# … with 7 more variables: Bh <dbl>, Bb <dbl>, Dh <dbl>, spread <dbl>,
#   tau1 <dbl>, V <dbl>, alpha2 <dbl>

R code successfully run...
Simulation 48 of 100 finished at t = 520 (60.69 sec.)
Saving results in file /home/italo/LSD/Work/model_jeec/Data_analysis/Base_scen/S3_248.res.gz... Done

Simulation 49 of 100 running...
Command sent to system was: Rscript /home/italo/LSD/Work/model_jeec/Data_analysis/Base_scen/init_cond/get_init.R S3 /home/italo/LSD/Work/model_jeec/Data_analysis/Base_scen/init_cond/# A tibble: 1 x 19
     gss    uT     A      S    INV     L      P     w     Df  etaf   nwB      B
   <dbl> <dbl> <dbl>  <dbl>  <dbl> <dbl>  <dbl> <dbl>  <dbl> <dbl> <dbl>  <dbl>
1 0.0302  0.80  6.12 5.33e5 1.07e5 30000 0.0697 0.294 28206. 0.286 3855. 18652.
# … with 7 more variables: Bh <dbl>, Bb <dbl>, Dh <dbl>, spread <dbl>,
#   tau1 <dbl>, V <dbl>, alpha2 <dbl>

R code successfully run...
Simulation 49 of 100 finished at t = 520 (62.19 sec.)
Saving results in file /home/italo/LSD/Work/model_jeec/Data_analysis/Base_scen/S3_249.res.gz... Done

Simulation 50 of 100 running...
Command sent to system was: Rscript /home/italo/LSD/Work/model_jeec/Data_analysis/Base_scen/init_cond/get_init.R S3 /home/italo/LSD/Work/model_jeec/Data_analysis/Base_scen/init_cond/# A tibble: 1 x 19
     gss    uT     A      S    INV     L      P     w     Df  etaf   nwB      B
   <dbl> <dbl> <dbl>  <dbl>  <dbl> <dbl>  <dbl> <dbl>  <dbl> <dbl> <dbl>  <dbl>
1 0.0302  0.80  6.12 5.33e5 1.07e5 30000 0.0697 0.294 28206. 0.286 3855. 18652.
# … with 7 more variables: Bh <dbl>, Bb <dbl>, Dh <dbl>, spread <dbl>,
#   tau1 <dbl>, V <dbl>, alpha2 <dbl>

R code successfully run...
Simulation 50 of 100 finished at t = 520 (52.22 sec.)
Saving results in file /home/italo/LSD/Work/model_jeec/Data_analysis/Base_scen/S3_250.res.gz... Done

Simulation 51 of 100 running...
Command sent to system was: Rscript /home/italo/LSD/Work/model_jeec/Data_analysis/Base_scen/init_cond/get_init.R S3 /home/italo/LSD/Work/model_jeec/Data_analysis/Base_scen/init_cond/# A tibble: 1 x 19
     gss    uT     A      S    INV     L      P     w     Df  etaf   nwB      B
   <dbl> <dbl> <dbl>  <dbl>  <dbl> <dbl>  <dbl> <dbl>  <dbl> <dbl> <dbl>  <dbl>
1 0.0302  0.80  6.12 5.33e5 1.07e5 30000 0.0697 0.294 28206. 0.286 3855. 18652.
# … with 7 more variables: Bh <dbl>, Bb <dbl>, Dh <dbl>, spread <dbl>,
#   tau1 <dbl>, V <dbl>, alpha2 <dbl>

R code successfully run...
Simulation 51 of 100 finished at t = 520 (54.13 sec.)
Saving results in file /home/italo/LSD/Work/model_jeec/Data_analysis/Base_scen/S3_251.res.gz... Done

Simulation 52 of 100 running...
Command sent to system was: Rscript /home/italo/LSD/Work/model_jeec/Data_analysis/Base_scen/init_cond/get_init.R S3 /home/italo/LSD/Work/model_jeec/Data_analysis/Base_scen/init_cond/# A tibble: 1 x 19
     gss    uT     A      S    INV     L      P     w     Df  etaf   nwB      B
   <dbl> <dbl> <dbl>  <dbl>  <dbl> <dbl>  <dbl> <dbl>  <dbl> <dbl> <dbl>  <dbl>
1 0.0302  0.80  6.12 5.33e5 1.07e5 30000 0.0697 0.294 28206. 0.286 3855. 18652.
# … with 7 more variables: Bh <dbl>, Bb <dbl>, Dh <dbl>, spread <dbl>,
#   tau1 <dbl>, V <dbl>, alpha2 <dbl>

R code successfully run...
Simulation 52 of 100 finished at t = 520 (56.89 sec.)
Saving results in file /home/italo/LSD/Work/model_jeec/Data_analysis/Base_scen/S3_252.res.gz... Done

Simulation 53 of 100 running...
Command sent to system was: Rscript /home/italo/LSD/Work/model_jeec/Data_analysis/Base_scen/init_cond/get_init.R S3 /home/italo/LSD/Work/model_jeec/Data_analysis/Base_scen/init_cond/# A tibble: 1 x 19
     gss    uT     A      S    INV     L      P     w     Df  etaf   nwB      B
   <dbl> <dbl> <dbl>  <dbl>  <dbl> <dbl>  <dbl> <dbl>  <dbl> <dbl> <dbl>  <dbl>
1 0.0302  0.80  6.12 5.33e5 1.07e5 30000 0.0697 0.294 28206. 0.286 3855. 18652.
# … with 7 more variables: Bh <dbl>, Bb <dbl>, Dh <dbl>, spread <dbl>,
#   tau1 <dbl>, V <dbl>, alpha2 <dbl>

R code successfully run...
Simulation 53 of 100 finished at t = 520 (61.80 sec.)
Saving results in file /home/italo/LSD/Work/model_jeec/Data_analysis/Base_scen/S3_253.res.gz... Done

Simulation 54 of 100 running...
Command sent to system was: Rscript /home/italo/LSD/Work/model_jeec/Data_analysis/Base_scen/init_cond/get_init.R S3 /home/italo/LSD/Work/model_jeec/Data_analysis/Base_scen/init_cond/# A tibble: 1 x 19
     gss    uT     A      S    INV     L      P     w     Df  etaf   nwB      B
   <dbl> <dbl> <dbl>  <dbl>  <dbl> <dbl>  <dbl> <dbl>  <dbl> <dbl> <dbl>  <dbl>
1 0.0302  0.80  6.12 5.33e5 1.07e5 30000 0.0697 0.294 28206. 0.286 3855. 18652.
# … with 7 more variables: Bh <dbl>, Bb <dbl>, Dh <dbl>, spread <dbl>,
#   tau1 <dbl>, V <dbl>, alpha2 <dbl>

R code successfully run...
Simulation 54 of 100 finished at t = 520 (60.77 sec.)
Saving results in file /home/italo/LSD/Work/model_jeec/Data_analysis/Base_scen/S3_254.res.gz... Done

Simulation 55 of 100 running...
Command sent to system was: Rscript /home/italo/LSD/Work/model_jeec/Data_analysis/Base_scen/init_cond/get_init.R S3 /home/italo/LSD/Work/model_jeec/Data_analysis/Base_scen/init_cond/# A tibble: 1 x 19
     gss    uT     A      S    INV     L      P     w     Df  etaf   nwB      B
   <dbl> <dbl> <dbl>  <dbl>  <dbl> <dbl>  <dbl> <dbl>  <dbl> <dbl> <dbl>  <dbl>
1 0.0302  0.80  6.12 5.33e5 1.07e5 30000 0.0697 0.294 28206. 0.286 3855. 18652.
# … with 7 more variables: Bh <dbl>, Bb <dbl>, Dh <dbl>, spread <dbl>,
#   tau1 <dbl>, V <dbl>, alpha2 <dbl>

R code successfully run...
Simulation 55 of 100 finished at t = 520 (56.74 sec.)
Saving results in file /home/italo/LSD/Work/model_jeec/Data_analysis/Base_scen/S3_255.res.gz... Done

Simulation 56 of 100 running...
Command sent to system was: Rscript /home/italo/LSD/Work/model_jeec/Data_analysis/Base_scen/init_cond/get_init.R S3 /home/italo/LSD/Work/model_jeec/Data_analysis/Base_scen/init_cond/# A tibble: 1 x 19
     gss    uT     A      S    INV     L      P     w     Df  etaf   nwB      B
   <dbl> <dbl> <dbl>  <dbl>  <dbl> <dbl>  <dbl> <dbl>  <dbl> <dbl> <dbl>  <dbl>
1 0.0302  0.80  6.12 5.33e5 1.07e5 30000 0.0697 0.294 28206. 0.286 3855. 18652.
# … with 7 more variables: Bh <dbl>, Bb <dbl>, Dh <dbl>, spread <dbl>,
#   tau1 <dbl>, V <dbl>, alpha2 <dbl>

R code successfully run...
Simulation 56 of 100 finished at t = 520 (52.81 sec.)
Saving results in file /home/italo/LSD/Work/model_jeec/Data_analysis/Base_scen/S3_256.res.gz... Done

Simulation 57 of 100 running...
Command sent to system was: Rscript /home/italo/LSD/Work/model_jeec/Data_analysis/Base_scen/init_cond/get_init.R S3 /home/italo/LSD/Work/model_jeec/Data_analysis/Base_scen/init_cond/# A tibble: 1 x 19
     gss    uT     A      S    INV     L      P     w     Df  etaf   nwB      B
   <dbl> <dbl> <dbl>  <dbl>  <dbl> <dbl>  <dbl> <dbl>  <dbl> <dbl> <dbl>  <dbl>
1 0.0302  0.80  6.12 5.33e5 1.07e5 30000 0.0697 0.294 28206. 0.286 3855. 18652.
# … with 7 more variables: Bh <dbl>, Bb <dbl>, Dh <dbl>, spread <dbl>,
#   tau1 <dbl>, V <dbl>, alpha2 <dbl>

R code successfully run...
Simulation 57 of 100 finished at t = 520 (56.49 sec.)
Saving results in file /home/italo/LSD/Work/model_jeec/Data_analysis/Base_scen/S3_257.res.gz... Done

Simulation 58 of 100 running...
Command sent to system was: Rscript /home/italo/LSD/Work/model_jeec/Data_analysis/Base_scen/init_cond/get_init.R S3 /home/italo/LSD/Work/model_jeec/Data_analysis/Base_scen/init_cond/# A tibble: 1 x 19
     gss    uT     A      S    INV     L      P     w     Df  etaf   nwB      B
   <dbl> <dbl> <dbl>  <dbl>  <dbl> <dbl>  <dbl> <dbl>  <dbl> <dbl> <dbl>  <dbl>
1 0.0302  0.80  6.12 5.33e5 1.07e5 30000 0.0697 0.294 28206. 0.286 3855. 18652.
# … with 7 more variables: Bh <dbl>, Bb <dbl>, Dh <dbl>, spread <dbl>,
#   tau1 <dbl>, V <dbl>, alpha2 <dbl>

R code successfully run...
Simulation 58 of 100 finished at t = 520 (66.01 sec.)
Saving results in file /home/italo/LSD/Work/model_jeec/Data_analysis/Base_scen/S3_258.res.gz... Done

Simulation 59 of 100 running...
Command sent to system was: Rscript /home/italo/LSD/Work/model_jeec/Data_analysis/Base_scen/init_cond/get_init.R S3 /home/italo/LSD/Work/model_jeec/Data_analysis/Base_scen/init_cond/# A tibble: 1 x 19
     gss    uT     A      S    INV     L      P     w     Df  etaf   nwB      B
   <dbl> <dbl> <dbl>  <dbl>  <dbl> <dbl>  <dbl> <dbl>  <dbl> <dbl> <dbl>  <dbl>
1 0.0302  0.80  6.12 5.33e5 1.07e5 30000 0.0697 0.294 28206. 0.286 3855. 18652.
# … with 7 more variables: Bh <dbl>, Bb <dbl>, Dh <dbl>, spread <dbl>,
#   tau1 <dbl>, V <dbl>, alpha2 <dbl>

R code successfully run...
Simulation 59 of 100 finished at t = 520 (58.77 sec.)
Saving results in file /home/italo/LSD/Work/model_jeec/Data_analysis/Base_scen/S3_259.res.gz... Done

Simulation 60 of 100 running...
Command sent to system was: Rscript /home/italo/LSD/Work/model_jeec/Data_analysis/Base_scen/init_cond/get_init.R S3 /home/italo/LSD/Work/model_jeec/Data_analysis/Base_scen/init_cond/# A tibble: 1 x 19
     gss    uT     A      S    INV     L      P     w     Df  etaf   nwB      B
   <dbl> <dbl> <dbl>  <dbl>  <dbl> <dbl>  <dbl> <dbl>  <dbl> <dbl> <dbl>  <dbl>
1 0.0302  0.80  6.12 5.33e5 1.07e5 30000 0.0697 0.294 28206. 0.286 3855. 18652.
# … with 7 more variables: Bh <dbl>, Bb <dbl>, Dh <dbl>, spread <dbl>,
#   tau1 <dbl>, V <dbl>, alpha2 <dbl>

R code successfully run...
Simulation 60 of 100 finished at t = 520 (59.98 sec.)
Saving results in file /home/italo/LSD/Work/model_jeec/Data_analysis/Base_scen/S3_260.res.gz... Done

Simulation 61 of 100 running...
Command sent to system was: Rscript /home/italo/LSD/Work/model_jeec/Data_analysis/Base_scen/init_cond/get_init.R S3 /home/italo/LSD/Work/model_jeec/Data_analysis/Base_scen/init_cond/# A tibble: 1 x 19
     gss    uT     A      S    INV     L      P     w     Df  etaf   nwB      B
   <dbl> <dbl> <dbl>  <dbl>  <dbl> <dbl>  <dbl> <dbl>  <dbl> <dbl> <dbl>  <dbl>
1 0.0302  0.80  6.12 5.33e5 1.07e5 30000 0.0697 0.294 28206. 0.286 3855. 18652.
# … with 7 more variables: Bh <dbl>, Bb <dbl>, Dh <dbl>, spread <dbl>,
#   tau1 <dbl>, V <dbl>, alpha2 <dbl>

R code successfully run...
Simulation 61 of 100 finished at t = 520 (60.30 sec.)
Saving results in file /home/italo/LSD/Work/model_jeec/Data_analysis/Base_scen/S3_261.res.gz... Done

Simulation 62 of 100 running...
Command sent to system was: Rscript /home/italo/LSD/Work/model_jeec/Data_analysis/Base_scen/init_cond/get_init.R S3 /home/italo/LSD/Work/model_jeec/Data_analysis/Base_scen/init_cond/# A tibble: 1 x 19
     gss    uT     A      S    INV     L      P     w     Df  etaf   nwB      B
   <dbl> <dbl> <dbl>  <dbl>  <dbl> <dbl>  <dbl> <dbl>  <dbl> <dbl> <dbl>  <dbl>
1 0.0302  0.80  6.12 5.33e5 1.07e5 30000 0.0697 0.294 28206. 0.286 3855. 18652.
# … with 7 more variables: Bh <dbl>, Bb <dbl>, Dh <dbl>, spread <dbl>,
#   tau1 <dbl>, V <dbl>, alpha2 <dbl>

R code successfully run...
Simulation 62 of 100 finished at t = 520 (67.55 sec.)
Saving results in file /home/italo/LSD/Work/model_jeec/Data_analysis/Base_scen/S3_262.res.gz... Done

Simulation 63 of 100 running...
Command sent to system was: Rscript /home/italo/LSD/Work/model_jeec/Data_analysis/Base_scen/init_cond/get_init.R S3 /home/italo/LSD/Work/model_jeec/Data_analysis/Base_scen/init_cond/# A tibble: 1 x 19
     gss    uT     A      S    INV     L      P     w     Df  etaf   nwB      B
   <dbl> <dbl> <dbl>  <dbl>  <dbl> <dbl>  <dbl> <dbl>  <dbl> <dbl> <dbl>  <dbl>
1 0.0302  0.80  6.12 5.33e5 1.07e5 30000 0.0697 0.294 28206. 0.286 3855. 18652.
# … with 7 more variables: Bh <dbl>, Bb <dbl>, Dh <dbl>, spread <dbl>,
#   tau1 <dbl>, V <dbl>, alpha2 <dbl>

R code successfully run...
Simulation 63 of 100 finished at t = 520 (50.90 sec.)
Saving results in file /home/italo/LSD/Work/model_jeec/Data_analysis/Base_scen/S3_263.res.gz... Done

Simulation 64 of 100 running...
Command sent to system was: Rscript /home/italo/LSD/Work/model_jeec/Data_analysis/Base_scen/init_cond/get_init.R S3 /home/italo/LSD/Work/model_jeec/Data_analysis/Base_scen/init_cond/# A tibble: 1 x 19
     gss    uT     A      S    INV     L      P     w     Df  etaf   nwB      B
   <dbl> <dbl> <dbl>  <dbl>  <dbl> <dbl>  <dbl> <dbl>  <dbl> <dbl> <dbl>  <dbl>
1 0.0302  0.80  6.12 5.33e5 1.07e5 30000 0.0697 0.294 28206. 0.286 3855. 18652.
# … with 7 more variables: Bh <dbl>, Bb <dbl>, Dh <dbl>, spread <dbl>,
#   tau1 <dbl>, V <dbl>, alpha2 <dbl>

R code successfully run...
Simulation 64 of 100 finished at t = 520 (54.91 sec.)
Saving results in file /home/italo/LSD/Work/model_jeec/Data_analysis/Base_scen/S3_264.res.gz... Done

Simulation 65 of 100 running...
Command sent to system was: Rscript /home/italo/LSD/Work/model_jeec/Data_analysis/Base_scen/init_cond/get_init.R S3 /home/italo/LSD/Work/model_jeec/Data_analysis/Base_scen/init_cond/# A tibble: 1 x 19
     gss    uT     A      S    INV     L      P     w     Df  etaf   nwB      B
   <dbl> <dbl> <dbl>  <dbl>  <dbl> <dbl>  <dbl> <dbl>  <dbl> <dbl> <dbl>  <dbl>
1 0.0302  0.80  6.12 5.33e5 1.07e5 30000 0.0697 0.294 28206. 0.286 3855. 18652.
# … with 7 more variables: Bh <dbl>, Bb <dbl>, Dh <dbl>, spread <dbl>,
#   tau1 <dbl>, V <dbl>, alpha2 <dbl>

R code successfully run...
Simulation 65 of 100 finished at t = 520 (61.08 sec.)
Saving results in file /home/italo/LSD/Work/model_jeec/Data_analysis/Base_scen/S3_265.res.gz... Done

Simulation 66 of 100 running...
Command sent to system was: Rscript /home/italo/LSD/Work/model_jeec/Data_analysis/Base_scen/init_cond/get_init.R S3 /home/italo/LSD/Work/model_jeec/Data_analysis/Base_scen/init_cond/# A tibble: 1 x 19
     gss    uT     A      S    INV     L      P     w     Df  etaf   nwB      B
   <dbl> <dbl> <dbl>  <dbl>  <dbl> <dbl>  <dbl> <dbl>  <dbl> <dbl> <dbl>  <dbl>
1 0.0302  0.80  6.12 5.33e5 1.07e5 30000 0.0697 0.294 28206. 0.286 3855. 18652.
# … with 7 more variables: Bh <dbl>, Bb <dbl>, Dh <dbl>, spread <dbl>,
#   tau1 <dbl>, V <dbl>, alpha2 <dbl>

R code successfully run...
Simulation 66 of 100 finished at t = 520 (56.46 sec.)
Saving results in file /home/italo/LSD/Work/model_jeec/Data_analysis/Base_scen/S3_266.res.gz... Done

Simulation 67 of 100 running...
Command sent to system was: Rscript /home/italo/LSD/Work/model_jeec/Data_analysis/Base_scen/init_cond/get_init.R S3 /home/italo/LSD/Work/model_jeec/Data_analysis/Base_scen/init_cond/# A tibble: 1 x 19
     gss    uT     A      S    INV     L      P     w     Df  etaf   nwB      B
   <dbl> <dbl> <dbl>  <dbl>  <dbl> <dbl>  <dbl> <dbl>  <dbl> <dbl> <dbl>  <dbl>
1 0.0302  0.80  6.12 5.33e5 1.07e5 30000 0.0697 0.294 28206. 0.286 3855. 18652.
# … with 7 more variables: Bh <dbl>, Bb <dbl>, Dh <dbl>, spread <dbl>,
#   tau1 <dbl>, V <dbl>, alpha2 <dbl>

R code successfully run...
Simulation 67 of 100 finished at t = 520 (51.07 sec.)
Saving results in file /home/italo/LSD/Work/model_jeec/Data_analysis/Base_scen/S3_267.res.gz... Done

Simulation 68 of 100 running...
Command sent to system was: Rscript /home/italo/LSD/Work/model_jeec/Data_analysis/Base_scen/init_cond/get_init.R S3 /home/italo/LSD/Work/model_jeec/Data_analysis/Base_scen/init_cond/# A tibble: 1 x 19
     gss    uT     A      S    INV     L      P     w     Df  etaf   nwB      B
   <dbl> <dbl> <dbl>  <dbl>  <dbl> <dbl>  <dbl> <dbl>  <dbl> <dbl> <dbl>  <dbl>
1 0.0302  0.80  6.12 5.33e5 1.07e5 30000 0.0697 0.294 28206. 0.286 3855. 18652.
# … with 7 more variables: Bh <dbl>, Bb <dbl>, Dh <dbl>, spread <dbl>,
#   tau1 <dbl>, V <dbl>, alpha2 <dbl>

R code successfully run...
Simulation 68 of 100 finished at t = 520 (52.41 sec.)
Saving results in file /home/italo/LSD/Work/model_jeec/Data_analysis/Base_scen/S3_268.res.gz... Done

Simulation 69 of 100 running...
Command sent to system was: Rscript /home/italo/LSD/Work/model_jeec/Data_analysis/Base_scen/init_cond/get_init.R S3 /home/italo/LSD/Work/model_jeec/Data_analysis/Base_scen/init_cond/# A tibble: 1 x 19
     gss    uT     A      S    INV     L      P     w     Df  etaf   nwB      B
   <dbl> <dbl> <dbl>  <dbl>  <dbl> <dbl>  <dbl> <dbl>  <dbl> <dbl> <dbl>  <dbl>
1 0.0302  0.80  6.12 5.33e5 1.07e5 30000 0.0697 0.294 28206. 0.286 3855. 18652.
# … with 7 more variables: Bh <dbl>, Bb <dbl>, Dh <dbl>, spread <dbl>,
#   tau1 <dbl>, V <dbl>, alpha2 <dbl>

R code successfully run...
Simulation 69 of 100 finished at t = 520 (51.82 sec.)
Saving results in file /home/italo/LSD/Work/model_jeec/Data_analysis/Base_scen/S3_269.res.gz... Done

Simulation 70 of 100 running...
Command sent to system was: Rscript /home/italo/LSD/Work/model_jeec/Data_analysis/Base_scen/init_cond/get_init.R S3 /home/italo/LSD/Work/model_jeec/Data_analysis/Base_scen/init_cond/# A tibble: 1 x 19
     gss    uT     A      S    INV     L      P     w     Df  etaf   nwB      B
   <dbl> <dbl> <dbl>  <dbl>  <dbl> <dbl>  <dbl> <dbl>  <dbl> <dbl> <dbl>  <dbl>
1 0.0302  0.80  6.12 5.33e5 1.07e5 30000 0.0697 0.294 28206. 0.286 3855. 18652.
# … with 7 more variables: Bh <dbl>, Bb <dbl>, Dh <dbl>, spread <dbl>,
#   tau1 <dbl>, V <dbl>, alpha2 <dbl>

R code successfully run...
Simulation 70 of 100 finished at t = 520 (52.08 sec.)
Saving results in file /home/italo/LSD/Work/model_jeec/Data_analysis/Base_scen/S3_270.res.gz... Done

Simulation 71 of 100 running...
Command sent to system was: Rscript /home/italo/LSD/Work/model_jeec/Data_analysis/Base_scen/init_cond/get_init.R S3 /home/italo/LSD/Work/model_jeec/Data_analysis/Base_scen/init_cond/# A tibble: 1 x 19
     gss    uT     A      S    INV     L      P     w     Df  etaf   nwB      B
   <dbl> <dbl> <dbl>  <dbl>  <dbl> <dbl>  <dbl> <dbl>  <dbl> <dbl> <dbl>  <dbl>
1 0.0302  0.80  6.12 5.33e5 1.07e5 30000 0.0697 0.294 28206. 0.286 3855. 18652.
# … with 7 more variables: Bh <dbl>, Bb <dbl>, Dh <dbl>, spread <dbl>,
#   tau1 <dbl>, V <dbl>, alpha2 <dbl>

R code successfully run...
Simulation 71 of 100 finished at t = 520 (59.16 sec.)
Saving results in file /home/italo/LSD/Work/model_jeec/Data_analysis/Base_scen/S3_271.res.gz... Done

Simulation 72 of 100 running...
Command sent to system was: Rscript /home/italo/LSD/Work/model_jeec/Data_analysis/Base_scen/init_cond/get_init.R S3 /home/italo/LSD/Work/model_jeec/Data_analysis/Base_scen/init_cond/# A tibble: 1 x 19
     gss    uT     A      S    INV     L      P     w     Df  etaf   nwB      B
   <dbl> <dbl> <dbl>  <dbl>  <dbl> <dbl>  <dbl> <dbl>  <dbl> <dbl> <dbl>  <dbl>
1 0.0302  0.80  6.12 5.33e5 1.07e5 30000 0.0697 0.294 28206. 0.286 3855. 18652.
# … with 7 more variables: Bh <dbl>, Bb <dbl>, Dh <dbl>, spread <dbl>,
#   tau1 <dbl>, V <dbl>, alpha2 <dbl>

R code successfully run...
Simulation 72 of 100 finished at t = 520 (54.53 sec.)
Saving results in file /home/italo/LSD/Work/model_jeec/Data_analysis/Base_scen/S3_272.res.gz... Done

Simulation 73 of 100 running...
Command sent to system was: Rscript /home/italo/LSD/Work/model_jeec/Data_analysis/Base_scen/init_cond/get_init.R S3 /home/italo/LSD/Work/model_jeec/Data_analysis/Base_scen/init_cond/# A tibble: 1 x 19
     gss    uT     A      S    INV     L      P     w     Df  etaf   nwB      B
   <dbl> <dbl> <dbl>  <dbl>  <dbl> <dbl>  <dbl> <dbl>  <dbl> <dbl> <dbl>  <dbl>
1 0.0302  0.80  6.12 5.33e5 1.07e5 30000 0.0697 0.294 28206. 0.286 3855. 18652.
# … with 7 more variables: Bh <dbl>, Bb <dbl>, Dh <dbl>, spread <dbl>,
#   tau1 <dbl>, V <dbl>, alpha2 <dbl>

R code successfully run...
Simulation 73 of 100 finished at t = 520 (61.31 sec.)
Saving results in file /home/italo/LSD/Work/model_jeec/Data_analysis/Base_scen/S3_273.res.gz... Done

Simulation 74 of 100 running...
Command sent to system was: Rscript /home/italo/LSD/Work/model_jeec/Data_analysis/Base_scen/init_cond/get_init.R S3 /home/italo/LSD/Work/model_jeec/Data_analysis/Base_scen/init_cond/# A tibble: 1 x 19
     gss    uT     A      S    INV     L      P     w     Df  etaf   nwB      B
   <dbl> <dbl> <dbl>  <dbl>  <dbl> <dbl>  <dbl> <dbl>  <dbl> <dbl> <dbl>  <dbl>
1 0.0302  0.80  6.12 5.33e5 1.07e5 30000 0.0697 0.294 28206. 0.286 3855. 18652.
# … with 7 more variables: Bh <dbl>, Bb <dbl>, Dh <dbl>, spread <dbl>,
#   tau1 <dbl>, V <dbl>, alpha2 <dbl>

R code successfully run...
Simulation 74 of 100 finished at t = 520 (51.70 sec.)
Saving results in file /home/italo/LSD/Work/model_jeec/Data_analysis/Base_scen/S3_274.res.gz... Done

Simulation 75 of 100 running...
Command sent to system was: Rscript /home/italo/LSD/Work/model_jeec/Data_analysis/Base_scen/init_cond/get_init.R S3 /home/italo/LSD/Work/model_jeec/Data_analysis/Base_scen/init_cond/# A tibble: 1 x 19
     gss    uT     A      S    INV     L      P     w     Df  etaf   nwB      B
   <dbl> <dbl> <dbl>  <dbl>  <dbl> <dbl>  <dbl> <dbl>  <dbl> <dbl> <dbl>  <dbl>
1 0.0302  0.80  6.12 5.33e5 1.07e5 30000 0.0697 0.294 28206. 0.286 3855. 18652.
# … with 7 more variables: Bh <dbl>, Bb <dbl>, Dh <dbl>, spread <dbl>,
#   tau1 <dbl>, V <dbl>, alpha2 <dbl>

R code successfully run...
Simulation 75 of 100 finished at t = 520 (57.94 sec.)
Saving results in file /home/italo/LSD/Work/model_jeec/Data_analysis/Base_scen/S3_275.res.gz... Done

Simulation 76 of 100 running...
Command sent to system was: Rscript /home/italo/LSD/Work/model_jeec/Data_analysis/Base_scen/init_cond/get_init.R S3 /home/italo/LSD/Work/model_jeec/Data_analysis/Base_scen/init_cond/# A tibble: 1 x 19
     gss    uT     A      S    INV     L      P     w     Df  etaf   nwB      B
   <dbl> <dbl> <dbl>  <dbl>  <dbl> <dbl>  <dbl> <dbl>  <dbl> <dbl> <dbl>  <dbl>
1 0.0302  0.80  6.12 5.33e5 1.07e5 30000 0.0697 0.294 28206. 0.286 3855. 18652.
# … with 7 more variables: Bh <dbl>, Bb <dbl>, Dh <dbl>, spread <dbl>,
#   tau1 <dbl>, V <dbl>, alpha2 <dbl>

R code successfully run...
Simulation 76 of 100 finished at t = 520 (66.76 sec.)
Saving results in file /home/italo/LSD/Work/model_jeec/Data_analysis/Base_scen/S3_276.res.gz... Done

Simulation 77 of 100 running...
Command sent to system was: Rscript /home/italo/LSD/Work/model_jeec/Data_analysis/Base_scen/init_cond/get_init.R S3 /home/italo/LSD/Work/model_jeec/Data_analysis/Base_scen/init_cond/# A tibble: 1 x 19
     gss    uT     A      S    INV     L      P     w     Df  etaf   nwB      B
   <dbl> <dbl> <dbl>  <dbl>  <dbl> <dbl>  <dbl> <dbl>  <dbl> <dbl> <dbl>  <dbl>
1 0.0302  0.80  6.12 5.33e5 1.07e5 30000 0.0697 0.294 28206. 0.286 3855. 18652.
# … with 7 more variables: Bh <dbl>, Bb <dbl>, Dh <dbl>, spread <dbl>,
#   tau1 <dbl>, V <dbl>, alpha2 <dbl>

R code successfully run...
Simulation 77 of 100 finished at t = 520 (57.97 sec.)
Saving results in file /home/italo/LSD/Work/model_jeec/Data_analysis/Base_scen/S3_277.res.gz... Done

Simulation 78 of 100 running...
Command sent to system was: Rscript /home/italo/LSD/Work/model_jeec/Data_analysis/Base_scen/init_cond/get_init.R S3 /home/italo/LSD/Work/model_jeec/Data_analysis/Base_scen/init_cond/# A tibble: 1 x 19
     gss    uT     A      S    INV     L      P     w     Df  etaf   nwB      B
   <dbl> <dbl> <dbl>  <dbl>  <dbl> <dbl>  <dbl> <dbl>  <dbl> <dbl> <dbl>  <dbl>
1 0.0302  0.80  6.12 5.33e5 1.07e5 30000 0.0697 0.294 28206. 0.286 3855. 18652.
# … with 7 more variables: Bh <dbl>, Bb <dbl>, Dh <dbl>, spread <dbl>,
#   tau1 <dbl>, V <dbl>, alpha2 <dbl>

R code successfully run...
Simulation 78 of 100 finished at t = 520 (53.72 sec.)
Saving results in file /home/italo/LSD/Work/model_jeec/Data_analysis/Base_scen/S3_278.res.gz... Done

Simulation 79 of 100 running...
Command sent to system was: Rscript /home/italo/LSD/Work/model_jeec/Data_analysis/Base_scen/init_cond/get_init.R S3 /home/italo/LSD/Work/model_jeec/Data_analysis/Base_scen/init_cond/# A tibble: 1 x 19
     gss    uT     A      S    INV     L      P     w     Df  etaf   nwB      B
   <dbl> <dbl> <dbl>  <dbl>  <dbl> <dbl>  <dbl> <dbl>  <dbl> <dbl> <dbl>  <dbl>
1 0.0302  0.80  6.12 5.33e5 1.07e5 30000 0.0697 0.294 28206. 0.286 3855. 18652.
# … with 7 more variables: Bh <dbl>, Bb <dbl>, Dh <dbl>, spread <dbl>,
#   tau1 <dbl>, V <dbl>, alpha2 <dbl>

R code successfully run...
Simulation 79 of 100 finished at t = 520 (53.96 sec.)
Saving results in file /home/italo/LSD/Work/model_jeec/Data_analysis/Base_scen/S3_279.res.gz... Done

Simulation 80 of 100 running...
Command sent to system was: Rscript /home/italo/LSD/Work/model_jeec/Data_analysis/Base_scen/init_cond/get_init.R S3 /home/italo/LSD/Work/model_jeec/Data_analysis/Base_scen/init_cond/# A tibble: 1 x 19
     gss    uT     A      S    INV     L      P     w     Df  etaf   nwB      B
   <dbl> <dbl> <dbl>  <dbl>  <dbl> <dbl>  <dbl> <dbl>  <dbl> <dbl> <dbl>  <dbl>
1 0.0302  0.80  6.12 5.33e5 1.07e5 30000 0.0697 0.294 28206. 0.286 3855. 18652.
# … with 7 more variables: Bh <dbl>, Bb <dbl>, Dh <dbl>, spread <dbl>,
#   tau1 <dbl>, V <dbl>, alpha2 <dbl>

R code successfully run...
Simulation 80 of 100 finished at t = 520 (57.38 sec.)
Saving results in file /home/italo/LSD/Work/model_jeec/Data_analysis/Base_scen/S3_280.res.gz... Done

Simulation 81 of 100 running...
Command sent to system was: Rscript /home/italo/LSD/Work/model_jeec/Data_analysis/Base_scen/init_cond/get_init.R S3 /home/italo/LSD/Work/model_jeec/Data_analysis/Base_scen/init_cond/# A tibble: 1 x 19
     gss    uT     A      S    INV     L      P     w     Df  etaf   nwB      B
   <dbl> <dbl> <dbl>  <dbl>  <dbl> <dbl>  <dbl> <dbl>  <dbl> <dbl> <dbl>  <dbl>
1 0.0302  0.80  6.12 5.33e5 1.07e5 30000 0.0697 0.294 28206. 0.286 3855. 18652.
# … with 7 more variables: Bh <dbl>, Bb <dbl>, Dh <dbl>, spread <dbl>,
#   tau1 <dbl>, V <dbl>, alpha2 <dbl>

R code successfully run...
Simulation 81 of 100 finished at t = 520 (56.20 sec.)
Saving results in file /home/italo/LSD/Work/model_jeec/Data_analysis/Base_scen/S3_281.res.gz... Done

Simulation 82 of 100 running...
Command sent to system was: Rscript /home/italo/LSD/Work/model_jeec/Data_analysis/Base_scen/init_cond/get_init.R S3 /home/italo/LSD/Work/model_jeec/Data_analysis/Base_scen/init_cond/# A tibble: 1 x 19
     gss    uT     A      S    INV     L      P     w     Df  etaf   nwB      B
   <dbl> <dbl> <dbl>  <dbl>  <dbl> <dbl>  <dbl> <dbl>  <dbl> <dbl> <dbl>  <dbl>
1 0.0302  0.80  6.12 5.33e5 1.07e5 30000 0.0697 0.294 28206. 0.286 3855. 18652.
# … with 7 more variables: Bh <dbl>, Bb <dbl>, Dh <dbl>, spread <dbl>,
#   tau1 <dbl>, V <dbl>, alpha2 <dbl>

R code successfully run...
Simulation 82 of 100 finished at t = 520 (56.66 sec.)
Saving results in file /home/italo/LSD/Work/model_jeec/Data_analysis/Base_scen/S3_282.res.gz... Done

Simulation 83 of 100 running...
Command sent to system was: Rscript /home/italo/LSD/Work/model_jeec/Data_analysis/Base_scen/init_cond/get_init.R S3 /home/italo/LSD/Work/model_jeec/Data_analysis/Base_scen/init_cond/# A tibble: 1 x 19
     gss    uT     A      S    INV     L      P     w     Df  etaf   nwB      B
   <dbl> <dbl> <dbl>  <dbl>  <dbl> <dbl>  <dbl> <dbl>  <dbl> <dbl> <dbl>  <dbl>
1 0.0302  0.80  6.12 5.33e5 1.07e5 30000 0.0697 0.294 28206. 0.286 3855. 18652.
# … with 7 more variables: Bh <dbl>, Bb <dbl>, Dh <dbl>, spread <dbl>,
#   tau1 <dbl>, V <dbl>, alpha2 <dbl>

R code successfully run...
Simulation 83 of 100 finished at t = 520 (54.68 sec.)
Saving results in file /home/italo/LSD/Work/model_jeec/Data_analysis/Base_scen/S3_283.res.gz... Done

Simulation 84 of 100 running...
Command sent to system was: Rscript /home/italo/LSD/Work/model_jeec/Data_analysis/Base_scen/init_cond/get_init.R S3 /home/italo/LSD/Work/model_jeec/Data_analysis/Base_scen/init_cond/# A tibble: 1 x 19
     gss    uT     A      S    INV     L      P     w     Df  etaf   nwB      B
   <dbl> <dbl> <dbl>  <dbl>  <dbl> <dbl>  <dbl> <dbl>  <dbl> <dbl> <dbl>  <dbl>
1 0.0302  0.80  6.12 5.33e5 1.07e5 30000 0.0697 0.294 28206. 0.286 3855. 18652.
# … with 7 more variables: Bh <dbl>, Bb <dbl>, Dh <dbl>, spread <dbl>,
#   tau1 <dbl>, V <dbl>, alpha2 <dbl>

R code successfully run...
Simulation 84 of 100 finished at t = 520 (58.02 sec.)
Saving results in file /home/italo/LSD/Work/model_jeec/Data_analysis/Base_scen/S3_284.res.gz... Done

Simulation 85 of 100 running...
Command sent to system was: Rscript /home/italo/LSD/Work/model_jeec/Data_analysis/Base_scen/init_cond/get_init.R S3 /home/italo/LSD/Work/model_jeec/Data_analysis/Base_scen/init_cond/# A tibble: 1 x 19
     gss    uT     A      S    INV     L      P     w     Df  etaf   nwB      B
   <dbl> <dbl> <dbl>  <dbl>  <dbl> <dbl>  <dbl> <dbl>  <dbl> <dbl> <dbl>  <dbl>
1 0.0302  0.80  6.12 5.33e5 1.07e5 30000 0.0697 0.294 28206. 0.286 3855. 18652.
# … with 7 more variables: Bh <dbl>, Bb <dbl>, Dh <dbl>, spread <dbl>,
#   tau1 <dbl>, V <dbl>, alpha2 <dbl>

R code successfully run...
Simulation 85 of 100 finished at t = 520 (56.24 sec.)
Saving results in file /home/italo/LSD/Work/model_jeec/Data_analysis/Base_scen/S3_285.res.gz... Done

Simulation 86 of 100 running...
Command sent to system was: Rscript /home/italo/LSD/Work/model_jeec/Data_analysis/Base_scen/init_cond/get_init.R S3 /home/italo/LSD/Work/model_jeec/Data_analysis/Base_scen/init_cond/# A tibble: 1 x 19
     gss    uT     A      S    INV     L      P     w     Df  etaf   nwB      B
   <dbl> <dbl> <dbl>  <dbl>  <dbl> <dbl>  <dbl> <dbl>  <dbl> <dbl> <dbl>  <dbl>
1 0.0302  0.80  6.12 5.33e5 1.07e5 30000 0.0697 0.294 28206. 0.286 3855. 18652.
# … with 7 more variables: Bh <dbl>, Bb <dbl>, Dh <dbl>, spread <dbl>,
#   tau1 <dbl>, V <dbl>, alpha2 <dbl>

R code successfully run...
Simulation 86 of 100 finished at t = 520 (59.07 sec.)
Saving results in file /home/italo/LSD/Work/model_jeec/Data_analysis/Base_scen/S3_286.res.gz... Done

Simulation 87 of 100 running...
Command sent to system was: Rscript /home/italo/LSD/Work/model_jeec/Data_analysis/Base_scen/init_cond/get_init.R S3 /home/italo/LSD/Work/model_jeec/Data_analysis/Base_scen/init_cond/# A tibble: 1 x 19
     gss    uT     A      S    INV     L      P     w     Df  etaf   nwB      B
   <dbl> <dbl> <dbl>  <dbl>  <dbl> <dbl>  <dbl> <dbl>  <dbl> <dbl> <dbl>  <dbl>
1 0.0302  0.80  6.12 5.33e5 1.07e5 30000 0.0697 0.294 28206. 0.286 3855. 18652.
# … with 7 more variables: Bh <dbl>, Bb <dbl>, Dh <dbl>, spread <dbl>,
#   tau1 <dbl>, V <dbl>, alpha2 <dbl>

R code successfully run...
Simulation 87 of 100 finished at t = 520 (57.14 sec.)
Saving results in file /home/italo/LSD/Work/model_jeec/Data_analysis/Base_scen/S3_287.res.gz... Done

Simulation 88 of 100 running...
Command sent to system was: Rscript /home/italo/LSD/Work/model_jeec/Data_analysis/Base_scen/init_cond/get_init.R S3 /home/italo/LSD/Work/model_jeec/Data_analysis/Base_scen/init_cond/# A tibble: 1 x 19
     gss    uT     A      S    INV     L      P     w     Df  etaf   nwB      B
   <dbl> <dbl> <dbl>  <dbl>  <dbl> <dbl>  <dbl> <dbl>  <dbl> <dbl> <dbl>  <dbl>
1 0.0302  0.80  6.12 5.33e5 1.07e5 30000 0.0697 0.294 28206. 0.286 3855. 18652.
# … with 7 more variables: Bh <dbl>, Bb <dbl>, Dh <dbl>, spread <dbl>,
#   tau1 <dbl>, V <dbl>, alpha2 <dbl>

R code successfully run...
Simulation 88 of 100 finished at t = 520 (54.92 sec.)
Saving results in file /home/italo/LSD/Work/model_jeec/Data_analysis/Base_scen/S3_288.res.gz... Done

Simulation 89 of 100 running...
Command sent to system was: Rscript /home/italo/LSD/Work/model_jeec/Data_analysis/Base_scen/init_cond/get_init.R S3 /home/italo/LSD/Work/model_jeec/Data_analysis/Base_scen/init_cond/# A tibble: 1 x 19
     gss    uT     A      S    INV     L      P     w     Df  etaf   nwB      B
   <dbl> <dbl> <dbl>  <dbl>  <dbl> <dbl>  <dbl> <dbl>  <dbl> <dbl> <dbl>  <dbl>
1 0.0302  0.80  6.12 5.33e5 1.07e5 30000 0.0697 0.294 28206. 0.286 3855. 18652.
# … with 7 more variables: Bh <dbl>, Bb <dbl>, Dh <dbl>, spread <dbl>,
#   tau1 <dbl>, V <dbl>, alpha2 <dbl>

R code successfully run...
Simulation 89 of 100 finished at t = 520 (55.13 sec.)
Saving results in file /home/italo/LSD/Work/model_jeec/Data_analysis/Base_scen/S3_289.res.gz... Done

Simulation 90 of 100 running...
Command sent to system was: Rscript /home/italo/LSD/Work/model_jeec/Data_analysis/Base_scen/init_cond/get_init.R S3 /home/italo/LSD/Work/model_jeec/Data_analysis/Base_scen/init_cond/# A tibble: 1 x 19
     gss    uT     A      S    INV     L      P     w     Df  etaf   nwB      B
   <dbl> <dbl> <dbl>  <dbl>  <dbl> <dbl>  <dbl> <dbl>  <dbl> <dbl> <dbl>  <dbl>
1 0.0302  0.80  6.12 5.33e5 1.07e5 30000 0.0697 0.294 28206. 0.286 3855. 18652.
# … with 7 more variables: Bh <dbl>, Bb <dbl>, Dh <dbl>, spread <dbl>,
#   tau1 <dbl>, V <dbl>, alpha2 <dbl>

R code successfully run...
Simulation 90 of 100 finished at t = 520 (55.87 sec.)
Saving results in file /home/italo/LSD/Work/model_jeec/Data_analysis/Base_scen/S3_290.res.gz... Done

Simulation 91 of 100 running...
Command sent to system was: Rscript /home/italo/LSD/Work/model_jeec/Data_analysis/Base_scen/init_cond/get_init.R S3 /home/italo/LSD/Work/model_jeec/Data_analysis/Base_scen/init_cond/# A tibble: 1 x 19
     gss    uT     A      S    INV     L      P     w     Df  etaf   nwB      B
   <dbl> <dbl> <dbl>  <dbl>  <dbl> <dbl>  <dbl> <dbl>  <dbl> <dbl> <dbl>  <dbl>
1 0.0302  0.80  6.12 5.33e5 1.07e5 30000 0.0697 0.294 28206. 0.286 3855. 18652.
# … with 7 more variables: Bh <dbl>, Bb <dbl>, Dh <dbl>, spread <dbl>,
#   tau1 <dbl>, V <dbl>, alpha2 <dbl>

R code successfully run...
Simulation 91 of 100 finished at t = 520 (55.29 sec.)
Saving results in file /home/italo/LSD/Work/model_jeec/Data_analysis/Base_scen/S3_291.res.gz... Done

Simulation 92 of 100 running...
Command sent to system was: Rscript /home/italo/LSD/Work/model_jeec/Data_analysis/Base_scen/init_cond/get_init.R S3 /home/italo/LSD/Work/model_jeec/Data_analysis/Base_scen/init_cond/# A tibble: 1 x 19
     gss    uT     A      S    INV     L      P     w     Df  etaf   nwB      B
   <dbl> <dbl> <dbl>  <dbl>  <dbl> <dbl>  <dbl> <dbl>  <dbl> <dbl> <dbl>  <dbl>
1 0.0302  0.80  6.12 5.33e5 1.07e5 30000 0.0697 0.294 28206. 0.286 3855. 18652.
# … with 7 more variables: Bh <dbl>, Bb <dbl>, Dh <dbl>, spread <dbl>,
#   tau1 <dbl>, V <dbl>, alpha2 <dbl>

R code successfully run...
Simulation 92 of 100 finished at t = 520 (53.70 sec.)
Saving results in file /home/italo/LSD/Work/model_jeec/Data_analysis/Base_scen/S3_292.res.gz... Done

Simulation 93 of 100 running...
Command sent to system was: Rscript /home/italo/LSD/Work/model_jeec/Data_analysis/Base_scen/init_cond/get_init.R S3 /home/italo/LSD/Work/model_jeec/Data_analysis/Base_scen/init_cond/# A tibble: 1 x 19
     gss    uT     A      S    INV     L      P     w     Df  etaf   nwB      B
   <dbl> <dbl> <dbl>  <dbl>  <dbl> <dbl>  <dbl> <dbl>  <dbl> <dbl> <dbl>  <dbl>
1 0.0302  0.80  6.12 5.33e5 1.07e5 30000 0.0697 0.294 28206. 0.286 3855. 18652.
# … with 7 more variables: Bh <dbl>, Bb <dbl>, Dh <dbl>, spread <dbl>,
#   tau1 <dbl>, V <dbl>, alpha2 <dbl>

R code successfully run...
Simulation 93 of 100 finished at t = 520 (53.65 sec.)
Saving results in file /home/italo/LSD/Work/model_jeec/Data_analysis/Base_scen/S3_293.res.gz... Done

Simulation 94 of 100 running...
Command sent to system was: Rscript /home/italo/LSD/Work/model_jeec/Data_analysis/Base_scen/init_cond/get_init.R S3 /home/italo/LSD/Work/model_jeec/Data_analysis/Base_scen/init_cond/# A tibble: 1 x 19
     gss    uT     A      S    INV     L      P     w     Df  etaf   nwB      B
   <dbl> <dbl> <dbl>  <dbl>  <dbl> <dbl>  <dbl> <dbl>  <dbl> <dbl> <dbl>  <dbl>
1 0.0302  0.80  6.12 5.33e5 1.07e5 30000 0.0697 0.294 28206. 0.286 3855. 18652.
# … with 7 more variables: Bh <dbl>, Bb <dbl>, Dh <dbl>, spread <dbl>,
#   tau1 <dbl>, V <dbl>, alpha2 <dbl>

R code successfully run...
Simulation 94 of 100 finished at t = 520 (51.78 sec.)
Saving results in file /home/italo/LSD/Work/model_jeec/Data_analysis/Base_scen/S3_294.res.gz... Done

Simulation 95 of 100 running...
Command sent to system was: Rscript /home/italo/LSD/Work/model_jeec/Data_analysis/Base_scen/init_cond/get_init.R S3 /home/italo/LSD/Work/model_jeec/Data_analysis/Base_scen/init_cond/# A tibble: 1 x 19
     gss    uT     A      S    INV     L      P     w     Df  etaf   nwB      B
   <dbl> <dbl> <dbl>  <dbl>  <dbl> <dbl>  <dbl> <dbl>  <dbl> <dbl> <dbl>  <dbl>
1 0.0302  0.80  6.12 5.33e5 1.07e5 30000 0.0697 0.294 28206. 0.286 3855. 18652.
# … with 7 more variables: Bh <dbl>, Bb <dbl>, Dh <dbl>, spread <dbl>,
#   tau1 <dbl>, V <dbl>, alpha2 <dbl>

R code successfully run...
Simulation 95 of 100 finished at t = 520 (54.72 sec.)
Saving results in file /home/italo/LSD/Work/model_jeec/Data_analysis/Base_scen/S3_295.res.gz... Done

Simulation 96 of 100 running...
Command sent to system was: Rscript /home/italo/LSD/Work/model_jeec/Data_analysis/Base_scen/init_cond/get_init.R S3 /home/italo/LSD/Work/model_jeec/Data_analysis/Base_scen/init_cond/# A tibble: 1 x 19
     gss    uT     A      S    INV     L      P     w     Df  etaf   nwB      B
   <dbl> <dbl> <dbl>  <dbl>  <dbl> <dbl>  <dbl> <dbl>  <dbl> <dbl> <dbl>  <dbl>
1 0.0302  0.80  6.12 5.33e5 1.07e5 30000 0.0697 0.294 28206. 0.286 3855. 18652.
# … with 7 more variables: Bh <dbl>, Bb <dbl>, Dh <dbl>, spread <dbl>,
#   tau1 <dbl>, V <dbl>, alpha2 <dbl>

R code successfully run...
Simulation 96 of 100 finished at t = 520 (54.13 sec.)
Saving results in file /home/italo/LSD/Work/model_jeec/Data_analysis/Base_scen/S3_296.res.gz... Done

Simulation 97 of 100 running...
Command sent to system was: Rscript /home/italo/LSD/Work/model_jeec/Data_analysis/Base_scen/init_cond/get_init.R S3 /home/italo/LSD/Work/model_jeec/Data_analysis/Base_scen/init_cond/# A tibble: 1 x 19
     gss    uT     A      S    INV     L      P     w     Df  etaf   nwB      B
   <dbl> <dbl> <dbl>  <dbl>  <dbl> <dbl>  <dbl> <dbl>  <dbl> <dbl> <dbl>  <dbl>
1 0.0302  0.80  6.12 5.33e5 1.07e5 30000 0.0697 0.294 28206. 0.286 3855. 18652.
# … with 7 more variables: Bh <dbl>, Bb <dbl>, Dh <dbl>, spread <dbl>,
#   tau1 <dbl>, V <dbl>, alpha2 <dbl>

R code successfully run...
Simulation 97 of 100 finished at t = 520 (54.01 sec.)
Saving results in file /home/italo/LSD/Work/model_jeec/Data_analysis/Base_scen/S3_297.res.gz... Done

Simulation 98 of 100 running...
Command sent to system was: Rscript /home/italo/LSD/Work/model_jeec/Data_analysis/Base_scen/init_cond/get_init.R S3 /home/italo/LSD/Work/model_jeec/Data_analysis/Base_scen/init_cond/# A tibble: 1 x 19
     gss    uT     A      S    INV     L      P     w     Df  etaf   nwB      B
   <dbl> <dbl> <dbl>  <dbl>  <dbl> <dbl>  <dbl> <dbl>  <dbl> <dbl> <dbl>  <dbl>
1 0.0302  0.80  6.12 5.33e5 1.07e5 30000 0.0697 0.294 28206. 0.286 3855. 18652.
# … with 7 more variables: Bh <dbl>, Bb <dbl>, Dh <dbl>, spread <dbl>,
#   tau1 <dbl>, V <dbl>, alpha2 <dbl>

R code successfully run...
Simulation 98 of 100 finished at t = 520 (54.14 sec.)
Saving results in file /home/italo/LSD/Work/model_jeec/Data_analysis/Base_scen/S3_298.res.gz... Done

Simulation 99 of 100 running...
Command sent to system was: Rscript /home/italo/LSD/Work/model_jeec/Data_analysis/Base_scen/init_cond/get_init.R S3 /home/italo/LSD/Work/model_jeec/Data_analysis/Base_scen/init_cond/# A tibble: 1 x 19
     gss    uT     A      S    INV     L      P     w     Df  etaf   nwB      B
   <dbl> <dbl> <dbl>  <dbl>  <dbl> <dbl>  <dbl> <dbl>  <dbl> <dbl> <dbl>  <dbl>
1 0.0302  0.80  6.12 5.33e5 1.07e5 30000 0.0697 0.294 28206. 0.286 3855. 18652.
# … with 7 more variables: Bh <dbl>, Bb <dbl>, Dh <dbl>, spread <dbl>,
#   tau1 <dbl>, V <dbl>, alpha2 <dbl>

R code successfully run...
Simulation 99 of 100 finished at t = 520 (57.23 sec.)
Saving results in file /home/italo/LSD/Work/model_jeec/Data_analysis/Base_scen/S3_299.res.gz... Done

Simulation 100 of 100 running...
Command sent to system was: Rscript /home/italo/LSD/Work/model_jeec/Data_analysis/Base_scen/init_cond/get_init.R S3 /home/italo/LSD/Work/model_jeec/Data_analysis/Base_scen/init_cond/# A tibble: 1 x 19
     gss    uT     A      S    INV     L      P     w     Df  etaf   nwB      B
   <dbl> <dbl> <dbl>  <dbl>  <dbl> <dbl>  <dbl> <dbl>  <dbl> <dbl> <dbl>  <dbl>
1 0.0302  0.80  6.12 5.33e5 1.07e5 30000 0.0697 0.294 28206. 0.286 3855. 18652.
# … with 7 more variables: Bh <dbl>, Bb <dbl>, Dh <dbl>, spread <dbl>,
#   tau1 <dbl>, V <dbl>, alpha2 <dbl>

R code successfully run...
Simulation 100 of 100 finished at t = 520 (47.27 sec.)
Saving results in file /home/italo/LSD/Work/model_jeec/Data_analysis/Base_scen/S3_300.res.gz... Done

Saving totals in file /home/italo/LSD/Work/model_jeec/Data_analysis/Base_scen/S3_201_300.tot.gz... Done
